Log file open, 12/01/20 14:56:25
LogInit: Display: Running engine for game: DeathStrikes
LogPlatformFile: Not using cached read wrapper
LogTaskGraph: Started task graph with 5 named threads and 20 total threads with 3 sets of task threads.
LogStats: Stats thread started at 0.292374
LogD3D11RHI: Loaded GFSDK_Aftermath_Lib.x64.dll
LogICUInternationalization: ICU TimeZone Detection - Raw Offset: +10:00, Platform Override: ''
LogPluginManager: Mounting plugin Paper2D
LogPluginManager: Mounting plugin AISupport
LogPluginManager: Mounting plugin LightPropagationVolume
LogPluginManager: Mounting plugin CameraShakePreviewer
LogPluginManager: Mounting plugin ActorLayerUtilities
LogPluginManager: Mounting plugin AnimationSharing
LogPluginManager: Mounting plugin CLionSourceCodeAccess
LogPluginManager: Mounting plugin CodeLiteSourceCodeAccess
LogPluginManager: Mounting plugin GitSourceControl
LogPluginManager: Mounting plugin KDevelopSourceCodeAccess
LogPluginManager: Mounting plugin NullSourceCodeAccess
LogPluginManager: Mounting plugin PerforceSourceControl
LogPluginManager: Mounting plugin PlasticSourceControl
LogPluginManager: Mounting plugin RiderSourceCodeAccess
LogPluginManager: Mounting plugin SubversionSourceControl
LogPluginManager: Mounting plugin UObjectPlugin
LogPluginManager: Mounting plugin VisualStudioCodeSourceCodeAccess
LogPluginManager: Mounting plugin VisualStudioSourceCodeAccess
LogPluginManager: Mounting plugin XCodeSourceCodeAccess
LogPluginManager: Mounting plugin AssetManagerEditor
LogPluginManager: Mounting plugin CryptoKeys
LogPluginManager: Mounting plugin CurveEditorTools
LogPluginManager: Mounting plugin DataValidation
LogPluginManager: Mounting plugin EditorScriptingUtilities
LogPluginManager: Mounting plugin FacialAnimation
LogPluginManager: Mounting plugin GameplayTagsEditor
LogPluginManager: Mounting plugin GeometryMode
LogPluginManager: Mounting plugin MacGraphicsSwitching
LogPluginManager: Mounting plugin MaterialAnalyzer
LogPluginManager: Mounting plugin MobileLauncherProfileWizard
LogPluginManager: Mounting plugin PluginBrowser
LogPluginManager: Mounting plugin SpeedTreeImporter
LogPluginManager: Mounting plugin DatasmithContent
LogPluginManager: Mounting plugin VariantManagerContent
LogPluginManager: Mounting plugin AlembicImporter
LogPluginManager: Mounting plugin AutomationUtils
LogPluginManager: Mounting plugin BackChannel
LogPluginManager: Mounting plugin ChaosCloth
LogPluginManager: Mounting plugin ChaosClothEditor
LogPluginManager: Mounting plugin ChaosEditor
LogPluginManager: Mounting plugin ChaosNiagara
LogPluginManager: Mounting plugin ChaosSolverPlugin
LogPluginManager: Mounting plugin CharacterAI
LogPluginManager: Mounting plugin GeometryCache
LogPluginManager: Mounting plugin GeometryCollectionPlugin
LogPluginManager: Mounting plugin GeometryProcessing
LogPluginManager: Mounting plugin PlanarCut
LogPluginManager: Mounting plugin PlatformCrypto
LogPluginManager: Mounting plugin ProxyLODPlugin
LogPluginManager: Mounting plugin SkeletalReduction
LogPluginManager: Mounting plugin Niagara
LogPluginManager: Mounting plugin MagicLeap
LogPluginManager: Mounting plugin MagicLeapLightEstimation
LogPluginManager: Mounting plugin MagicLeapMedia
LogPluginManager: Mounting plugin MagicLeapPassableWorld
LogPluginManager: Mounting plugin MLSDK
LogPluginManager: Mounting plugin AndroidMedia
LogPluginManager: Mounting plugin AvfMedia
LogPluginManager: Mounting plugin ImgMedia
LogPluginManager: Mounting plugin MediaCompositing
LogPluginManager: Mounting plugin MediaPlayerEditor
LogPluginManager: Mounting plugin WebMMedia
LogPluginManager: Mounting plugin WmfMedia
LogPluginManager: Mounting plugin MeshPainting
LogPluginManager: Mounting plugin TcpMessaging
LogPluginManager: Mounting plugin UdpMessaging
LogPluginManager: Mounting plugin ActorSequence
LogPluginManager: Mounting plugin LevelSequenceEditor
LogPluginManager: Mounting plugin MatineeToLevelSequence
LogPluginManager: Mounting plugin MovieRenderPipeline
LogPluginManager: Mounting plugin TemplateSequence
LogPluginManager: Mounting plugin NetcodeUnitTest
LogPluginManager: Mounting plugin NUTUnrealEngine4
LogPluginManager: Mounting plugin OnlineSubsystemGooglePlay
LogPluginManager: Mounting plugin OnlineSubsystemIOS
LogPluginManager: Mounting plugin OnlineSubsystem
LogPluginManager: Mounting plugin OnlineSubsystemNull
LogPluginManager: Mounting plugin OnlineSubsystemUtils
LogPluginManager: Mounting plugin LauncherChunkInstaller
LogPluginManager: Mounting plugin AndroidDeviceProfileSelector
LogPluginManager: Mounting plugin AndroidMoviePlayer
LogPluginManager: Mounting plugin AndroidPermission
LogPluginManager: Mounting plugin AppleImageUtils
LogPluginManager: Mounting plugin AppleMoviePlayer
LogPluginManager: Mounting plugin ArchVisCharacter
LogPluginManager: Mounting plugin AssetTags
LogPluginManager: Mounting plugin AudioCapture
LogPluginManager: Mounting plugin CableComponent
LogPluginManager: Mounting plugin CustomMeshComponent
LogPluginManager: Mounting plugin EditableMesh
LogPluginManager: Mounting plugin ExampleDeviceProfileSelector
LogPluginManager: Mounting plugin GoogleCloudMessaging
LogPluginManager: Mounting plugin GooglePAD
LogPluginManager: Mounting plugin IOSDeviceProfileSelector
LogPluginManager: Mounting plugin LinuxDeviceProfileSelector
LogPluginManager: Mounting plugin LocationServicesBPLibrary
LogPluginManager: Mounting plugin MobilePatchingUtils
LogPluginManager: Mounting plugin OculusVR
LogPluginManager: Mounting plugin PhysXVehicles
LogPluginManager: Mounting plugin PostSplashScreen
LogPluginManager: Mounting plugin ProceduralMeshComponent
LogPluginManager: Mounting plugin RuntimePhysXCooking
LogPluginManager: Mounting plugin SignificanceManager
LogPluginManager: Mounting plugin SoundFields
LogPluginManager: Mounting plugin SteamVR
LogPluginManager: Mounting plugin Synthesis
LogPluginManager: Mounting plugin WebMMoviePlayer
LogPluginManager: Mounting plugin WindowsMoviePlayer
LogPluginManager: Mounting plugin ScreenshotTools
LogInit: Using libcurl 7.55.1-DEV
LogInit:  - built for x86_64-pc-win32
LogInit:  - supports SSL with OpenSSL/1.1.1
LogInit:  - supports HTTP deflate (compression) using libz 1.2.8
LogInit:  - other features:
LogInit:      CURL_VERSION_SSL
LogInit:      CURL_VERSION_LIBZ
LogInit:      CURL_VERSION_IPV6
LogInit:      CURL_VERSION_ASYNCHDNS
LogInit:      CURL_VERSION_LARGEFILE
LogInit:      CURL_VERSION_IDN
LogInit:  CurlRequestOptions (configurable via config and command line):
LogInit:  - bVerifyPeer = true  - Libcurl will verify peer certificate
LogInit:  - bUseHttpProxy = false  - Libcurl will NOT use HTTP proxy
LogInit:  - bDontReuseConnections = false  - Libcurl will reuse connections
LogInit:  - MaxHostConnections = 16  - Libcurl will limit the number of connections to a host
LogInit:  - LocalHostAddr = Default
LogInit:  - BufferSize = 65536
LogOnline: OSS: Creating online subsystem instance for: NULL
LogInit: WinSock: version 1.1 (2.2), MaxSocks=32767, MaxUdp=65467
LogOnline: OSS: TryLoadSubsystemAndSetDefault: Loaded subsystem for module [NULL]
LogInit: Build: ++UE4+Release-4.25-CL-13942748
LogInit: Engine Version: 4.25.3-13942748+++UE4+Release-4.25
LogInit: Compatible Engine Version: 4.25.0-13144385+++UE4+Release-4.25
LogInit: Net CL: 13144385
LogInit: OS: Windows 10 (Release 1909) (), CPU: Intel(R) Core(TM) i5-9400F CPU @ 2.90GHz, GPU: NVIDIA GeForce RTX 2060
LogInit: Compiled (64-bit): Jul 25 2020 02:07:48
LogInit: Compiled with Visual C++: 19.24.28315.00
LogInit: Build Configuration: Development
LogInit: Branch Name: ++UE4+Release-4.25
LogInit: Command Line: 
LogInit: Base Directory: D:/UE_4.25/Engine/Binaries/Win64/
LogInit: Allocator: TBB
LogInit: Installed Engine Build: 1
LogDevObjectVersion: Number of dev versions registered: 26
LogDevObjectVersion:   Dev-Blueprints (B0D832E4-1F89-4F0D-ACCF-7EB736FD4AA2): 10
LogDevObjectVersion:   Dev-Build (E1C64328-A22C-4D53-A36C-8E866417BD8C): 0
LogDevObjectVersion:   Dev-Core (375EC13C-06E4-48FB-B500-84F0262A717E): 4
LogDevObjectVersion:   Dev-Editor (E4B068ED-F494-42E9-A231-DA0B2E46BB41): 38
LogDevObjectVersion:   Dev-Framework (CFFC743F-43B0-4480-9391-14DF171D2073): 37
LogDevObjectVersion:   Dev-Mobile (B02B49B5-BB20-44E9-A304-32B752E40360): 2
LogDevObjectVersion:   Dev-Networking (A4E4105C-59A1-49B5-A7C5-40C4547EDFEE): 0
LogDevObjectVersion:   Dev-Online (39C831C9-5AE6-47DC-9A44-9C173E1C8E7C): 0
LogDevObjectVersion:   Dev-Physics (78F01B33-EBEA-4F98-B9B4-84EACCB95AA2): 4
LogDevObjectVersion:   Dev-Platform (6631380F-2D4D-43E0-8009-CF276956A95A): 0
LogDevObjectVersion:   Dev-Rendering (12F88B9F-8875-4AFC-A67C-D90C383ABD29): 43
LogDevObjectVersion:   Dev-Sequencer (7B5AE74C-D270-4C10-A958-57980B212A5A): 12
LogDevObjectVersion:   Dev-VR (D7296918-1DD6-4BDD-9DE2-64A83CC13884): 3
LogDevObjectVersion:   Dev-LoadTimes (C2A15278-BFE7-4AFE-6C17-90FF531DF755): 1
LogDevObjectVersion:   Private-Geometry (6EACA3D4-40EC-4CC1-B786-8BED09428FC5): 3
LogDevObjectVersion:   Dev-AnimPhys (29E575DD-E0A3-4627-9D10-D276232CDCEA): 17
LogDevObjectVersion:   Dev-Anim (AF43A65D-7FD3-4947-9873-3E8ED9C1BB05): 7
LogDevObjectVersion:   Dev-ReflectionCapture (6B266CEC-1EC7-4B8F-A30B-E4D90942FC07): 1
LogDevObjectVersion:   Dev-Automation (0DF73D61-A23F-47EA-B727-89E90C41499A): 1
LogDevObjectVersion:   FortniteMain (601D1886-AC64-4F84-AA16-D3DE0DEAC7D6): 31
LogDevObjectVersion:   Dev-Enterprise (9DFFBCD6-494F-0158-E221-12823C92A888): 10
LogDevObjectVersion:   Dev-Niagara (F2AED0AC-9AFE-416F-8664-AA7FFA26D6FC): 1
LogDevObjectVersion:   Dev-Destruction (174F1F0B-B4C6-45A5-B13F-2EE8D0FB917D): 10
LogDevObjectVersion:   Dev-Physics-Ext (35F94A83-E258-406C-A318-09F59610247C): 37
LogDevObjectVersion:   Dev-PhysicsMaterial-Chaos (B68FC16E-8B1B-42E2-B453-215C058844FE): 1
LogDevObjectVersion:   Dev-CineCamera (B2E18506-4273-CFC2-A54E-F4BB758BBA07): 1
LogInit: Presizing for max 25165824 objects, including 0 objects not considered by GC, pre-allocating 0 bytes for permanent pool.
LogConfig: Applying CVar settings from Section [/Script/Engine.StreamingSettings] File [D:/_Git/DeathStrikes/DeathStrikes/Saved/Config/Windows/Engine.ini]
LogConfig: Setting CVar [[s.MinBulkDataSizeForAsyncLoading:131072]]
LogConfig: Setting CVar [[s.AsyncLoadingThreadEnabled:0]]
LogConfig: Setting CVar [[s.EventDrivenLoaderEnabled:1]]
LogConfig: Setting CVar [[s.WarnIfTimeLimitExceeded:0]]
LogConfig: Setting CVar [[s.TimeLimitExceededMultiplier:1.5]]
LogConfig: Setting CVar [[s.TimeLimitExceededMinTime:0.005]]
LogConfig: Setting CVar [[s.UseBackgroundLevelStreaming:1]]
LogConfig: Setting CVar [[s.PriorityAsyncLoadingExtraTime:15.0]]
LogConfig: Setting CVar [[s.LevelStreamingActorsUpdateTimeLimit:5.0]]
LogConfig: Setting CVar [[s.PriorityLevelStreamingActorsUpdateExtraTime:5.0]]
LogConfig: Setting CVar [[s.LevelStreamingComponentsRegistrationGranularity:10]]
LogConfig: Setting CVar [[s.UnregisterComponentsTimeLimit:1.0]]
LogConfig: Setting CVar [[s.LevelStreamingComponentsUnregistrationGranularity:5]]
LogConfig: Setting CVar [[s.FlushStreamingOnExit:1]]
LogInit: Object subsystem initialized
LogConfig: Setting CVar [[con.DebugEarlyDefault:1]]
LogConfig: Setting CVar [[r.setres:1280x720]]
[2020.12.01-03.56.26:169][  0]LogConfig: Setting CVar [[r.VSync:0]]
[2020.12.01-03.56.26:169][  0]LogConfig: Setting CVar [[r.RHICmdBypass:0]]
[2020.12.01-03.56.26:170][  0]LogConfig: Applying CVar settings from Section [/Script/Engine.RendererSettings] File [D:/_Git/DeathStrikes/DeathStrikes/Saved/Config/Windows/Engine.ini]
[2020.12.01-03.56.26:170][  0]LogConfig: Setting CVar [[r.GPUCrashDebugging:0]]
[2020.12.01-03.56.26:170][  0]LogConfig: Applying CVar settings from Section [/Script/Engine.RendererOverrideSettings] File [D:/_Git/DeathStrikes/DeathStrikes/Saved/Config/Windows/Engine.ini]
[2020.12.01-03.56.26:170][  0]LogConfig: Applying CVar settings from Section [/Script/Engine.StreamingSettings] File [D:/_Git/DeathStrikes/DeathStrikes/Saved/Config/Windows/Engine.ini]
[2020.12.01-03.56.26:170][  0]LogConfig: Setting CVar [[s.MinBulkDataSizeForAsyncLoading:131072]]
[2020.12.01-03.56.26:170][  0]LogConfig: Setting CVar [[s.AsyncLoadingThreadEnabled:0]]
[2020.12.01-03.56.26:170][  0]LogConfig: Setting CVar [[s.EventDrivenLoaderEnabled:1]]
[2020.12.01-03.56.26:170][  0]LogConfig: Setting CVar [[s.WarnIfTimeLimitExceeded:0]]
[2020.12.01-03.56.26:170][  0]LogConfig: Setting CVar [[s.TimeLimitExceededMultiplier:1.5]]
[2020.12.01-03.56.26:170][  0]LogConfig: Setting CVar [[s.TimeLimitExceededMinTime:0.005]]
[2020.12.01-03.56.26:170][  0]LogConfig: Setting CVar [[s.UseBackgroundLevelStreaming:1]]
[2020.12.01-03.56.26:170][  0]LogConfig: Setting CVar [[s.PriorityAsyncLoadingExtraTime:15.0]]
[2020.12.01-03.56.26:170][  0]LogConfig: Setting CVar [[s.LevelStreamingActorsUpdateTimeLimit:5.0]]
[2020.12.01-03.56.26:170][  0]LogConfig: Setting CVar [[s.PriorityLevelStreamingActorsUpdateExtraTime:5.0]]
[2020.12.01-03.56.26:170][  0]LogConfig: Setting CVar [[s.LevelStreamingComponentsRegistrationGranularity:10]]
[2020.12.01-03.56.26:170][  0]LogConfig: Setting CVar [[s.UnregisterComponentsTimeLimit:1.0]]
[2020.12.01-03.56.26:170][  0]LogConfig: Setting CVar [[s.LevelStreamingComponentsUnregistrationGranularity:5]]
[2020.12.01-03.56.26:170][  0]LogConfig: Setting CVar [[s.FlushStreamingOnExit:1]]
[2020.12.01-03.56.26:170][  0]LogConfig: Applying CVar settings from Section [/Script/Engine.GarbageCollectionSettings] File [D:/_Git/DeathStrikes/DeathStrikes/Saved/Config/Windows/Engine.ini]
[2020.12.01-03.56.26:170][  0]LogConfig: Setting CVar [[gc.MaxObjectsNotConsideredByGC:1]]
[2020.12.01-03.56.26:170][  0]LogConfig: Setting CVar [[gc.SizeOfPermanentObjectPool:0]]
[2020.12.01-03.56.26:170][  0]LogConfig: Setting CVar [[gc.FlushStreamingOnGC:0]]
[2020.12.01-03.56.26:170][  0]LogConfig: Setting CVar [[gc.NumRetriesBeforeForcingGC:10]]
[2020.12.01-03.56.26:170][  0]LogConfig: Setting CVar [[gc.AllowParallelGC:1]]
[2020.12.01-03.56.26:170][  0]LogConfig: Setting CVar [[gc.TimeBetweenPurgingPendingKillObjects:61.1]]
[2020.12.01-03.56.26:170][  0]LogConfig: Setting CVar [[gc.MaxObjectsInEditor:25165824]]
[2020.12.01-03.56.26:170][  0]LogConfig: Setting CVar [[gc.IncrementalBeginDestroyEnabled:1]]
[2020.12.01-03.56.26:170][  0]LogConfig: Setting CVar [[gc.CreateGCClusters:1]]
[2020.12.01-03.56.26:170][  0]LogConfig: Setting CVar [[gc.MinGCClusterSize:5]]
[2020.12.01-03.56.26:170][  0]LogConfig: Setting CVar [[gc.ActorClusteringEnabled:0]]
[2020.12.01-03.56.26:170][  0]LogConfig: Setting CVar [[gc.BlueprintClusteringEnabled:0]]
[2020.12.01-03.56.26:170][  0]LogConfig: Setting CVar [[gc.UseDisregardForGCOnDedicatedServers:0]]
[2020.12.01-03.56.26:170][  0]LogConfig: Applying CVar settings from Section [/Script/Engine.NetworkSettings] File [D:/_Git/DeathStrikes/DeathStrikes/Saved/Config/Windows/Engine.ini]
[2020.12.01-03.56.26:170][  0]LogConfig: Applying CVar settings from Section [/Script/UnrealEd.CookerSettings] File [D:/_Git/DeathStrikes/DeathStrikes/Saved/Config/Windows/Engine.ini]
[2020.12.01-03.56.26:173][  0]LogConfig: Applying CVar settings from Section [ViewDistanceQuality@3] File [D:/_Git/DeathStrikes/DeathStrikes/Saved/Config/Windows/Scalability.ini]
[2020.12.01-03.56.26:173][  0]LogConfig: Setting CVar [[r.SkeletalMeshLODBias:0]]
[2020.12.01-03.56.26:173][  0]LogConfig: Setting CVar [[r.ViewDistanceScale:1.0]]
[2020.12.01-03.56.26:173][  0]LogConfig: Applying CVar settings from Section [AntiAliasingQuality@3] File [D:/_Git/DeathStrikes/DeathStrikes/Saved/Config/Windows/Scalability.ini]
[2020.12.01-03.56.26:173][  0]LogConfig: Setting CVar [[r.PostProcessAAQuality:4]]
[2020.12.01-03.56.26:173][  0]LogConfig: Applying CVar settings from Section [ShadowQuality@3] File [D:/_Git/DeathStrikes/DeathStrikes/Saved/Config/Windows/Scalability.ini]
[2020.12.01-03.56.26:173][  0]LogConfig: Setting CVar [[r.LightFunctionQuality:1]]
[2020.12.01-03.56.26:173][  0]LogConfig: Setting CVar [[r.ShadowQuality:5]]
[2020.12.01-03.56.26:173][  0]LogConfig: Setting CVar [[r.Shadow.CSM.MaxCascades:10]]
[2020.12.01-03.56.26:173][  0]LogConfig: Setting CVar [[r.Shadow.MaxResolution:2048]]
[2020.12.01-03.56.26:173][  0]LogConfig: Setting CVar [[r.Shadow.MaxCSMResolution:2048]]
[2020.12.01-03.56.26:173][  0]LogConfig: Setting CVar [[r.Shadow.RadiusThreshold:0.01]]
[2020.12.01-03.56.26:173][  0]LogConfig: Setting CVar [[r.Shadow.DistanceScale:1.0]]
[2020.12.01-03.56.26:173][  0]LogConfig: Setting CVar [[r.Shadow.CSM.TransitionScale:1.0]]
[2020.12.01-03.56.26:173][  0]LogConfig: Setting CVar [[r.Shadow.PreShadowResolutionFactor:1.0]]
[2020.12.01-03.56.26:173][  0]LogConfig: Setting CVar [[r.DistanceFieldShadowing:1]]
[2020.12.01-03.56.26:173][  0]LogConfig: Setting CVar [[r.DistanceFieldAO:1]]
[2020.12.01-03.56.26:173][  0]LogConfig: Setting CVar [[r.AOQuality:2]]
[2020.12.01-03.56.26:173][  0]LogConfig: Setting CVar [[r.VolumetricFog:1]]
[2020.12.01-03.56.26:173][  0]LogConfig: Setting CVar [[r.VolumetricFog.GridPixelSize:8]]
[2020.12.01-03.56.26:173][  0]LogConfig: Setting CVar [[r.VolumetricFog.GridSizeZ:128]]
[2020.12.01-03.56.26:173][  0]LogConfig: Setting CVar [[r.VolumetricFog.HistoryMissSupersampleCount:4]]
[2020.12.01-03.56.26:173][  0]LogConfig: Setting CVar [[r.LightMaxDrawDistanceScale:1]]
[2020.12.01-03.56.26:173][  0]LogConfig: Setting CVar [[r.CapsuleShadows:1]]
[2020.12.01-03.56.26:173][  0]LogConfig: Applying CVar settings from Section [PostProcessQuality@3] File [D:/_Git/DeathStrikes/DeathStrikes/Saved/Config/Windows/Scalability.ini]
[2020.12.01-03.56.26:173][  0]LogConfig: Setting CVar [[r.MotionBlurQuality:4]]
[2020.12.01-03.56.26:173][  0]LogConfig: Setting CVar [[r.AmbientOcclusionMipLevelFactor:0.4]]
[2020.12.01-03.56.26:173][  0]LogConfig: Setting CVar [[r.AmbientOcclusionMaxQuality:100]]
[2020.12.01-03.56.26:173][  0]LogConfig: Setting CVar [[r.AmbientOcclusionLevels:-1]]
[2020.12.01-03.56.26:173][  0]LogConfig: Setting CVar [[r.AmbientOcclusionRadiusScale:1.0]]
[2020.12.01-03.56.26:173][  0]LogConfig: Setting CVar [[r.DepthOfFieldQuality:2]]
[2020.12.01-03.56.26:173][  0]LogConfig: Setting CVar [[r.RenderTargetPoolMin:400]]
[2020.12.01-03.56.26:173][  0]LogConfig: Setting CVar [[r.LensFlareQuality:2]]
[2020.12.01-03.56.26:173][  0]LogConfig: Setting CVar [[r.SceneColorFringeQuality:1]]
[2020.12.01-03.56.26:173][  0]LogConfig: Setting CVar [[r.EyeAdaptationQuality:2]]
[2020.12.01-03.56.26:173][  0]LogConfig: Setting CVar [[r.BloomQuality:5]]
[2020.12.01-03.56.26:173][  0]LogConfig: Setting CVar [[r.FastBlurThreshold:100]]
[2020.12.01-03.56.26:174][  0]LogConfig: Setting CVar [[r.Upscale.Quality:3]]
[2020.12.01-03.56.26:174][  0]LogConfig: Setting CVar [[r.Tonemapper.GrainQuantization:1]]
[2020.12.01-03.56.26:174][  0]LogConfig: Setting CVar [[r.LightShaftQuality:1]]
[2020.12.01-03.56.26:174][  0]LogConfig: Setting CVar [[r.Filter.SizeScale:1]]
[2020.12.01-03.56.26:174][  0]LogConfig: Setting CVar [[r.Tonemapper.Quality:5]]
[2020.12.01-03.56.26:174][  0]LogConfig: Setting CVar [[r.DOF.Gather.AccumulatorQuality:1        ; higher gathering accumulator quality]]
[2020.12.01-03.56.26:174][  0]LogConfig: Setting CVar [[r.DOF.Gather.PostfilterMethod:1          ; Median3x3 postfilering method]]
[2020.12.01-03.56.26:174][  0]LogConfig: Setting CVar [[r.DOF.Gather.EnableBokehSettings:0       ; no bokeh simulation when gathering]]
[2020.12.01-03.56.26:174][  0]LogConfig: Setting CVar [[r.DOF.Gather.RingCount:4                 ; medium number of samples when gathering]]
[2020.12.01-03.56.26:174][  0]LogConfig: Setting CVar [[r.DOF.Scatter.ForegroundCompositing:1    ; additive foreground scattering]]
[2020.12.01-03.56.26:174][  0]LogConfig: Setting CVar [[r.DOF.Scatter.BackgroundCompositing:2    ; additive background scattering]]
[2020.12.01-03.56.26:174][  0]LogConfig: Setting CVar [[r.DOF.Scatter.EnableBokehSettings:1      ; bokeh simulation when scattering]]
[2020.12.01-03.56.26:174][  0]LogConfig: Setting CVar [[r.DOF.Scatter.MaxSpriteRatio:0.1         ; only a maximum of 10% of scattered bokeh]]
[2020.12.01-03.56.26:174][  0]LogConfig: Setting CVar [[r.DOF.Recombine.Quality:1                ; cheap slight out of focus]]
[2020.12.01-03.56.26:174][  0]LogConfig: Setting CVar [[r.DOF.Recombine.EnableBokehSettings:0    ; no bokeh simulation on slight out of focus]]
[2020.12.01-03.56.26:174][  0]LogConfig: Setting CVar [[r.DOF.TemporalAAQuality:1                ; more stable temporal accumulation]]
[2020.12.01-03.56.26:174][  0]LogConfig: Setting CVar [[r.DOF.Kernel.MaxForegroundRadius:0.025]]
[2020.12.01-03.56.26:174][  0]LogConfig: Setting CVar [[r.DOF.Kernel.MaxBackgroundRadius:0.025]]
[2020.12.01-03.56.26:174][  0]LogConfig: Applying CVar settings from Section [TextureQuality@3] File [D:/_Git/DeathStrikes/DeathStrikes/Saved/Config/Windows/Scalability.ini]
[2020.12.01-03.56.26:174][  0]LogConfig: Setting CVar [[r.Streaming.MipBias:0]]
[2020.12.01-03.56.26:174][  0]LogConfig: Setting CVar [[r.Streaming.AmortizeCPUToGPUCopy:0]]
[2020.12.01-03.56.26:174][  0]LogConfig: Setting CVar [[r.Streaming.MaxNumTexturesToStreamPerFrame:0]]
[2020.12.01-03.56.26:174][  0]LogConfig: Setting CVar [[r.Streaming.Boost:1]]
[2020.12.01-03.56.26:174][  0]LogConfig: Setting CVar [[r.MaxAnisotropy:8]]
[2020.12.01-03.56.26:174][  0]LogConfig: Setting CVar [[r.VT.MaxAnisotropy:8]]
[2020.12.01-03.56.26:174][  0]LogConfig: Setting CVar [[r.Streaming.LimitPoolSizeToVRAM:0]]
[2020.12.01-03.56.26:174][  0]LogConfig: Setting CVar [[r.Streaming.PoolSize:1000]]
[2020.12.01-03.56.26:174][  0]LogConfig: Setting CVar [[r.Streaming.MaxEffectiveScreenSize:0]]
[2020.12.01-03.56.26:174][  0]LogConfig: Applying CVar settings from Section [EffectsQuality@3] File [D:/_Git/DeathStrikes/DeathStrikes/Saved/Config/Windows/Scalability.ini]
[2020.12.01-03.56.26:174][  0]LogConfig: Setting CVar [[r.TranslucencyLightingVolumeDim:64]]
[2020.12.01-03.56.26:174][  0]LogConfig: Setting CVar [[r.RefractionQuality:2]]
[2020.12.01-03.56.26:174][  0]LogConfig: Setting CVar [[r.SSR.Quality:3]]
[2020.12.01-03.56.26:174][  0]LogConfig: Setting CVar [[r.SSR.HalfResSceneColor:0]]
[2020.12.01-03.56.26:174][  0]LogConfig: Setting CVar [[r.SceneColorFormat:4]]
[2020.12.01-03.56.26:174][  0]LogConfig: Setting CVar [[r.DetailMode:2]]
[2020.12.01-03.56.26:174][  0]LogConfig: Setting CVar [[r.TranslucencyVolumeBlur:1]]
[2020.12.01-03.56.26:174][  0]LogConfig: Setting CVar [[r.MaterialQualityLevel:1 ; High quality]]
[2020.12.01-03.56.26:174][  0]LogConfig: Setting CVar [[r.SSS.Scale:1]]
[2020.12.01-03.56.26:174][  0]LogConfig: Setting CVar [[r.SSS.SampleSet:2]]
[2020.12.01-03.56.26:174][  0]LogConfig: Setting CVar [[r.SSS.Quality:1]]
[2020.12.01-03.56.26:174][  0]LogConfig: Setting CVar [[r.SSS.HalfRes:0]]
[2020.12.01-03.56.26:174][  0]LogConfig: Setting CVar [[r.SSGI.Quality:3]]
[2020.12.01-03.56.26:174][  0]LogConfig: Setting CVar [[r.EmitterSpawnRateScale:1.0]]
[2020.12.01-03.56.26:174][  0]LogConfig: Setting CVar [[r.ParticleLightQuality:2]]
[2020.12.01-03.56.26:174][  0]LogConfig: Setting CVar [[r.SkyAtmosphere.AerialPerspectiveLUT.FastApplyOnOpaque:1 ; Always have FastSkyLUT 1 in this case to avoid wrong sky]]
[2020.12.01-03.56.26:174][  0]LogConfig: Setting CVar [[r.SkyAtmosphere.AerialPerspectiveLUT.SampleCountPerSlice:1]]
[2020.12.01-03.56.26:174][  0]LogConfig: Setting CVar [[r.SkyAtmosphere.AerialPerspectiveLUT.DepthResolution:16.0]]
[2020.12.01-03.56.26:174][  0]LogConfig: Setting CVar [[r.SkyAtmosphere.FastSkyLUT:1]]
[2020.12.01-03.56.26:174][  0]LogConfig: Setting CVar [[r.SkyAtmosphere.FastSkyLUT.SampleCountMin:4.0]]
[2020.12.01-03.56.26:174][  0]LogConfig: Setting CVar [[r.SkyAtmosphere.FastSkyLUT.SampleCountMax:32.0]]
[2020.12.01-03.56.26:174][  0]LogConfig: Setting CVar [[r.SkyAtmosphere.SampleCountMin:4.0]]
[2020.12.01-03.56.26:174][  0]LogConfig: Setting CVar [[r.SkyAtmosphere.SampleCountMax:32.0]]
[2020.12.01-03.56.26:174][  0]LogConfig: Setting CVar [[r.SkyAtmosphere.TransmittanceLUT.UseSmallFormat:0]]
[2020.12.01-03.56.26:174][  0]LogConfig: Setting CVar [[r.SkyAtmosphere.TransmittanceLUT.SampleCount:10.0]]
[2020.12.01-03.56.26:174][  0]LogConfig: Setting CVar [[r.SkyAtmosphere.MultiScatteringLUT.SampleCount:15.0]]
[2020.12.01-03.56.26:174][  0]LogConfig: Applying CVar settings from Section [FoliageQuality@3] File [D:/_Git/DeathStrikes/DeathStrikes/Saved/Config/Windows/Scalability.ini]
[2020.12.01-03.56.26:174][  0]LogConfig: Setting CVar [[foliage.DensityScale:1.0]]
[2020.12.01-03.56.26:174][  0]LogConfig: Setting CVar [[grass.DensityScale:1.0]]
[2020.12.01-03.56.26:174][  0]LogConfig: Applying CVar settings from Section [ShadingQuality@3] File [D:/_Git/DeathStrikes/DeathStrikes/Saved/Config/Windows/Scalability.ini]
[2020.12.01-03.56.26:174][  0]LogConfig: Setting CVar [[r.HairStrands.SkyLighting.SampleCount:16]]
[2020.12.01-03.56.26:174][  0]LogConfig: Setting CVar [[r.HairStrands.SkyLighting.JitterIntegration:0]]
[2020.12.01-03.56.26:174][  0]LogConfig: Setting CVar [[r.HairStrands.SkyAO.SampleCount:16]]
[2020.12.01-03.56.26:174][  0]LogConfig: Setting CVar [[r.HairStrands.DeepShadow.SuperSampling:0]]
[2020.12.01-03.56.26:174][  0]LogConfig: Setting CVar [[r.HairStrands.VisibilityPPLL:0]]
[2020.12.01-03.56.26:174][  0]LogConfig: Setting CVar [[r.HairStrands.RasterizationScale:0.5]]
[2020.12.01-03.56.26:174][  0]LogConfig: Setting CVar [[r.HairStrands.VelocityRasterizationScale:1]]
[2020.12.01-03.56.26:174][  0]LogInit: Selected Device Profile: [Windows]
[2020.12.01-03.56.26:174][  0]LogInit: Applying CVar settings loaded from the selected device profile: [Windows]
[2020.12.01-03.56.26:174][  0]LogHAL: Display: Platform has ~ 8 GB [8522006528 / 8589934592 / 8], which maps to Default [LargestMinGB=32, LargerMinGB=12, DefaultMinGB=8, SmallerMinGB=6, SmallestMinGB=0)
[2020.12.01-03.56.26:174][  0]LogInit: Going up to parent DeviceProfile []
[2020.12.01-03.56.26:174][  0]LogConfig: Applying CVar settings from Section [ViewDistanceQuality@3] File [D:/_Git/DeathStrikes/DeathStrikes/Saved/Config/Windows/Scalability.ini]
[2020.12.01-03.56.26:174][  0]LogConfig: Setting CVar [[r.SkeletalMeshLODBias:0]]
[2020.12.01-03.56.26:174][  0]LogConfig: Setting CVar [[r.ViewDistanceScale:1.0]]
[2020.12.01-03.56.26:174][  0]LogConfig: Applying CVar settings from Section [AntiAliasingQuality@3] File [D:/_Git/DeathStrikes/DeathStrikes/Saved/Config/Windows/Scalability.ini]
[2020.12.01-03.56.26:174][  0]LogConfig: Setting CVar [[r.PostProcessAAQuality:4]]
[2020.12.01-03.56.26:174][  0]LogConfig: Applying CVar settings from Section [ShadowQuality@3] File [D:/_Git/DeathStrikes/DeathStrikes/Saved/Config/Windows/Scalability.ini]
[2020.12.01-03.56.26:174][  0]LogConfig: Setting CVar [[r.LightFunctionQuality:1]]
[2020.12.01-03.56.26:174][  0]LogConfig: Setting CVar [[r.ShadowQuality:5]]
[2020.12.01-03.56.26:174][  0]LogConfig: Setting CVar [[r.Shadow.CSM.MaxCascades:10]]
[2020.12.01-03.56.26:174][  0]LogConfig: Setting CVar [[r.Shadow.MaxResolution:2048]]
[2020.12.01-03.56.26:174][  0]LogConfig: Setting CVar [[r.Shadow.MaxCSMResolution:2048]]
[2020.12.01-03.56.26:174][  0]LogConfig: Setting CVar [[r.Shadow.RadiusThreshold:0.01]]
[2020.12.01-03.56.26:174][  0]LogConfig: Setting CVar [[r.Shadow.DistanceScale:1.0]]
[2020.12.01-03.56.26:174][  0]LogConfig: Setting CVar [[r.Shadow.CSM.TransitionScale:1.0]]
[2020.12.01-03.56.26:174][  0]LogConfig: Setting CVar [[r.Shadow.PreShadowResolutionFactor:1.0]]
[2020.12.01-03.56.26:174][  0]LogConfig: Setting CVar [[r.DistanceFieldShadowing:1]]
[2020.12.01-03.56.26:174][  0]LogConfig: Setting CVar [[r.DistanceFieldAO:1]]
[2020.12.01-03.56.26:174][  0]LogConfig: Setting CVar [[r.AOQuality:2]]
[2020.12.01-03.56.26:174][  0]LogConfig: Setting CVar [[r.VolumetricFog:1]]
[2020.12.01-03.56.26:174][  0]LogConfig: Setting CVar [[r.VolumetricFog.GridPixelSize:8]]
[2020.12.01-03.56.26:174][  0]LogConfig: Setting CVar [[r.VolumetricFog.GridSizeZ:128]]
[2020.12.01-03.56.26:174][  0]LogConfig: Setting CVar [[r.VolumetricFog.HistoryMissSupersampleCount:4]]
[2020.12.01-03.56.26:174][  0]LogConfig: Setting CVar [[r.LightMaxDrawDistanceScale:1]]
[2020.12.01-03.56.26:175][  0]LogConfig: Setting CVar [[r.CapsuleShadows:1]]
[2020.12.01-03.56.26:175][  0]LogConfig: Applying CVar settings from Section [PostProcessQuality@3] File [D:/_Git/DeathStrikes/DeathStrikes/Saved/Config/Windows/Scalability.ini]
[2020.12.01-03.56.26:175][  0]LogConfig: Setting CVar [[r.MotionBlurQuality:4]]
[2020.12.01-03.56.26:175][  0]LogConfig: Setting CVar [[r.AmbientOcclusionMipLevelFactor:0.4]]
[2020.12.01-03.56.26:175][  0]LogConfig: Setting CVar [[r.AmbientOcclusionMaxQuality:100]]
[2020.12.01-03.56.26:175][  0]LogConfig: Setting CVar [[r.AmbientOcclusionLevels:-1]]
[2020.12.01-03.56.26:175][  0]LogConfig: Setting CVar [[r.AmbientOcclusionRadiusScale:1.0]]
[2020.12.01-03.56.26:175][  0]LogConfig: Setting CVar [[r.DepthOfFieldQuality:2]]
[2020.12.01-03.56.26:175][  0]LogConfig: Setting CVar [[r.RenderTargetPoolMin:400]]
[2020.12.01-03.56.26:175][  0]LogConfig: Setting CVar [[r.LensFlareQuality:2]]
[2020.12.01-03.56.26:175][  0]LogConfig: Setting CVar [[r.SceneColorFringeQuality:1]]
[2020.12.01-03.56.26:175][  0]LogConfig: Setting CVar [[r.EyeAdaptationQuality:2]]
[2020.12.01-03.56.26:175][  0]LogConfig: Setting CVar [[r.BloomQuality:5]]
[2020.12.01-03.56.26:175][  0]LogConfig: Setting CVar [[r.FastBlurThreshold:100]]
[2020.12.01-03.56.26:175][  0]LogConfig: Setting CVar [[r.Upscale.Quality:3]]
[2020.12.01-03.56.26:175][  0]LogConfig: Setting CVar [[r.Tonemapper.GrainQuantization:1]]
[2020.12.01-03.56.26:175][  0]LogConfig: Setting CVar [[r.LightShaftQuality:1]]
[2020.12.01-03.56.26:175][  0]LogConfig: Setting CVar [[r.Filter.SizeScale:1]]
[2020.12.01-03.56.26:175][  0]LogConfig: Setting CVar [[r.Tonemapper.Quality:5]]
[2020.12.01-03.56.26:175][  0]LogConfig: Setting CVar [[r.DOF.Gather.AccumulatorQuality:1        ; higher gathering accumulator quality]]
[2020.12.01-03.56.26:175][  0]LogConfig: Setting CVar [[r.DOF.Gather.PostfilterMethod:1          ; Median3x3 postfilering method]]
[2020.12.01-03.56.26:175][  0]LogConfig: Setting CVar [[r.DOF.Gather.EnableBokehSettings:0       ; no bokeh simulation when gathering]]
[2020.12.01-03.56.26:175][  0]LogConfig: Setting CVar [[r.DOF.Gather.RingCount:4                 ; medium number of samples when gathering]]
[2020.12.01-03.56.26:175][  0]LogConfig: Setting CVar [[r.DOF.Scatter.ForegroundCompositing:1    ; additive foreground scattering]]
[2020.12.01-03.56.26:175][  0]LogConfig: Setting CVar [[r.DOF.Scatter.BackgroundCompositing:2    ; additive background scattering]]
[2020.12.01-03.56.26:175][  0]LogConfig: Setting CVar [[r.DOF.Scatter.EnableBokehSettings:1      ; bokeh simulation when scattering]]
[2020.12.01-03.56.26:175][  0]LogConfig: Setting CVar [[r.DOF.Scatter.MaxSpriteRatio:0.1         ; only a maximum of 10% of scattered bokeh]]
[2020.12.01-03.56.26:175][  0]LogConfig: Setting CVar [[r.DOF.Recombine.Quality:1                ; cheap slight out of focus]]
[2020.12.01-03.56.26:175][  0]LogConfig: Setting CVar [[r.DOF.Recombine.EnableBokehSettings:0    ; no bokeh simulation on slight out of focus]]
[2020.12.01-03.56.26:175][  0]LogConfig: Setting CVar [[r.DOF.TemporalAAQuality:1                ; more stable temporal accumulation]]
[2020.12.01-03.56.26:175][  0]LogConfig: Setting CVar [[r.DOF.Kernel.MaxForegroundRadius:0.025]]
[2020.12.01-03.56.26:175][  0]LogConfig: Setting CVar [[r.DOF.Kernel.MaxBackgroundRadius:0.025]]
[2020.12.01-03.56.26:175][  0]LogConfig: Applying CVar settings from Section [TextureQuality@3] File [D:/_Git/DeathStrikes/DeathStrikes/Saved/Config/Windows/Scalability.ini]
[2020.12.01-03.56.26:175][  0]LogConfig: Setting CVar [[r.Streaming.MipBias:0]]
[2020.12.01-03.56.26:175][  0]LogConfig: Setting CVar [[r.Streaming.AmortizeCPUToGPUCopy:0]]
[2020.12.01-03.56.26:175][  0]LogConfig: Setting CVar [[r.Streaming.MaxNumTexturesToStreamPerFrame:0]]
[2020.12.01-03.56.26:175][  0]LogConfig: Setting CVar [[r.Streaming.Boost:1]]
[2020.12.01-03.56.26:175][  0]LogConfig: Setting CVar [[r.MaxAnisotropy:8]]
[2020.12.01-03.56.26:175][  0]LogConfig: Setting CVar [[r.VT.MaxAnisotropy:8]]
[2020.12.01-03.56.26:175][  0]LogConfig: Setting CVar [[r.Streaming.LimitPoolSizeToVRAM:0]]
[2020.12.01-03.56.26:175][  0]LogConfig: Setting CVar [[r.Streaming.PoolSize:1000]]
[2020.12.01-03.56.26:175][  0]LogConfig: Setting CVar [[r.Streaming.MaxEffectiveScreenSize:0]]
[2020.12.01-03.56.26:175][  0]LogConfig: Applying CVar settings from Section [EffectsQuality@3] File [D:/_Git/DeathStrikes/DeathStrikes/Saved/Config/Windows/Scalability.ini]
[2020.12.01-03.56.26:175][  0]LogConfig: Setting CVar [[r.TranslucencyLightingVolumeDim:64]]
[2020.12.01-03.56.26:175][  0]LogConfig: Setting CVar [[r.RefractionQuality:2]]
[2020.12.01-03.56.26:175][  0]LogConfig: Setting CVar [[r.SSR.Quality:3]]
[2020.12.01-03.56.26:175][  0]LogConfig: Setting CVar [[r.SSR.HalfResSceneColor:0]]
[2020.12.01-03.56.26:175][  0]LogConfig: Setting CVar [[r.SceneColorFormat:4]]
[2020.12.01-03.56.26:175][  0]LogConfig: Setting CVar [[r.DetailMode:2]]
[2020.12.01-03.56.26:175][  0]LogConfig: Setting CVar [[r.TranslucencyVolumeBlur:1]]
[2020.12.01-03.56.26:175][  0]LogConfig: Setting CVar [[r.MaterialQualityLevel:1 ; High quality]]
[2020.12.01-03.56.26:175][  0]LogConfig: Setting CVar [[r.SSS.Scale:1]]
[2020.12.01-03.56.26:175][  0]LogConfig: Setting CVar [[r.SSS.SampleSet:2]]
[2020.12.01-03.56.26:175][  0]LogConfig: Setting CVar [[r.SSS.Quality:1]]
[2020.12.01-03.56.26:175][  0]LogConfig: Setting CVar [[r.SSS.HalfRes:0]]
[2020.12.01-03.56.26:175][  0]LogConfig: Setting CVar [[r.SSGI.Quality:3]]
[2020.12.01-03.56.26:175][  0]LogConfig: Setting CVar [[r.EmitterSpawnRateScale:1.0]]
[2020.12.01-03.56.26:175][  0]LogConfig: Setting CVar [[r.ParticleLightQuality:2]]
[2020.12.01-03.56.26:175][  0]LogConfig: Setting CVar [[r.SkyAtmosphere.AerialPerspectiveLUT.FastApplyOnOpaque:1 ; Always have FastSkyLUT 1 in this case to avoid wrong sky]]
[2020.12.01-03.56.26:175][  0]LogConfig: Setting CVar [[r.SkyAtmosphere.AerialPerspectiveLUT.SampleCountPerSlice:1]]
[2020.12.01-03.56.26:175][  0]LogConfig: Setting CVar [[r.SkyAtmosphere.AerialPerspectiveLUT.DepthResolution:16.0]]
[2020.12.01-03.56.26:175][  0]LogConfig: Setting CVar [[r.SkyAtmosphere.FastSkyLUT:1]]
[2020.12.01-03.56.26:175][  0]LogConfig: Setting CVar [[r.SkyAtmosphere.FastSkyLUT.SampleCountMin:4.0]]
[2020.12.01-03.56.26:175][  0]LogConfig: Setting CVar [[r.SkyAtmosphere.FastSkyLUT.SampleCountMax:32.0]]
[2020.12.01-03.56.26:175][  0]LogConfig: Setting CVar [[r.SkyAtmosphere.SampleCountMin:4.0]]
[2020.12.01-03.56.26:175][  0]LogConfig: Setting CVar [[r.SkyAtmosphere.SampleCountMax:32.0]]
[2020.12.01-03.56.26:175][  0]LogConfig: Setting CVar [[r.SkyAtmosphere.TransmittanceLUT.UseSmallFormat:0]]
[2020.12.01-03.56.26:175][  0]LogConfig: Setting CVar [[r.SkyAtmosphere.TransmittanceLUT.SampleCount:10.0]]
[2020.12.01-03.56.26:175][  0]LogConfig: Setting CVar [[r.SkyAtmosphere.MultiScatteringLUT.SampleCount:15.0]]
[2020.12.01-03.56.26:175][  0]LogConfig: Applying CVar settings from Section [FoliageQuality@3] File [D:/_Git/DeathStrikes/DeathStrikes/Saved/Config/Windows/Scalability.ini]
[2020.12.01-03.56.26:175][  0]LogConfig: Setting CVar [[foliage.DensityScale:1.0]]
[2020.12.01-03.56.26:175][  0]LogConfig: Setting CVar [[grass.DensityScale:1.0]]
[2020.12.01-03.56.26:175][  0]LogConfig: Applying CVar settings from Section [ShadingQuality@3] File [D:/_Git/DeathStrikes/DeathStrikes/Saved/Config/Windows/Scalability.ini]
[2020.12.01-03.56.26:175][  0]LogConfig: Setting CVar [[r.HairStrands.SkyLighting.SampleCount:16]]
[2020.12.01-03.56.26:175][  0]LogConfig: Setting CVar [[r.HairStrands.SkyLighting.JitterIntegration:0]]
[2020.12.01-03.56.26:175][  0]LogConfig: Setting CVar [[r.HairStrands.SkyAO.SampleCount:16]]
[2020.12.01-03.56.26:175][  0]LogConfig: Setting CVar [[r.HairStrands.DeepShadow.SuperSampling:0]]
[2020.12.01-03.56.26:175][  0]LogConfig: Setting CVar [[r.HairStrands.VisibilityPPLL:0]]
[2020.12.01-03.56.26:175][  0]LogConfig: Setting CVar [[r.HairStrands.RasterizationScale:0.5]]
[2020.12.01-03.56.26:175][  0]LogConfig: Setting CVar [[r.HairStrands.VelocityRasterizationScale:1]]
[2020.12.01-03.56.26:175][  0]LogConfig: Applying CVar settings from Section [Startup] File [../../../Engine/Config/ConsoleVariables.ini]
[2020.12.01-03.56.26:180][  0]LogConfig: Setting CVar [[net.UseAdaptiveNetUpdateFrequency:0]]
[2020.12.01-03.56.26:181][  0]LogConfig: Setting CVar [[p.chaos.AllowCreatePhysxBodies:1]]
[2020.12.01-03.56.26:181][  0]LogConfig: Setting CVar [[fx.SkipVectorVMBackendOptimizations:1]]
[2020.12.01-03.56.26:181][  0]LogConfig: Applying CVar settings from Section [ConsoleVariables] File [D:/_Git/DeathStrikes/DeathStrikes/Saved/Config/Windows/Engine.ini]
[2020.12.01-03.56.26:181][  0]LogInit: Computer: DESKTOP-MOHKJB6
[2020.12.01-03.56.26:181][  0]LogInit: User: WindowsPC
[2020.12.01-03.56.26:181][  0]LogInit: CPU Page size=4096, Cores=6
[2020.12.01-03.56.26:181][  0]LogInit: High frequency timer resolution =10.000000 MHz
[2020.12.01-03.56.26:181][  0]LogMemory: Memory total: Physical=7.9GB (8GB approx)
[2020.12.01-03.56.26:181][  0]LogMemory: Platform Memory Stats for Windows
[2020.12.01-03.56.26:181][  0]LogMemory: Process Physical Memory: 114.57 MB used, 114.57 MB peak
[2020.12.01-03.56.26:181][  0]LogMemory: Process Virtual Memory: 99.63 MB used, 99.63 MB peak
[2020.12.01-03.56.26:181][  0]LogMemory: Physical Memory: 4761.61 MB used,  3365.61 MB free, 8127.22 MB total
[2020.12.01-03.56.26:181][  0]LogMemory: Virtual Memory: 5141.14 MB used,  134212584.00 MB free, 134217728.00 MB total
[2020.12.01-03.56.26:183][  0]LogWindows: WindowsPlatformFeatures enabled
[2020.12.01-03.56.26:230][  0]LogInit: Physics initialised using underlying interface: PhysX
[2020.12.01-03.56.26:231][  0]LogInit: Using OS detected language (en-GB).
[2020.12.01-03.56.26:231][  0]LogInit: Using OS detected locale (en-AU).
[2020.12.01-03.56.26:234][  0]LogTextLocalizationManager: No specific localization for 'en-GB' exists, so the 'en' localization will be used.
[2020.12.01-03.56.26:914][  0]LogInit: Setting process to per monitor DPI aware
[2020.12.01-03.56.26:970][  0]LogSlate: New Slate User Created.  User Index 0, Is Virtual User: 0
[2020.12.01-03.56.26:970][  0]LogSlate: Slate User Registered.  User Index 0, Is Virtual User: 0
[2020.12.01-03.56.29:589][  0]LogHMD: Failed to initialize OpenVR with code 110
[2020.12.01-03.56.29:589][  0]LogD3D11RHI: D3D11 min allowed feature level: 11_0
[2020.12.01-03.56.29:589][  0]LogD3D11RHI: D3D11 max allowed feature level: 11_0
[2020.12.01-03.56.29:589][  0]LogD3D11RHI: D3D11 adapters:
[2020.12.01-03.56.29:670][  0]LogD3D11RHI:    0. 'NVIDIA GeForce RTX 2060' (Feature Level 11_0)
[2020.12.01-03.56.29:670][  0]LogD3D11RHI:       5980/0/4063 MB DedicatedVideo/DedicatedSystem/SharedSystem, Outputs:2, VendorId:0x10de
[2020.12.01-03.56.29:673][  0]LogD3D11RHI:    1. 'Microsoft Basic Render Driver' (Feature Level 11_0)
[2020.12.01-03.56.29:673][  0]LogD3D11RHI:       0/0/4063 MB DedicatedVideo/DedicatedSystem/SharedSystem, Outputs:0, VendorId:0x1414
[2020.12.01-03.56.29:673][  0]LogD3D11RHI: Chosen D3D11 Adapter: 0
[2020.12.01-03.56.29:677][  0]LogD3D11RHI: Creating new Direct3DDevice
[2020.12.01-03.56.29:677][  0]LogD3D11RHI:     GPU DeviceId: 0x1f08 (for the marketing name, search the web for "GPU Device Id")
[2020.12.01-03.56.29:677][  0]LogWindows: EnumDisplayDevices:
[2020.12.01-03.56.29:678][  0]LogWindows:    0. 'NVIDIA GeForce RTX 2060' (P:1 D:1)
[2020.12.01-03.56.29:678][  0]LogWindows:    1. 'NVIDIA GeForce RTX 2060' (P:0 D:1)
[2020.12.01-03.56.29:678][  0]LogWindows:    2. 'NVIDIA GeForce RTX 2060' (P:0 D:0)
[2020.12.01-03.56.29:678][  0]LogWindows:    3. 'NVIDIA GeForce RTX 2060' (P:0 D:0)
[2020.12.01-03.56.29:678][  0]LogWindows: DebugString: FoundDriverCount:4 
[2020.12.01-03.56.29:678][  0]LogD3D11RHI:     Adapter Name: NVIDIA GeForce RTX 2060
[2020.12.01-03.56.29:678][  0]LogD3D11RHI:   Driver Version: 457.09 (internal:27.21.14.5709, unified:457.09)
[2020.12.01-03.56.29:678][  0]LogD3D11RHI:      Driver Date: 10-22-2020
[2020.12.01-03.56.29:678][  0]LogRHI: Texture pool is 4186 MB (70% of 5980 MB)
[2020.12.01-03.56.29:716][  0]LogD3D11RHI: RHI has support for 64 bit atomics
[2020.12.01-03.56.29:718][  0]LogD3D11RHI: [Aftermath] Enabled and primed
[2020.12.01-03.56.29:718][  0]LogD3D11RHI: Async texture creation enabled
[2020.12.01-03.56.29:718][  0]LogD3D11RHI: Array index from any shader is supported
[2020.12.01-03.56.29:751][  0]LogD3D11RHI: GPU Timing Frequency: 1000.000000 (Debug: 2 2)
[2020.12.01-03.56.30:288][  0]LogTargetPlatformManager: Display: Loaded TargetPlatform 'AllDesktop'
[2020.12.01-03.56.30:310][  0]LogTargetPlatformManager: Display: Loaded TargetPlatform 'Android'
[2020.12.01-03.56.30:310][  0]LogTargetPlatformManager: Display: Loaded TargetPlatform 'Android_ASTC'
[2020.12.01-03.56.30:310][  0]LogTargetPlatformManager: Display: Loaded TargetPlatform 'Android_DXT'
[2020.12.01-03.56.30:310][  0]LogTargetPlatformManager: Display: Loaded TargetPlatform 'Android_ETC2'
[2020.12.01-03.56.30:310][  0]LogTargetPlatformManager: Display: Loaded TargetPlatform 'AndroidClient'
[2020.12.01-03.56.30:310][  0]LogTargetPlatformManager: Display: Loaded TargetPlatform 'Android_ASTCClient'
[2020.12.01-03.56.30:310][  0]LogTargetPlatformManager: Display: Loaded TargetPlatform 'Android_DXTClient'
[2020.12.01-03.56.30:310][  0]LogTargetPlatformManager: Display: Loaded TargetPlatform 'Android_ETC2Client'
[2020.12.01-03.56.30:310][  0]LogTargetPlatformManager: Display: Loaded TargetPlatform 'Android_Multi'
[2020.12.01-03.56.30:310][  0]LogTargetPlatformManager: Display: Loaded TargetPlatform 'Android_MultiClient'
[2020.12.01-03.56.30:367][  0]LogTargetPlatformManager: Display: Loaded TargetPlatform 'IOSClient'
[2020.12.01-03.56.30:367][  0]LogTargetPlatformManager: Display: Loaded TargetPlatform 'IOS'
[2020.12.01-03.56.30:407][  0]LogTargetPlatformManager: Display: Loaded TargetPlatform 'Linux'
[2020.12.01-03.56.30:417][  0]LogTargetPlatformManager: Display: Loaded TargetPlatform 'LinuxNoEditor'
[2020.12.01-03.56.30:425][  0]LogTargetPlatformManager: Display: Loaded TargetPlatform 'LinuxClient'
[2020.12.01-03.56.30:432][  0]LogTargetPlatformManager: Display: Loaded TargetPlatform 'LinuxServer'
[2020.12.01-03.56.30:440][  0]LogTargetPlatformManager: Display: Loaded TargetPlatform 'LinuxAArch64NoEditor'
[2020.12.01-03.56.30:447][  0]LogTargetPlatformManager: Display: Loaded TargetPlatform 'LinuxAArch64Client'
[2020.12.01-03.56.30:455][  0]LogTargetPlatformManager: Display: Loaded TargetPlatform 'LinuxAArch64Server'
[2020.12.01-03.56.30:484][  0]LogTargetPlatformManager: Display: Loaded TargetPlatform 'Lumin'
[2020.12.01-03.56.30:484][  0]LogTargetPlatformManager: Display: Loaded TargetPlatform 'LuminClient'
[2020.12.01-03.56.30:498][  0]LogTargetPlatformManager: Display: Loaded TargetPlatform 'TVOSClient'
[2020.12.01-03.56.30:498][  0]LogTargetPlatformManager: Display: Loaded TargetPlatform 'TVOS'
[2020.12.01-03.56.30:506][  0]LogTargetPlatformManager: Display: Loaded TargetPlatform 'WindowsNoEditor'
[2020.12.01-03.56.30:515][  0]LogTargetPlatformManager: Display: Loaded TargetPlatform 'Windows'
[2020.12.01-03.56.30:524][  0]LogTargetPlatformManager: Display: Loaded TargetPlatform 'WindowsClient'
[2020.12.01-03.56.30:532][  0]LogTargetPlatformManager: Display: Loaded TargetPlatform 'WindowsServer'
[2020.12.01-03.56.30:533][  0]LogTargetPlatformManager: Display: Building Assets For Windows
[2020.12.01-03.56.30:540][  0]LogAudioDebug: Display: Lib vorbis DLL was dynamically loaded.
[2020.12.01-03.56.30:609][  0]LogShaderCompilers: Guid format shader working directory is 9 characters bigger than the processId version (../../../../_Git/DeathStrikes/DeathStrikes/Intermediate/Shaders/WorkingDirectory/4048/).
[2020.12.01-03.56.30:609][  0]LogShaderCompilers: Cleaned the shader compiler working directory 'C:/Users/Windows PC/AppData/Local/Temp/UnrealShaderWorkingDir/0C2C0B044E1FE9F0378CE39C98991058/'.
[2020.12.01-03.56.30:609][  0]LogXGEController: Cleaning working directory: C:/Users/Windows PC/AppData/Local/Temp/UnrealXGEWorkingDir/
[2020.12.01-03.56.30:609][  0]LogXGEController: Cannot use XGE Controller as Incredibuild is not installed on this machine.
[2020.12.01-03.56.30:610][  0]LogShaderCompilers: Cannot use XGE Shader Compiler as Incredibuild is not installed on this machine.
[2020.12.01-03.56.30:610][  0]LogShaderCompilers: Display: Using Local Shader Compiler.
[2020.12.01-03.56.33:887][  0]LogDerivedDataCache: Display: Max Cache Size: 512 MB
[2020.12.01-03.56.34:034][  0]LogDerivedDataCache: Loaded boot cache 0.15s 75MB C:/Users/Windows PC/AppData/Local/UnrealEngine/4.25/DerivedDataCache/Boot.ddc.
[2020.12.01-03.56.34:034][  0]LogDerivedDataCache: Display: Loaded Boot cache: C:/Users/Windows PC/AppData/Local/UnrealEngine/4.25/DerivedDataCache/Boot.ddc
[2020.12.01-03.56.34:034][  0]LogDerivedDataCache: FDerivedDataBackendGraph:  Pak pak cache file ../../../../_Git/DeathStrikes/DeathStrikes/DerivedDataCache/DDC.ddp not found, will not use a pak cache.
[2020.12.01-03.56.34:034][  0]LogDerivedDataCache: Unable to find inner node Pak for hierarchical cache Hierarchy.
[2020.12.01-03.56.34:034][  0]LogDerivedDataCache: FDerivedDataBackendGraph:  CompressedPak pak cache file ../../../../_Git/DeathStrikes/DeathStrikes/DerivedDataCache/Compressed.ddp not found, will not use a pak cache.
[2020.12.01-03.56.34:034][  0]LogDerivedDataCache: Unable to find inner node CompressedPak for hierarchical cache Hierarchy.
[2020.12.01-03.56.34:055][  0]LogDerivedDataCache: Display: Pak cache opened for reading ../../../Engine/DerivedDataCache/Compressed.ddp.
[2020.12.01-03.56.34:055][  0]LogDerivedDataCache: FDerivedDataBackendGraph:  EnterprisePak pak cache file ../../../Enterprise/DerivedDataCache/Compressed.ddp not found, will not use a pak cache.
[2020.12.01-03.56.34:055][  0]LogDerivedDataCache: Unable to find inner node EnterprisePak for hierarchical cache Hierarchy.
[2020.12.01-03.56.34:056][  0]LogDerivedDataCache: Using Local data cache path C:/Users/Windows PC/AppData/Local/UnrealEngine/Common/DerivedDataCache: Writable
[2020.12.01-03.56.34:056][  0]LogDerivedDataCache: Shared data cache path not found in *engine.ini, will not use an Shared cache.
[2020.12.01-03.56.34:056][  0]LogDerivedDataCache: Unable to find inner node Shared for hierarchical cache Hierarchy.
[2020.12.01-03.56.34:099][  0]LogSlate: Using FreeType 2.10.0
[2020.12.01-03.56.34:100][  0]LogSlate: SlateFontServices - WITH_FREETYPE: 1, WITH_HARFBUZZ: 1
[2020.12.01-03.56.34:190][  0]LogAssetRegistry: FAssetRegistry took 0.0020 seconds to start up
[2020.12.01-03.56.34:390][  0]LogInit: Selected Device Profile: [Windows]
[2020.12.01-03.56.34:620][  0]LogMeshReduction: Using QuadricMeshReduction for automatic static mesh reduction
[2020.12.01-03.56.34:620][  0]LogMeshReduction: Using SimplygonMeshReduction for automatic skeletal mesh reduction
[2020.12.01-03.56.34:620][  0]LogMeshReduction: Using ProxyLODMeshReduction for automatic mesh merging
[2020.12.01-03.56.34:620][  0]LogMeshReduction: No distributed automatic mesh merging module available
[2020.12.01-03.56.34:620][  0]LogMeshMerging: No distributed automatic mesh merging module available
[2020.12.01-03.56.34:662][  0]LogNetVersion: DeathStrikes 1.0.0, NetCL: 13144385, EngineNetVer: 14, GameNetVer: 0 (Checksum: 3077566668)
[2020.12.01-03.56.37:880][  0]LogAISub: UAISubsystem::UAISubsystem AISubsystem (00000168A34EE9C0), frame # 0
[2020.12.01-03.56.37:880][  0]LogAISub: UAISubsystem::UAISubsystem AIPerceptionSystem (00000168A6D04680), frame # 0
[2020.12.01-03.56.37:881][  0]LogAISub: UAISubsystem::UAISubsystem EnvQueryManager (00000168A34DE800), frame # 0
[2020.12.01-03.56.38:062][  0]LogPackageLocalizationCache: Processed 19 localized package path(s) for 1 prioritized culture(s) in 0.165437 seconds
[2020.12.01-03.56.38:066][  0]LogUObjectArray: 15917 objects as part of root set at end of initial load.
[2020.12.01-03.56.38:066][  0]LogUObjectAllocator: 3965568 out of 0 bytes used by permanent object pool.
[2020.12.01-03.56.38:066][  0]LogUObjectArray: CloseDisregardForGC: 0/0 objects in disregard for GC pool
[2020.12.01-03.56.38:778][  0]LogTcpMessaging: Initializing TcpMessaging bridge
[2020.12.01-03.56.38:782][  0]LogUdpMessaging: Initializing bridge on interface 0.0.0.0:0 to multicast group 230.0.0.1:6666.
[2020.12.01-03.56.38:876][  0]SourceControl: Source control is disabled
[2020.12.01-03.56.38:876][  0]SourceControl: Source control is disabled
[2020.12.01-03.56.38:879][  0]SourceControl: Source control is disabled
[2020.12.01-03.56.38:881][  0]SourceControl: Source control is disabled
[2020.12.01-03.56.38:886][  0]SourceControl: Source control is disabled
[2020.12.01-03.56.39:264][  0]LogAndroidPermission: UAndroidPermissionCallbackProxy::GetInstance
[2020.12.01-03.56.39:280][  0]LogAudioCaptureCore: Display: No Audio Capture implementations found. Audio input will be silent.
[2020.12.01-03.56.39:280][  0]LogAudioCaptureCore: Display: No Audio Capture implementations found. Audio input will be silent.
[2020.12.01-03.56.39:373][  0]LogOcInput: OculusInput pre-init called
[2020.12.01-03.56.39:386][  0]LogWindows: Failed to load 'OVRPlugin.dll' (GetLastError=126)
[2020.12.01-03.56.39:386][  0]LogWindows: File 'OVRPlugin.dll' does not exist
[2020.12.01-03.56.39:470][  0]LogEngine: Initializing Engine...
[2020.12.01-03.56.39:471][  0]LogHMD: Failed to initialize OpenVR with code 110
[2020.12.01-03.56.39:471][  0]LogMagicLeap: Warning: VR disabled because ZI is not enabled.  To enable, in the editor, Edit -> Project Settings -> Plugins -> Magic Leap Plugin -> Enable Zero Iteration
[2020.12.01-03.56.39:471][  0]LogStats: UGameplayTagsManager::InitializeManager -  0.000 s
[2020.12.01-03.56.39:898][  0]LogInit: Initializing FReadOnlyCVARCache
[2020.12.01-03.56.39:906][  0]LogAIModule: Creating AISystem for world Untitled
[2020.12.01-03.56.39:906][  0]LogAISub: UAISubsystem::UAISubsystem EnvQueryManager (00000168AA0D7C00), frame # 0
[2020.12.01-03.56.39:906][  0]LogAISub: UAISubsystem::UAISubsystem AIPerceptionSystem (00000168AA13D940), frame # 0
[2020.12.01-03.56.39:914][  0]LogAudioMixer: Display: Audio Mixer Platform Settings:
[2020.12.01-03.56.39:914][  0]LogAudioMixer: Display: 	Sample Rate:						  48000
[2020.12.01-03.56.39:914][  0]LogAudioMixer: Display: 	Callback Buffer Frame Size Requested: 1024
[2020.12.01-03.56.39:914][  0]LogAudioMixer: Display: 	Callback Buffer Frame Size To Use:	  1024
[2020.12.01-03.56.39:914][  0]LogAudioMixer: Display: 	Number of buffers to queue:			  2
[2020.12.01-03.56.39:914][  0]LogAudioMixer: Display: 	Max Channels (voices):				  32
[2020.12.01-03.56.39:914][  0]LogAudioMixer: Display: 	Number of Async Source Workers:		  0
[2020.12.01-03.56.39:914][  0]LogAudio: Display: AudioDevice MaxSources: 32
[2020.12.01-03.56.39:915][  0]LogAudio: Display: Using built-in audio occlusion.
[2020.12.01-03.56.39:915][  0]LogAudioMixer: Display: Initializing audio mixer.
[2020.12.01-03.56.39:971][  0]LogAudioMixer: Display: 0: FrontLeft
[2020.12.01-03.56.39:971][  0]LogAudioMixer: Display: 1: FrontRight
[2020.12.01-03.56.40:010][  0]LogAudioMixer: Display: Using Audio Device Speakers (Realtek(R) Audio)
[2020.12.01-03.56.40:010][  0]LogAudioMixer: Display: Initializing Sound Submixes...
[2020.12.01-03.56.40:026][  0]LogAudioMixer: Display: Creating Master Submix 'MasterSubmixDefault'
[2020.12.01-03.56.40:026][  0]LogAudioMixer: Display: Creating Master Submix 'MasterReverbSubmixDefault'
[2020.12.01-03.56.40:026][  0]LogAudioMixer: Display: Creating Master Submix 'MasterEQSubmixDefault'
[2020.12.01-03.56.40:028][  0]LogInit: FAudioDevice initialized.
[2020.12.01-03.56.40:028][  0]LogNetVersion: Set ProjectVersion to 1.0.0.0. Version Checksum will be recalculated on next use.
[2020.12.01-03.56.40:140][  0]LogDerivedDataCache: Saved boot cache 0.11s 75MB C:/Users/Windows PC/AppData/Local/UnrealEngine/4.25/DerivedDataCache/Boot.ddc.
[2020.12.01-03.56.40:145][  0]LogInit: Texture streaming: Enabled
[2020.12.01-03.56.40:166][  0]LogEngineSessionManager: EngineSessionManager initialized
[2020.12.01-03.56.40:166][  0]LogEngineSessionManager: EngineSessionManager sent abnormal shutdown report. Type=Crashed, SessionId={9C6AAD4E-447C-A064-8C72-C0B515EA3647}
[2020.12.01-03.56.40:166][  0]LogEditorSessionSummary: Verbose: Initializing EditorSessionSummaryWriter for editor session tracking
[2020.12.01-03.56.40:168][  0]LogEditorSessionSummary: EditorSessionSummaryWriter initialized
[2020.12.01-03.56.40:294][  0]LogInit: Transaction tracking system initialized
[2020.12.01-03.56.40:315][  0]BlueprintLog: New page: Editor Load
[2020.12.01-03.56.40:389][  0]LocalizationService: Localization service is disabled
[2020.12.01-03.56.40:830][  0]LogCook: Display: Max memory allowance for cook 16384mb min free memory 0mb
[2020.12.01-03.56.40:830][  0]LogCook: Display: Mobile HDR setting 1
[2020.12.01-03.56.41:089][  0]LogFileCache: Scanning file cache for directory 'D:/_Git/DeathStrikes/DeathStrikes/Content/' took 0.03s
[2020.12.01-03.56.41:266][  0]SourceControl: Source control is disabled
[2020.12.01-03.56.41:396][  0]LogSlate: Took 0.000137 seconds to synchronously load lazily loaded font '../../../Engine/Content/Slate/Fonts/Roboto-Regular.ttf' (155K)
[2020.12.01-03.56.51:118][  0]LogSlate: Window 'Restore Packages' being destroyed
[2020.12.01-03.56.51:119][  0]LogWindowsTextInputMethodSystem: Display: IME system now deactivated.
[2020.12.01-03.56.51:143][  0]LogWindowsTextInputMethodSystem: Display: IME system now deactivated.
[2020.12.01-03.56.54:436][  0]LogSlate: Window 'Unable to Check Out From Source Control!' being destroyed
[2020.12.01-03.56.54:437][  0]LogWindowsTextInputMethodSystem: Display: IME system now deactivated.
[2020.12.01-03.56.54:442][  0]Message dialog closed, result: Ok, title: Unable to Check Out From Source Control!, text: The following assets could not be successfully checked out from source control:
/Game/ThirdPersonBP/Maps/GameGreybox
[2020.12.01-03.56.54:540][  0]LogWindowsTextInputMethodSystem: Display: IME system now deactivated.
[2020.12.01-03.56.54:541][  0]LogUnrealEdMisc: Loading editor; pre map load, took 34.463
[2020.12.01-03.56.54:541][  0]Cmd: MAP LOAD FILE="../../../../_Git/DeathStrikes/DeathStrikes/Content/ThirdPersonBP/Maps/ThirdPersonExampleMap.umap" TEMPLATE=0 SHOWPROGRESS=1 FEATURELEVEL=3
[2020.12.01-03.56.54:568][  0]LightingResults: New page: Lighting Build
[2020.12.01-03.56.54:568][  0]LogWorld: UWorld::CleanupWorld for Untitled, bSessionEnded=true, bCleanupResources=true
[2020.12.01-03.56.54:568][  0]LogSlate: InvalidateAllWidgets triggered.  All widgets were invalidated
[2020.12.01-03.56.54:568][  0]MapCheck: New page: Map Check
[2020.12.01-03.56.54:568][  0]LightingResults: New page: Lighting Build
[2020.12.01-03.56.54:577][  0]LogAISub: UAISubsystem::~UAISubsystem EnvQueryManager (00000168AA0D7C00), frame # 0
[2020.12.01-03.56.54:577][  0]LogAISub: UAISubsystem::~UAISubsystem AIPerceptionSystem (00000168AA13D940), frame # 0
[2020.12.01-03.56.54:578][  0]LogUObjectHash: Compacting FUObjectHashTables data took   0.72ms
[2020.12.01-03.56.56:290][  0]LogLinker: Warning: While loading '../../../../_Git/DeathStrikes/DeathStrikes/Content/ParagonCountess/Characters/Heroes/Countess/Animations/LevelStart_Montage.uasset' failed to load '/Game/ParagonShinbi/Characters/Heroes/Mudang/Animations/LevelStart': Can't find file.
[2020.12.01-03.56.56:291][  0]LogLinker: Warning: While loading '../../../../_Git/DeathStrikes/DeathStrikes/Content/ParagonCountess/Characters/Heroes/Countess/Animations/LevelStart_Montage.uasset' failed to load '/Game/ParagonShinbi/Characters/Heroes/Mudang/Animations/LevelStart': Can't find file.
[2020.12.01-03.56.56:291][  0]LogLinker: Warning: While loading '../../../../_Git/DeathStrikes/DeathStrikes/Content/ParagonCountess/Characters/Heroes/Countess/Animations/LevelStart_Montage.uasset' failed to load '/Game/ParagonShinbi/Characters/Heroes/Mudang/Animations/LevelStart': Can't find file.
[2020.12.01-03.56.56:291][  0]LogLinker: Warning: While loading '../../../../_Git/DeathStrikes/DeathStrikes/Content/ParagonCountess/Characters/Heroes/Countess/Animations/LevelStart_Montage.uasset' failed to load '/Game/ParagonShinbi/Characters/Heroes/Mudang/Animations/LevelStart': Can't find file.
[2020.12.01-03.56.56:291][  0]LogLinker: Warning: While loading '../../../../_Git/DeathStrikes/DeathStrikes/Content/ParagonCountess/Characters/Heroes/Countess/Animations/LevelStart_Montage.uasset' failed to load '/Game/ParagonShinbi/FX/Particles/Emotes/FX/P_Mudang_LevelStart_Heart': Can't find file.
[2020.12.01-03.56.56:291][  0]LogLinker: Warning: While loading '../../../../_Git/DeathStrikes/DeathStrikes/Content/ParagonCountess/Characters/Heroes/Countess/Animations/LevelStart_Montage.uasset' failed to load '/Game/ParagonShinbi/FX/Particles/Emotes/FX/P_Mudang_LevelStart_Heart': Can't find file.
[2020.12.01-03.56.56:292][  0]LogLinker: Warning: While loading '../../../../_Git/DeathStrikes/DeathStrikes/Content/ParagonCountess/Characters/Heroes/Countess/Animations/LevelStart_Montage.uasset' failed to load '/Game/ParagonShinbi/FX/Particles/Emotes/FX/P_Mudang_LevelStart_Heart': Can't find file.
[2020.12.01-03.56.56:292][  0]LogLinker: Warning: While loading '../../../../_Git/DeathStrikes/DeathStrikes/Content/ParagonCountess/Characters/Heroes/Countess/Animations/LevelStart_Montage.uasset' failed to load '/Game/ParagonShinbi/FX/Particles/Emotes/FX/P_Mudang_LevelStart_Heart': Can't find file.
[2020.12.01-03.56.57:925][  0]LogLinker: Warning: While loading '../../../../_Git/DeathStrikes/DeathStrikes/Content/ThirdPersonBP/Maps/ThirdPersonExampleMap.umap' failed to load '/Game/ThirdPersonBP/Maps/ThirdPersonExampleMap_BuiltData': Can't find file.
[2020.12.01-03.56.57:925][  0]LogLinker: Warning: While loading '../../../../_Git/DeathStrikes/DeathStrikes/Content/ThirdPersonBP/Maps/ThirdPersonExampleMap.umap' failed to load '/Game/ThirdPersonBP/Maps/ThirdPersonExampleMap_BuiltData': Can't find file.
[2020.12.01-03.56.58:021][  0]LogLinker: Warning: While loading '../../../../_Git/DeathStrikes/DeathStrikes/Content/ThirdPersonBP/Maps/ThirdPersonExampleMap.umap' failed to load '/Game/ThirdPersonBP/Maps/ThirdPersonExampleMap_BuiltData': Can't find file.
[2020.12.01-03.56.58:021][  0]LogLinker: Warning: While loading '../../../../_Git/DeathStrikes/DeathStrikes/Content/ThirdPersonBP/Maps/ThirdPersonExampleMap.umap' failed to load '/Game/ThirdPersonBP/Maps/ThirdPersonExampleMap_BuiltData': Can't find file.
[2020.12.01-03.56.58:022][  0]LogLinker: Warning: Failed to load '/Game/ThirdPersonBP/Maps/ThirdPersonExampleMap_BuiltData': Can't find file.
[2020.12.01-03.56.58:022][  0]LogLinker: Warning: Failed to load '/Game/ThirdPersonBP/Maps/ThirdPersonExampleMap_BuiltData': Can't find file.
[2020.12.01-03.56.58:022][  0]LogLinker: Warning: Failed to load '/Game/ThirdPersonBP/Maps/ThirdPersonExampleMap_BuiltData': Can't find file.
[2020.12.01-03.56.58:022][  0]LogLinker: Warning: Failed to load '/Game/ThirdPersonBP/Maps/ThirdPersonExampleMap_BuiltData': Can't find file.
[2020.12.01-03.56.59:102][  0]LogLinker: Warning: While loading '../../../../_Git/DeathStrikes/DeathStrikes/Content/ParagonCountess/Characters/Heroes/Countess/Animations/LevelStart_Montage.uasset' failed to load '/Game/ParagonShinbi/Characters/Heroes/Mudang/Animations/LevelStart': Can't find file.
[2020.12.01-03.56.59:102][  0]LoadErrors: Failed to load /Game/ParagonShinbi/Characters/Heroes/Mudang/Animations/LevelStart.LevelStart Referenced by LevelStart_Montage
[2020.12.01-03.56.59:102][  0]LogLinker: Warning: While loading '../../../../_Git/DeathStrikes/DeathStrikes/Content/ParagonCountess/Characters/Heroes/Countess/Animations/LevelStart_Montage.uasset' failed to load '/Game/ParagonShinbi/Characters/Heroes/Mudang/Animations/LevelStart': Can't find file.
[2020.12.01-03.56.59:102][  0]LoadErrors: Failed to load /Game/ParagonShinbi/Characters/Heroes/Mudang/Animations/LevelStart.LevelStart Referenced by LevelStart_Montage
[2020.12.01-03.56.59:102][  0]LogLinker: Warning: While loading '../../../../_Git/DeathStrikes/DeathStrikes/Content/ParagonCountess/Characters/Heroes/Countess/Animations/LevelStart_Montage.uasset' failed to load '/Game/ParagonShinbi/Characters/Heroes/Mudang/Animations/LevelStart': Can't find file.
[2020.12.01-03.56.59:102][  0]LoadErrors: Failed to load /Game/ParagonShinbi/Characters/Heroes/Mudang/Animations/LevelStart.LevelStart Referenced by LevelStart_Montage
[2020.12.01-03.56.59:103][  0]LogLinker: Warning: While loading '../../../../_Git/DeathStrikes/DeathStrikes/Content/ParagonCountess/Characters/Heroes/Countess/Animations/LevelStart_Montage.uasset' failed to load '/Game/ParagonShinbi/Characters/Heroes/Mudang/Animations/LevelStart': Can't find file.
[2020.12.01-03.56.59:103][  0]LoadErrors: Failed to load /Game/ParagonShinbi/Characters/Heroes/Mudang/Animations/LevelStart.LevelStart Referenced by LevelStart_Montage
[2020.12.01-03.56.59:103][  0]LogLinker: Warning: While loading '../../../../_Git/DeathStrikes/DeathStrikes/Content/ParagonCountess/Characters/Heroes/Countess/Animations/LevelStart_Montage.uasset' failed to load '/Game/ParagonShinbi/FX/Particles/Emotes/FX/P_Mudang_LevelStart_Heart': Can't find file.
[2020.12.01-03.56.59:103][  0]LoadErrors: Failed to load /Game/ParagonShinbi/FX/Particles/Emotes/FX/P_Mudang_LevelStart_Heart.P_Mudang_LevelStart_Heart Referenced by AnimNotify_PlayParticleEffect_0
[2020.12.01-03.56.59:103][  0]LogLinker: Warning: While loading '../../../../_Git/DeathStrikes/DeathStrikes/Content/ParagonCountess/Characters/Heroes/Countess/Animations/LevelStart_Montage.uasset' failed to load '/Game/ParagonShinbi/FX/Particles/Emotes/FX/P_Mudang_LevelStart_Heart': Can't find file.
[2020.12.01-03.56.59:103][  0]LoadErrors: Failed to load /Game/ParagonShinbi/FX/Particles/Emotes/FX/P_Mudang_LevelStart_Heart.P_Mudang_LevelStart_Heart Referenced by AnimNotify_PlayParticleEffect_0
[2020.12.01-03.56.59:116][  0]LogLinker: Warning: While loading '../../../../_Git/DeathStrikes/DeathStrikes/Content/ThirdPersonBP/Maps/ThirdPersonExampleMap.umap' failed to load '/Game/ThirdPersonBP/Maps/ThirdPersonExampleMap_BuiltData': Can't find file.
[2020.12.01-03.56.59:116][  0]LoadErrors: Failed to load /Game/ThirdPersonBP/Maps/ThirdPersonExampleMap_BuiltData.ThirdPersonExampleMap_BuiltData Referenced by PersistentLevel
[2020.12.01-03.56.59:116][  0]LogLinker: Warning: While loading '../../../../_Git/DeathStrikes/DeathStrikes/Content/ThirdPersonBP/Maps/ThirdPersonExampleMap.umap' failed to load '/Game/ThirdPersonBP/Maps/ThirdPersonExampleMap_BuiltData': Can't find file.
[2020.12.01-03.56.59:116][  0]LoadErrors: Failed to load /Game/ThirdPersonBP/Maps/ThirdPersonExampleMap_BuiltData.ThirdPersonExampleMap_BuiltData Referenced by PersistentLevel
[2020.12.01-03.57.00:177][  0]LogAIModule: Creating AISystem for world ThirdPersonExampleMap
[2020.12.01-03.57.00:177][  0]LogAISub: UAISubsystem::UAISubsystem EnvQueryManager (00000168C0931000), frame # 0
[2020.12.01-03.57.00:177][  0]LogAISub: UAISubsystem::UAISubsystem AIPerceptionSystem (0000016898D1F9C0), frame # 0
[2020.12.01-03.57.00:193][  0]LogScript: Warning: Script Msg: Divide by zero detected: 0.000000 / 0
Script call stack:
	Function /Game/ParagonGreystone/Characters/Heroes/Greystone/Greystone_AnimBlueprint.Greystone_AnimBlueprint_C:BlueprintUpdateAnimation
	Function /Game/ParagonGreystone/Characters/Heroes/Greystone/Greystone_AnimBlueprint.Greystone_AnimBlueprint_C:ExecuteUbergraph_Greystone_AnimBlueprint

[2020.12.01-03.57.00:195][  0]LogScript: Warning: Script Msg: Divide by zero detected: 0.000000 / 0
Script call stack:
	Function /Game/ParagonGreystone/Characters/Heroes/Greystone/Greystone_AnimBlueprint.Greystone_AnimBlueprint_C:BlueprintUpdateAnimation
	Function /Game/ParagonGreystone/Characters/Heroes/Greystone/Greystone_AnimBlueprint.Greystone_AnimBlueprint_C:ExecuteUbergraph_Greystone_AnimBlueprint

[2020.12.01-03.57.00:198][  0]LogEditorServer: Finished looking for orphan Actors (0.000 secs)
[2020.12.01-03.57.00:224][  0]LogUObjectHash: Compacting FUObjectHashTables data took   2.15ms
[2020.12.01-03.57.00:229][  0]Cmd: MAP CHECKDEP NOCLEARLOG
[2020.12.01-03.57.00:229][  0]MapCheck: Map check complete: 0 Error(s), 0 Warning(s), took 0.219ms to complete.
[2020.12.01-03.57.00:229][  0]LogFileHelpers: Loading map 'ThirdPersonExampleMap' took 5.688
[2020.12.01-03.57.00:231][  0]LogUnrealEdMisc: Total Editor Startup Time, took 40.153
[2020.12.01-03.57.00:332][  0]LogSlate: Updating window title bar state: overlay mode, drag disabled, window buttons hidden, title bar hidden
[2020.12.01-03.57.00:338][  0]LogSlate: Updating window title bar state: overlay mode, drag disabled, window buttons hidden, title bar hidden
[2020.12.01-03.57.00:344][  0]LogSlate: Updating window title bar state: overlay mode, drag disabled, window buttons hidden, title bar hidden
[2020.12.01-03.57.00:350][  0]LogSlate: Updating window title bar state: overlay mode, drag disabled, window buttons hidden, title bar hidden
[2020.12.01-03.57.00:360][  0]LogCollectionManager: Loaded 0 collections in 0.001597 seconds
[2020.12.01-03.57.00:370][  0]LogFileCache: Scanning file cache for directory 'D:/_Git/DeathStrikes/DeathStrikes/Saved/Collections/' took 0.00s
[2020.12.01-03.57.00:370][  0]LogFileCache: Scanning file cache for directory 'D:/_Git/DeathStrikes/DeathStrikes/Content/Developers/WindowsPC/Collections/' took 0.00s
[2020.12.01-03.57.00:370][  0]LogFileCache: Scanning file cache for directory 'D:/_Git/DeathStrikes/DeathStrikes/Content/Collections/' took 0.00s
[2020.12.01-03.57.00:370][  0]LogContentBrowser: Native class hierarchy populated in 0.0075 seconds. Added 3427 classes and 821 folders.
[2020.12.01-03.57.00:372][  0]LogContentBrowser: Native class hierarchy updated for 'WidgetCarousel' in 0.0002 seconds. Added 0 classes and 0 folders.
[2020.12.01-03.57.00:658][  0]LogContentBrowser: Native class hierarchy updated for 'AddContentDialog' in 0.0003 seconds. Added 0 classes and 0 folders.
[2020.12.01-03.57.00:659][  0]LogContentBrowser: Native class hierarchy updated for 'SceneOutliner' in 0.0002 seconds. Added 2 classes and 0 folders.
[2020.12.01-03.57.00:688][  0]LogSlate: Took 0.000167 seconds to synchronously load lazily loaded font '../../../Engine/Content/Slate/Fonts/Roboto-Bold.ttf' (160K)
[2020.12.01-03.57.00:703][  0]LogSlate: Took 0.011774 seconds to synchronously load lazily loaded font '../../../Engine/Content/Editor/Slate/Fonts/FontAwesome.ttf' (139K)
[2020.12.01-03.57.00:795][  0]LogRenderer: Reallocating scene render targets to support 628x320 Format 10 NumSamples 1 (Frame:1).
[2020.12.01-03.57.00:877][  0]LogContentBrowser: Native class hierarchy updated for 'HierarchicalLODOutliner' in 0.0002 seconds. Added 0 classes and 0 folders.
[2020.12.01-03.57.00:877][  0]LogLoad: (Engine Initialization) Total time: 40.80 seconds
[2020.12.01-03.57.00:877][  0]LogLoad: (Engine Initialization) Total Blueprint compile time: 0.00 seconds
[2020.12.01-03.57.00:933][  0]LogContentStreaming: Texture pool size now 1000 MB
[2020.12.01-03.57.01:015][  0]LogSlate: Took 0.003326 seconds to synchronously load lazily loaded font '../../../Engine/Content/Slate/Fonts/Roboto-Light.ttf' (167K)
[2020.12.01-03.57.01:038][  0]LogSlate: Took 0.004493 seconds to synchronously load lazily loaded font '../../../Engine/Content/Slate/Fonts/DroidSansMono.ttf' (77K)
[2020.12.01-03.57.01:070][  1]LogAssetRegistry: Asset discovery search completed in 26.8814 seconds
[2020.12.01-03.57.01:074][  1]LogCollectionManager: Fixed up redirectors for 0 collections in 0.000002 seconds (updated 0 objects)
[2020.12.01-03.57.01:144][  2]LogScript: Warning: Script Msg: Divide by zero detected: 0.000000 / 0
Script call stack:
	Function /Game/ParagonGreystone/Characters/Heroes/Greystone/Greystone_AnimBlueprint.Greystone_AnimBlueprint_C:BlueprintUpdateAnimation
	Function /Game/ParagonGreystone/Characters/Heroes/Greystone/Greystone_AnimBlueprint.Greystone_AnimBlueprint_C:ExecuteUbergraph_Greystone_AnimBlueprint

[2020.12.01-03.57.02:487][135]LogSlate: Window 'Message Log' being destroyed
[2020.12.01-03.57.02:490][135]LogSlate: Window 'Message Log' being destroyed
[2020.12.01-03.57.08:615][804]LogSlate: Took 0.000114 seconds to synchronously load lazily loaded font '../../../Engine/Content/Slate/Fonts/Roboto-Light.ttf' (167K)
[2020.12.01-03.57.08:659][804]LogAssetEditorSubsystem: Opening Asset editor for World /Game/ThirdPersonBP/Maps/GameGreybox.GameGreybox
[2020.12.01-03.57.08:673][804]LogUObjectHash: Compacting FUObjectHashTables data took   0.71ms
[2020.12.01-03.57.08:675][804]Cmd: MAP LOAD FILE="../../../../_Git/DeathStrikes/DeathStrikes/Content/ThirdPersonBP/Maps/GameGreybox.umap" TEMPLATE=0 SHOWPROGRESS=1 FEATURELEVEL=3
[2020.12.01-03.57.08:675][804]LightingResults: New page: Lighting Build
[2020.12.01-03.57.08:675][804]LoadErrors: New page: Loading map: GameGreybox.umap
[2020.12.01-03.57.08:677][804]LogWorld: UWorld::CleanupWorld for ThirdPersonExampleMap, bSessionEnded=true, bCleanupResources=true
[2020.12.01-03.57.08:677][804]LogSlate: InvalidateAllWidgets triggered.  All widgets were invalidated
[2020.12.01-03.57.08:677][804]MapCheck: New page: Map Check
[2020.12.01-03.57.08:677][804]LightingResults: New page: Lighting Build
[2020.12.01-03.57.08:687][804]LogAISub: UAISubsystem::~UAISubsystem EnvQueryManager (00000168C0931000), frame # 804
[2020.12.01-03.57.08:687][804]LogAISub: UAISubsystem::~UAISubsystem AIPerceptionSystem (0000016898D1F9C0), frame # 804
[2020.12.01-03.57.08:688][804]LogUObjectHash: Compacting FUObjectHashTables data took   0.71ms
[2020.12.01-03.57.08:692][804]LogEditorServer: Finished looking for orphan Actors (0.000 secs)
[2020.12.01-03.57.08:692][804]LogAIModule: Creating AISystem for world GameGreybox
[2020.12.01-03.57.08:692][804]LogAISub: UAISubsystem::UAISubsystem EnvQueryManager (00000168C0812200), frame # 804
[2020.12.01-03.57.08:692][804]LogAISub: UAISubsystem::UAISubsystem AIPerceptionSystem (0000016898A9E5C0), frame # 804
[2020.12.01-03.57.08:713][804]LogUObjectHash: Compacting FUObjectHashTables data took   0.61ms
[2020.12.01-03.57.08:757][804]Cmd: MAP CHECKDEP NOCLEARLOG
[2020.12.01-03.57.08:757][804]MapCheck: Map check complete: 0 Error(s), 0 Warning(s), took 0.099ms to complete.
[2020.12.01-03.57.08:757][804]LogFileHelpers: Loading map 'GameGreybox' took 0.082
[2020.12.01-03.57.57:751][137]Cmd: EDIT COPY
[2020.12.01-03.57.58:112][180]Cmd: EDIT PASTE
[2020.12.01-03.58.26:295][354]LogSlate: Took 0.000127 seconds to synchronously load lazily loaded font '../../../Engine/Content/Slate/Fonts/Roboto-Italic.ttf' (157K)
[2020.12.01-03.58.55:292][641]LogGeometryMode: Warning: Unable to find SpiralStairBrush3 Brush(s) in new BSP
[2020.12.01-03.58.55:292][641]LogGeometryMode: Warning: Unable to find all previously selected geometry data, resetting selection
[2020.12.01-03.59.05:047][679]Cmd: TRANSACTION UNDO
[2020.12.01-03.59.05:047][679]LogEditorTransaction: Undo Move Actors
[2020.12.01-03.59.05:696][703]LogDialogs: Warning: Suppressed: Extrude only works with Local Coordinates System
[2020.12.01-03.59.08:066][936]Cmd: TRANSACTION UNDO
[2020.12.01-03.59.08:066][936]LogEditorTransaction: Undo Move Actors
[2020.12.01-03.59.08:144][936]LogGeometryMode: Warning: Unable to find 1 Poly(s) in new BSP
[2020.12.01-03.59.08:144][936]LogGeometryMode: Warning: Unable to resolve SpiralStairBrush3 Brush in new BSP, see above
[2020.12.01-03.59.08:144][936]LogGeometryMode: Warning: Unable to find all previously selected geometry data, resetting selection
[2020.12.01-03.59.08:495][945]Cmd: TRANSACTION UNDO
[2020.12.01-03.59.08:495][945]LogEditorTransaction: Undo Modifier [Edit]
[2020.12.01-03.59.16:037][735]Cmd: TRANSACTION UNDO
[2020.12.01-03.59.16:037][735]LogEditorTransaction: Undo Move Actors
[2020.12.01-03.59.16:117][735]LogGeometryMode: Warning: Unable to find 1 Poly(s) in new BSP
[2020.12.01-03.59.16:117][735]LogGeometryMode: Warning: Unable to resolve SpiralStairBrush3 Brush in new BSP, see above
[2020.12.01-03.59.16:117][735]LogGeometryMode: Warning: Unable to find all previously selected geometry data, resetting selection
[2020.12.01-03.59.24:073][541]LogGeometryMode: Warning: Unable to find Wall4 Brush(s) in new BSP
[2020.12.01-03.59.24:073][541]LogGeometryMode: Warning: Unable to find all previously selected geometry data, resetting selection
[2020.12.01-03.59.29:376][151]Cmd: TRANSACTION UNDO
[2020.12.01-03.59.29:376][151]LogEditorTransaction: Undo Move Actors
[2020.12.01-03.59.29:454][151]LogGeometryMode: Warning: Unable to find 1 Poly(s) in new BSP
[2020.12.01-03.59.29:454][151]LogGeometryMode: Warning: Unable to resolve Wall4 Brush in new BSP, see above
[2020.12.01-03.59.29:454][151]LogGeometryMode: Warning: Unable to find all previously selected geometry data, resetting selection
[2020.12.01-04.00.03:972][ 27]Cmd: TRANSACTION UNDO
[2020.12.01-04.00.03:972][ 27]LogEditorTransaction: Undo Move Actors
[2020.12.01-04.00.04:047][ 27]LogGeometryMode: Warning: Unable to find 1 Poly(s) in new BSP
[2020.12.01-04.00.04:047][ 27]LogGeometryMode: Warning: Unable to resolve Wall4 Brush in new BSP, see above
[2020.12.01-04.00.04:047][ 27]LogGeometryMode: Warning: Unable to find all previously selected geometry data, resetting selection
[2020.12.01-04.00.14:498][168]Cmd: TRANSACTION UNDO
[2020.12.01-04.00.14:498][168]LogEditorTransaction: Undo Move Actors
[2020.12.01-04.00.14:576][168]LogGeometryMode: Warning: Unable to find 2 Poly(s) in new BSP
[2020.12.01-04.00.14:576][168]LogGeometryMode: Warning: Unable to resolve Wall4 Brush in new BSP, see above
[2020.12.01-04.00.14:576][168]LogGeometryMode: Warning: Unable to find all previously selected geometry data, resetting selection
[2020.12.01-04.00.19:247][636]LogOutputDevice: Warning: 

Script Stack (0 frames):

[2020.12.01-04.00.19:248][636]LogWindows: Windows GetLastError: The operation completed successfully. (0)
[2020.12.01-04.00.20:839][636]LogWindows: Error: === Critical error: ===
[2020.12.01-04.00.20:839][636]LogWindows: Error: 
[2020.12.01-04.00.20:839][636]LogWindows: Error: Assertion failed: (Index >= 0) & (Index < ArrayNum) [File:D:\Build\++UE4+Licensee\Sync\Engine\Source\Runtime\Core\Public\Containers/Array.h] [Line: 674] 
[2020.12.01-04.00.20:839][636]LogWindows: Error: Array index out of bounds: 8 from an array of size 6
[2020.12.01-04.00.20:839][636]LogWindows: Error: 
[2020.12.01-04.00.20:839][636]LogWindows: Error: 
[2020.12.01-04.00.20:839][636]LogWindows: Error: [Callstack] 0x00007ff99b693b29 KERNELBASE.dll!UnknownFunction []
[2020.12.01-04.00.20:839][636]LogWindows: Error: [Callstack] 0x00007ff96892e9e6 UE4Editor-Core.dll!UnknownFunction []
[2020.12.01-04.00.20:839][636]LogWindows: Error: [Callstack] 0x00007ff968931dc8 UE4Editor-Core.dll!UnknownFunction []
[2020.12.01-04.00.20:839][636]LogWindows: Error: [Callstack] 0x00007ff9686be53d UE4Editor-Core.dll!UnknownFunction []
[2020.12.01-04.00.20:839][636]LogWindows: Error: [Callstack] 0x00007ff9686497b5 UE4Editor-Core.dll!UnknownFunction []
[2020.12.01-04.00.20:839][636]LogWindows: Error: [Callstack] 0x00007ff96864baf0 UE4Editor-Core.dll!UnknownFunction []
[2020.12.01-04.00.20:839][636]LogWindows: Error: [Callstack] 0x00007ff918f15438 UE4Editor-GeometryMode.dll!UnknownFunction []
[2020.12.01-04.00.20:839][636]LogWindows: Error: [Callstack] 0x00007ff918ed7f4e UE4Editor-GeometryMode.dll!UnknownFunction []
[2020.12.01-04.00.20:839][636]LogWindows: Error: [Callstack] 0x00007ff918ef1896 UE4Editor-GeometryMode.dll!UnknownFunction []
[2020.12.01-04.00.20:839][636]LogWindows: Error: [Callstack] 0x00007ff918ef347b UE4Editor-GeometryMode.dll!UnknownFunction []
[2020.12.01-04.00.20:839][636]LogWindows: Error: [Callstack] 0x00007ff918ef175d UE4Editor-GeometryMode.dll!UnknownFunction []
[2020.12.01-04.00.20:839][636]LogWindows: Error: [Callstack] 0x00007ff93476a358 UE4Editor-UnrealEd.dll!UnknownFunction []
[2020.12.01-04.00.20:839][636]LogWindows: Error: [Callstack] 0x00007ff9346fd772 UE4Editor-UnrealEd.dll!UnknownFunction []
[2020.12.01-04.00.20:839][636]LogWindows: Error: [Callstack] 0x00007ff93476b77c UE4Editor-UnrealEd.dll!UnknownFunction []
[2020.12.01-04.00.20:839][636]LogWindows: Error: [Callstack] 0x00007ff934b30dde UE4Editor-UnrealEd.dll!UnknownFunction []
[2020.12.01-04.00.20:839][636]LogWindows: Error: [Callstack] 0x00007ff934794f68 UE4Editor-UnrealEd.dll!UnknownFunction []
[2020.12.01-04.00.20:839][636]LogWindows: Error: [Callstack] 0x00007ff934790393 UE4Editor-UnrealEd.dll!UnknownFunction []
[2020.12.01-04.00.20:839][636]LogWindows: Error: [Callstack] 0x00007ff934b4405f UE4Editor-UnrealEd.dll!UnknownFunction []
[2020.12.01-04.00.20:839][636]LogWindows: Error: [Callstack] 0x00007ff9346ab2ed UE4Editor-UnrealEd.dll!UnknownFunction []
[2020.12.01-04.00.20:839][636]LogWindows: Error: [Callstack] 0x00007ff934f81d06 UE4Editor-UnrealEd.dll!UnknownFunction []
[2020.12.01-04.00.20:839][636]LogWindows: Error: [Callstack] 0x00007ff7afbd7800 UE4Editor.exe!UnknownFunction []
[2020.12.01-04.00.20:839][636]LogWindows: Error: [Callstack] 0x00007ff7afbeba7c UE4Editor.exe!UnknownFunction []
[2020.12.01-04.00.20:839][636]LogWindows: Error: [Callstack] 0x00007ff7afbebb5a UE4Editor.exe!UnknownFunction []
[2020.12.01-04.00.20:839][636]LogWindows: Error: [Callstack] 0x00007ff7afbfe31d UE4Editor.exe!UnknownFunction []
[2020.12.01-04.00.20:839][636]LogWindows: Error: [Callstack] 0x00007ff7afc0145a UE4Editor.exe!UnknownFunction []
[2020.12.01-04.00.20:839][636]LogWindows: Error: [Callstack] 0x00007ff99db47c24 KERNEL32.DLL!UnknownFunction []
[2020.12.01-04.00.20:839][636]LogWindows: Error: [Callstack] 0x00007ff99e3ad4d1 ntdll.dll!UnknownFunction []
[2020.12.01-04.00.20:839][636]LogWindows: Error: 
[2020.12.01-04.00.20:860][636]LogExit: Executing StaticShutdownAfterError
[2020.12.01-04.00.20:863][636]LogWindows: FPlatformMisc::RequestExit(1)
[2020.12.01-04.00.20:863][636]LogCore: Engine exit requested (reason: Win RequestExit)
[2020.12.01-04.00.20:874][636]Log file closed, 12/01/20 15:00:20
