Log file open, 03/20/21 19:17:21
LogInit: Display: Running engine for game: DeathStrikes
LogPlatformFile: Not using cached read wrapper
LogTaskGraph: Started task graph with 5 named threads and 23 total threads with 3 sets of task threads.
LogStats: Stats thread started at 0.229248
LogD3D11RHI: Loaded GFSDK_Aftermath_Lib.x64.dll
LogICUInternationalization: ICU TimeZone Detection - Raw Offset: +10:00, Platform Override: ''
LogPluginManager: Mounting plugin Paper2D
LogPluginManager: Mounting plugin AISupport
LogPluginManager: Mounting plugin LightPropagationVolume
LogPluginManager: Mounting plugin CameraShakePreviewer
LogPluginManager: Mounting plugin ActorLayerUtilities
LogPluginManager: Mounting plugin AnimationSharing
LogPluginManager: Mounting plugin CLionSourceCodeAccess
LogPluginManager: Mounting plugin CodeLiteSourceCodeAccess
LogPluginManager: Mounting plugin GitSourceControl
LogPluginManager: Mounting plugin KDevelopSourceCodeAccess
LogPluginManager: Mounting plugin NullSourceCodeAccess
LogPluginManager: Mounting plugin PerforceSourceControl
LogPluginManager: Mounting plugin PlasticSourceControl
LogPluginManager: Mounting plugin RiderSourceCodeAccess
LogPluginManager: Mounting plugin SubversionSourceControl
LogPluginManager: Mounting plugin UObjectPlugin
LogPluginManager: Mounting plugin VisualStudioCodeSourceCodeAccess
LogPluginManager: Mounting plugin VisualStudioSourceCodeAccess
LogPluginManager: Mounting plugin XCodeSourceCodeAccess
LogPluginManager: Mounting plugin AssetManagerEditor
LogPluginManager: Mounting plugin CryptoKeys
LogPluginManager: Mounting plugin CurveEditorTools
LogPluginManager: Mounting plugin DataValidation
LogPluginManager: Mounting plugin EditorScriptingUtilities
LogPluginManager: Mounting plugin FacialAnimation
LogPluginManager: Mounting plugin GameplayTagsEditor
LogPluginManager: Mounting plugin GeometryMode
LogPluginManager: Mounting plugin MacGraphicsSwitching
LogPluginManager: Mounting plugin MaterialAnalyzer
LogPluginManager: Mounting plugin MobileLauncherProfileWizard
LogPluginManager: Mounting plugin PluginBrowser
LogPluginManager: Mounting plugin SpeedTreeImporter
LogPluginManager: Mounting plugin DatasmithContent
LogPluginManager: Mounting plugin VariantManagerContent
LogPluginManager: Mounting plugin AlembicImporter
LogPluginManager: Mounting plugin AutomationUtils
LogPluginManager: Mounting plugin BackChannel
LogPluginManager: Mounting plugin ChaosCloth
LogPluginManager: Mounting plugin ChaosClothEditor
LogPluginManager: Mounting plugin ChaosEditor
LogPluginManager: Mounting plugin ChaosNiagara
LogPluginManager: Mounting plugin ChaosSolverPlugin
LogPluginManager: Mounting plugin CharacterAI
LogPluginManager: Mounting plugin GeometryCache
LogPluginManager: Mounting plugin GeometryCollectionPlugin
LogPluginManager: Mounting plugin GeometryProcessing
LogPluginManager: Mounting plugin PlanarCut
LogPluginManager: Mounting plugin PlatformCrypto
LogPluginManager: Mounting plugin ProxyLODPlugin
LogPluginManager: Mounting plugin SkeletalReduction
LogPluginManager: Mounting plugin Niagara
LogPluginManager: Mounting plugin MagicLeap
LogPluginManager: Mounting plugin MagicLeapLightEstimation
LogPluginManager: Mounting plugin MagicLeapMedia
LogPluginManager: Mounting plugin MagicLeapPassableWorld
LogPluginManager: Mounting plugin MLSDK
LogPluginManager: Mounting plugin AndroidMedia
LogPluginManager: Mounting plugin AvfMedia
LogPluginManager: Mounting plugin ImgMedia
LogPluginManager: Mounting plugin MediaCompositing
LogPluginManager: Mounting plugin MediaPlayerEditor
LogPluginManager: Mounting plugin WebMMedia
LogPluginManager: Mounting plugin WmfMedia
LogPluginManager: Mounting plugin MeshPainting
LogPluginManager: Mounting plugin TcpMessaging
LogPluginManager: Mounting plugin UdpMessaging
LogPluginManager: Mounting plugin ActorSequence
LogPluginManager: Mounting plugin LevelSequenceEditor
LogPluginManager: Mounting plugin MatineeToLevelSequence
LogPluginManager: Mounting plugin MovieRenderPipeline
LogPluginManager: Mounting plugin TemplateSequence
LogPluginManager: Mounting plugin NetcodeUnitTest
LogPluginManager: Mounting plugin NUTUnrealEngine4
LogPluginManager: Mounting plugin OnlineSubsystemGooglePlay
LogPluginManager: Mounting plugin OnlineSubsystemIOS
LogPluginManager: Mounting plugin OnlineSubsystem
LogPluginManager: Mounting plugin OnlineSubsystemNull
LogPluginManager: Mounting plugin OnlineSubsystemUtils
LogPluginManager: Mounting plugin LauncherChunkInstaller
LogPluginManager: Mounting plugin AndroidDeviceProfileSelector
LogPluginManager: Mounting plugin AndroidMoviePlayer
LogPluginManager: Mounting plugin AndroidPermission
LogPluginManager: Mounting plugin AppleImageUtils
LogPluginManager: Mounting plugin AppleMoviePlayer
LogPluginManager: Mounting plugin ArchVisCharacter
LogPluginManager: Mounting plugin AssetTags
LogPluginManager: Mounting plugin AudioCapture
LogPluginManager: Mounting plugin CableComponent
LogPluginManager: Mounting plugin CustomMeshComponent
LogPluginManager: Mounting plugin EditableMesh
LogPluginManager: Mounting plugin ExampleDeviceProfileSelector
LogPluginManager: Mounting plugin GoogleCloudMessaging
LogPluginManager: Mounting plugin GooglePAD
LogPluginManager: Mounting plugin IOSDeviceProfileSelector
LogPluginManager: Mounting plugin LinuxDeviceProfileSelector
LogPluginManager: Mounting plugin LocationServicesBPLibrary
LogPluginManager: Mounting plugin MobilePatchingUtils
LogPluginManager: Mounting plugin OculusVR
LogPluginManager: Mounting plugin PhysXVehicles
LogPluginManager: Mounting plugin PostSplashScreen
LogPluginManager: Mounting plugin ProceduralMeshComponent
LogPluginManager: Mounting plugin RuntimePhysXCooking
LogPluginManager: Mounting plugin SignificanceManager
LogPluginManager: Mounting plugin SoundFields
LogPluginManager: Mounting plugin SteamVR
LogPluginManager: Mounting plugin Synthesis
LogPluginManager: Mounting plugin WebMMoviePlayer
LogPluginManager: Mounting plugin WindowsMoviePlayer
LogPluginManager: Mounting plugin ScreenshotTools
LogInit: Using libcurl 7.55.1-DEV
LogInit:  - built for x86_64-pc-win32
LogInit:  - supports SSL with OpenSSL/1.1.1
LogInit:  - supports HTTP deflate (compression) using libz 1.2.8
LogInit:  - other features:
LogInit:      CURL_VERSION_SSL
LogInit:      CURL_VERSION_LIBZ
LogInit:      CURL_VERSION_IPV6
LogInit:      CURL_VERSION_ASYNCHDNS
LogInit:      CURL_VERSION_LARGEFILE
LogInit:      CURL_VERSION_IDN
LogInit:  CurlRequestOptions (configurable via config and command line):
LogInit:  - bVerifyPeer = true  - Libcurl will verify peer certificate
LogInit:  - bUseHttpProxy = false  - Libcurl will NOT use HTTP proxy
LogInit:  - bDontReuseConnections = false  - Libcurl will reuse connections
LogInit:  - MaxHostConnections = 16  - Libcurl will limit the number of connections to a host
LogInit:  - LocalHostAddr = Default
LogInit:  - BufferSize = 65536
LogOnline: OSS: Creating online subsystem instance for: NULL
LogInit: WinSock: version 1.1 (2.2), MaxSocks=32767, MaxUdp=65467
LogOnline: OSS: TryLoadSubsystemAndSetDefault: Loaded subsystem for module [NULL]
LogInit: Build: ++UE4+Release-4.25-CL-14469661
LogInit: Engine Version: 4.25.4-14469661+++UE4+Release-4.25
LogInit: Compatible Engine Version: 4.25.0-13144385+++UE4+Release-4.25
LogInit: Net CL: 13144385
LogInit: OS: Windows 10 (Release 2004) (), CPU: Intel(R) Core(TM) i7-7700 CPU @ 3.60GHz, GPU: NVIDIA GeForce GTX 1060 6GB
LogInit: Compiled (64-bit): Oct 11 2020 08:10:49
LogInit: Compiled with Visual C++: 19.24.28315.00
LogInit: Build Configuration: Development
LogInit: Branch Name: ++UE4+Release-4.25
LogInit: Command Line: 
LogInit: Base Directory: D:/Program Files/Unreal Engine/UE_4.25/Engine/Binaries/Win64/
LogInit: Allocator: TBB
LogInit: Installed Engine Build: 1
LogDevObjectVersion: Number of dev versions registered: 26
LogDevObjectVersion:   Dev-Blueprints (B0D832E4-1F89-4F0D-ACCF-7EB736FD4AA2): 10
LogDevObjectVersion:   Dev-Build (E1C64328-A22C-4D53-A36C-8E866417BD8C): 0
LogDevObjectVersion:   Dev-Core (375EC13C-06E4-48FB-B500-84F0262A717E): 4
LogDevObjectVersion:   Dev-Editor (E4B068ED-F494-42E9-A231-DA0B2E46BB41): 38
LogDevObjectVersion:   Dev-Framework (CFFC743F-43B0-4480-9391-14DF171D2073): 37
LogDevObjectVersion:   Dev-Mobile (B02B49B5-BB20-44E9-A304-32B752E40360): 2
LogDevObjectVersion:   Dev-Networking (A4E4105C-59A1-49B5-A7C5-40C4547EDFEE): 0
LogDevObjectVersion:   Dev-Online (39C831C9-5AE6-47DC-9A44-9C173E1C8E7C): 0
LogDevObjectVersion:   Dev-Physics (78F01B33-EBEA-4F98-B9B4-84EACCB95AA2): 4
LogDevObjectVersion:   Dev-Platform (6631380F-2D4D-43E0-8009-CF276956A95A): 0
LogDevObjectVersion:   Dev-Rendering (12F88B9F-8875-4AFC-A67C-D90C383ABD29): 43
LogDevObjectVersion:   Dev-Sequencer (7B5AE74C-D270-4C10-A958-57980B212A5A): 12
LogDevObjectVersion:   Dev-VR (D7296918-1DD6-4BDD-9DE2-64A83CC13884): 3
LogDevObjectVersion:   Dev-LoadTimes (C2A15278-BFE7-4AFE-6C17-90FF531DF755): 1
LogDevObjectVersion:   Private-Geometry (6EACA3D4-40EC-4CC1-B786-8BED09428FC5): 3
LogDevObjectVersion:   Dev-AnimPhys (29E575DD-E0A3-4627-9D10-D276232CDCEA): 17
LogDevObjectVersion:   Dev-Anim (AF43A65D-7FD3-4947-9873-3E8ED9C1BB05): 7
LogDevObjectVersion:   Dev-ReflectionCapture (6B266CEC-1EC7-4B8F-A30B-E4D90942FC07): 1
LogDevObjectVersion:   Dev-Automation (0DF73D61-A23F-47EA-B727-89E90C41499A): 1
LogDevObjectVersion:   FortniteMain (601D1886-AC64-4F84-AA16-D3DE0DEAC7D6): 31
LogDevObjectVersion:   Dev-Enterprise (9DFFBCD6-494F-0158-E221-12823C92A888): 10
LogDevObjectVersion:   Dev-Niagara (F2AED0AC-9AFE-416F-8664-AA7FFA26D6FC): 1
LogDevObjectVersion:   Dev-Destruction (174F1F0B-B4C6-45A5-B13F-2EE8D0FB917D): 10
LogDevObjectVersion:   Dev-Physics-Ext (35F94A83-E258-406C-A318-09F59610247C): 37
LogDevObjectVersion:   Dev-PhysicsMaterial-Chaos (B68FC16E-8B1B-42E2-B453-215C058844FE): 1
LogDevObjectVersion:   Dev-CineCamera (B2E18506-4273-CFC2-A54E-F4BB758BBA07): 1
LogInit: Presizing for max 25165824 objects, including 0 objects not considered by GC, pre-allocating 0 bytes for permanent pool.
LogConfig: Applying CVar settings from Section [/Script/Engine.StreamingSettings] File [D:/CIU230/Previous Repo/DeathStrikes/DeathStrikes/Saved/Config/Windows/Engine.ini]
LogConfig: Setting CVar [[s.MinBulkDataSizeForAsyncLoading:131072]]
LogConfig: Setting CVar [[s.AsyncLoadingThreadEnabled:0]]
LogConfig: Setting CVar [[s.EventDrivenLoaderEnabled:1]]
LogConfig: Setting CVar [[s.WarnIfTimeLimitExceeded:0]]
LogConfig: Setting CVar [[s.TimeLimitExceededMultiplier:1.5]]
LogConfig: Setting CVar [[s.TimeLimitExceededMinTime:0.005]]
LogConfig: Setting CVar [[s.UseBackgroundLevelStreaming:1]]
LogConfig: Setting CVar [[s.PriorityAsyncLoadingExtraTime:15.0]]
LogConfig: Setting CVar [[s.LevelStreamingActorsUpdateTimeLimit:5.0]]
LogConfig: Setting CVar [[s.PriorityLevelStreamingActorsUpdateExtraTime:5.0]]
LogConfig: Setting CVar [[s.LevelStreamingComponentsRegistrationGranularity:10]]
LogConfig: Setting CVar [[s.UnregisterComponentsTimeLimit:1.0]]
LogConfig: Setting CVar [[s.LevelStreamingComponentsUnregistrationGranularity:5]]
LogConfig: Setting CVar [[s.FlushStreamingOnExit:1]]
LogInit: Object subsystem initialized
LogConfig: Setting CVar [[con.DebugEarlyDefault:1]]
LogConfig: Setting CVar [[r.setres:1280x720]]
[2021.03.20-08.17.21:788][  0]LogConfig: Setting CVar [[r.VSync:0]]
[2021.03.20-08.17.21:788][  0]LogConfig: Setting CVar [[r.RHICmdBypass:0]]
[2021.03.20-08.17.21:788][  0]LogConfig: Applying CVar settings from Section [/Script/Engine.RendererSettings] File [D:/CIU230/Previous Repo/DeathStrikes/DeathStrikes/Saved/Config/Windows/Engine.ini]
[2021.03.20-08.17.21:788][  0]LogConfig: Setting CVar [[r.GPUCrashDebugging:0]]
[2021.03.20-08.17.21:788][  0]LogConfig: Applying CVar settings from Section [/Script/Engine.RendererOverrideSettings] File [D:/CIU230/Previous Repo/DeathStrikes/DeathStrikes/Saved/Config/Windows/Engine.ini]
[2021.03.20-08.17.21:788][  0]LogConfig: Applying CVar settings from Section [/Script/Engine.StreamingSettings] File [D:/CIU230/Previous Repo/DeathStrikes/DeathStrikes/Saved/Config/Windows/Engine.ini]
[2021.03.20-08.17.21:789][  0]LogConfig: Setting CVar [[s.MinBulkDataSizeForAsyncLoading:131072]]
[2021.03.20-08.17.21:789][  0]LogConfig: Setting CVar [[s.AsyncLoadingThreadEnabled:0]]
[2021.03.20-08.17.21:789][  0]LogConfig: Setting CVar [[s.EventDrivenLoaderEnabled:1]]
[2021.03.20-08.17.21:789][  0]LogConfig: Setting CVar [[s.WarnIfTimeLimitExceeded:0]]
[2021.03.20-08.17.21:789][  0]LogConfig: Setting CVar [[s.TimeLimitExceededMultiplier:1.5]]
[2021.03.20-08.17.21:789][  0]LogConfig: Setting CVar [[s.TimeLimitExceededMinTime:0.005]]
[2021.03.20-08.17.21:789][  0]LogConfig: Setting CVar [[s.UseBackgroundLevelStreaming:1]]
[2021.03.20-08.17.21:789][  0]LogConfig: Setting CVar [[s.PriorityAsyncLoadingExtraTime:15.0]]
[2021.03.20-08.17.21:789][  0]LogConfig: Setting CVar [[s.LevelStreamingActorsUpdateTimeLimit:5.0]]
[2021.03.20-08.17.21:789][  0]LogConfig: Setting CVar [[s.PriorityLevelStreamingActorsUpdateExtraTime:5.0]]
[2021.03.20-08.17.21:789][  0]LogConfig: Setting CVar [[s.LevelStreamingComponentsRegistrationGranularity:10]]
[2021.03.20-08.17.21:789][  0]LogConfig: Setting CVar [[s.UnregisterComponentsTimeLimit:1.0]]
[2021.03.20-08.17.21:789][  0]LogConfig: Setting CVar [[s.LevelStreamingComponentsUnregistrationGranularity:5]]
[2021.03.20-08.17.21:789][  0]LogConfig: Setting CVar [[s.FlushStreamingOnExit:1]]
[2021.03.20-08.17.21:789][  0]LogConfig: Applying CVar settings from Section [/Script/Engine.GarbageCollectionSettings] File [D:/CIU230/Previous Repo/DeathStrikes/DeathStrikes/Saved/Config/Windows/Engine.ini]
[2021.03.20-08.17.21:789][  0]LogConfig: Setting CVar [[gc.MaxObjectsNotConsideredByGC:1]]
[2021.03.20-08.17.21:789][  0]LogConfig: Setting CVar [[gc.SizeOfPermanentObjectPool:0]]
[2021.03.20-08.17.21:789][  0]LogConfig: Setting CVar [[gc.FlushStreamingOnGC:0]]
[2021.03.20-08.17.21:789][  0]LogConfig: Setting CVar [[gc.NumRetriesBeforeForcingGC:10]]
[2021.03.20-08.17.21:789][  0]LogConfig: Setting CVar [[gc.AllowParallelGC:1]]
[2021.03.20-08.17.21:789][  0]LogConfig: Setting CVar [[gc.TimeBetweenPurgingPendingKillObjects:61.1]]
[2021.03.20-08.17.21:789][  0]LogConfig: Setting CVar [[gc.MaxObjectsInEditor:25165824]]
[2021.03.20-08.17.21:789][  0]LogConfig: Setting CVar [[gc.IncrementalBeginDestroyEnabled:1]]
[2021.03.20-08.17.21:789][  0]LogConfig: Setting CVar [[gc.CreateGCClusters:1]]
[2021.03.20-08.17.21:789][  0]LogConfig: Setting CVar [[gc.MinGCClusterSize:5]]
[2021.03.20-08.17.21:789][  0]LogConfig: Setting CVar [[gc.ActorClusteringEnabled:0]]
[2021.03.20-08.17.21:789][  0]LogConfig: Setting CVar [[gc.BlueprintClusteringEnabled:0]]
[2021.03.20-08.17.21:789][  0]LogConfig: Setting CVar [[gc.UseDisregardForGCOnDedicatedServers:0]]
[2021.03.20-08.17.21:789][  0]LogConfig: Applying CVar settings from Section [/Script/Engine.NetworkSettings] File [D:/CIU230/Previous Repo/DeathStrikes/DeathStrikes/Saved/Config/Windows/Engine.ini]
[2021.03.20-08.17.21:789][  0]LogConfig: Applying CVar settings from Section [/Script/UnrealEd.CookerSettings] File [D:/CIU230/Previous Repo/DeathStrikes/DeathStrikes/Saved/Config/Windows/Engine.ini]
[2021.03.20-08.17.21:792][  0]LogConfig: Applying CVar settings from Section [ViewDistanceQuality@3] File [D:/CIU230/Previous Repo/DeathStrikes/DeathStrikes/Saved/Config/Windows/Scalability.ini]
[2021.03.20-08.17.21:792][  0]LogConfig: Setting CVar [[r.SkeletalMeshLODBias:0]]
[2021.03.20-08.17.21:792][  0]LogConfig: Setting CVar [[r.ViewDistanceScale:1.0]]
[2021.03.20-08.17.21:792][  0]LogConfig: Applying CVar settings from Section [AntiAliasingQuality@3] File [D:/CIU230/Previous Repo/DeathStrikes/DeathStrikes/Saved/Config/Windows/Scalability.ini]
[2021.03.20-08.17.21:792][  0]LogConfig: Setting CVar [[r.PostProcessAAQuality:4]]
[2021.03.20-08.17.21:792][  0]LogConfig: Applying CVar settings from Section [ShadowQuality@3] File [D:/CIU230/Previous Repo/DeathStrikes/DeathStrikes/Saved/Config/Windows/Scalability.ini]
[2021.03.20-08.17.21:792][  0]LogConfig: Setting CVar [[r.LightFunctionQuality:1]]
[2021.03.20-08.17.21:792][  0]LogConfig: Setting CVar [[r.ShadowQuality:5]]
[2021.03.20-08.17.21:792][  0]LogConfig: Setting CVar [[r.Shadow.CSM.MaxCascades:10]]
[2021.03.20-08.17.21:792][  0]LogConfig: Setting CVar [[r.Shadow.MaxResolution:2048]]
[2021.03.20-08.17.21:792][  0]LogConfig: Setting CVar [[r.Shadow.MaxCSMResolution:2048]]
[2021.03.20-08.17.21:792][  0]LogConfig: Setting CVar [[r.Shadow.RadiusThreshold:0.01]]
[2021.03.20-08.17.21:792][  0]LogConfig: Setting CVar [[r.Shadow.DistanceScale:1.0]]
[2021.03.20-08.17.21:792][  0]LogConfig: Setting CVar [[r.Shadow.CSM.TransitionScale:1.0]]
[2021.03.20-08.17.21:792][  0]LogConfig: Setting CVar [[r.Shadow.PreShadowResolutionFactor:1.0]]
[2021.03.20-08.17.21:792][  0]LogConfig: Setting CVar [[r.DistanceFieldShadowing:1]]
[2021.03.20-08.17.21:792][  0]LogConfig: Setting CVar [[r.DistanceFieldAO:1]]
[2021.03.20-08.17.21:792][  0]LogConfig: Setting CVar [[r.AOQuality:2]]
[2021.03.20-08.17.21:792][  0]LogConfig: Setting CVar [[r.VolumetricFog:1]]
[2021.03.20-08.17.21:792][  0]LogConfig: Setting CVar [[r.VolumetricFog.GridPixelSize:8]]
[2021.03.20-08.17.21:792][  0]LogConfig: Setting CVar [[r.VolumetricFog.GridSizeZ:128]]
[2021.03.20-08.17.21:792][  0]LogConfig: Setting CVar [[r.VolumetricFog.HistoryMissSupersampleCount:4]]
[2021.03.20-08.17.21:792][  0]LogConfig: Setting CVar [[r.LightMaxDrawDistanceScale:1]]
[2021.03.20-08.17.21:792][  0]LogConfig: Setting CVar [[r.CapsuleShadows:1]]
[2021.03.20-08.17.21:792][  0]LogConfig: Applying CVar settings from Section [PostProcessQuality@3] File [D:/CIU230/Previous Repo/DeathStrikes/DeathStrikes/Saved/Config/Windows/Scalability.ini]
[2021.03.20-08.17.21:792][  0]LogConfig: Setting CVar [[r.MotionBlurQuality:4]]
[2021.03.20-08.17.21:792][  0]LogConfig: Setting CVar [[r.AmbientOcclusionMipLevelFactor:0.4]]
[2021.03.20-08.17.21:792][  0]LogConfig: Setting CVar [[r.AmbientOcclusionMaxQuality:100]]
[2021.03.20-08.17.21:792][  0]LogConfig: Setting CVar [[r.AmbientOcclusionLevels:-1]]
[2021.03.20-08.17.21:792][  0]LogConfig: Setting CVar [[r.AmbientOcclusionRadiusScale:1.0]]
[2021.03.20-08.17.21:792][  0]LogConfig: Setting CVar [[r.DepthOfFieldQuality:2]]
[2021.03.20-08.17.21:792][  0]LogConfig: Setting CVar [[r.RenderTargetPoolMin:400]]
[2021.03.20-08.17.21:792][  0]LogConfig: Setting CVar [[r.LensFlareQuality:2]]
[2021.03.20-08.17.21:792][  0]LogConfig: Setting CVar [[r.SceneColorFringeQuality:1]]
[2021.03.20-08.17.21:792][  0]LogConfig: Setting CVar [[r.EyeAdaptationQuality:2]]
[2021.03.20-08.17.21:792][  0]LogConfig: Setting CVar [[r.BloomQuality:5]]
[2021.03.20-08.17.21:792][  0]LogConfig: Setting CVar [[r.FastBlurThreshold:100]]
[2021.03.20-08.17.21:792][  0]LogConfig: Setting CVar [[r.Upscale.Quality:3]]
[2021.03.20-08.17.21:792][  0]LogConfig: Setting CVar [[r.Tonemapper.GrainQuantization:1]]
[2021.03.20-08.17.21:792][  0]LogConfig: Setting CVar [[r.LightShaftQuality:1]]
[2021.03.20-08.17.21:792][  0]LogConfig: Setting CVar [[r.Filter.SizeScale:1]]
[2021.03.20-08.17.21:792][  0]LogConfig: Setting CVar [[r.Tonemapper.Quality:5]]
[2021.03.20-08.17.21:792][  0]LogConfig: Setting CVar [[r.DOF.Gather.AccumulatorQuality:1        ; higher gathering accumulator quality]]
[2021.03.20-08.17.21:792][  0]LogConfig: Setting CVar [[r.DOF.Gather.PostfilterMethod:1          ; Median3x3 postfilering method]]
[2021.03.20-08.17.21:792][  0]LogConfig: Setting CVar [[r.DOF.Gather.EnableBokehSettings:0       ; no bokeh simulation when gathering]]
[2021.03.20-08.17.21:792][  0]LogConfig: Setting CVar [[r.DOF.Gather.RingCount:4                 ; medium number of samples when gathering]]
[2021.03.20-08.17.21:792][  0]LogConfig: Setting CVar [[r.DOF.Scatter.ForegroundCompositing:1    ; additive foreground scattering]]
[2021.03.20-08.17.21:792][  0]LogConfig: Setting CVar [[r.DOF.Scatter.BackgroundCompositing:2    ; additive background scattering]]
[2021.03.20-08.17.21:792][  0]LogConfig: Setting CVar [[r.DOF.Scatter.EnableBokehSettings:1      ; bokeh simulation when scattering]]
[2021.03.20-08.17.21:792][  0]LogConfig: Setting CVar [[r.DOF.Scatter.MaxSpriteRatio:0.1         ; only a maximum of 10% of scattered bokeh]]
[2021.03.20-08.17.21:792][  0]LogConfig: Setting CVar [[r.DOF.Recombine.Quality:1                ; cheap slight out of focus]]
[2021.03.20-08.17.21:792][  0]LogConfig: Setting CVar [[r.DOF.Recombine.EnableBokehSettings:0    ; no bokeh simulation on slight out of focus]]
[2021.03.20-08.17.21:792][  0]LogConfig: Setting CVar [[r.DOF.TemporalAAQuality:1                ; more stable temporal accumulation]]
[2021.03.20-08.17.21:793][  0]LogConfig: Setting CVar [[r.DOF.Kernel.MaxForegroundRadius:0.025]]
[2021.03.20-08.17.21:793][  0]LogConfig: Setting CVar [[r.DOF.Kernel.MaxBackgroundRadius:0.025]]
[2021.03.20-08.17.21:793][  0]LogConfig: Applying CVar settings from Section [TextureQuality@3] File [D:/CIU230/Previous Repo/DeathStrikes/DeathStrikes/Saved/Config/Windows/Scalability.ini]
[2021.03.20-08.17.21:793][  0]LogConfig: Setting CVar [[r.Streaming.MipBias:0]]
[2021.03.20-08.17.21:793][  0]LogConfig: Setting CVar [[r.Streaming.AmortizeCPUToGPUCopy:0]]
[2021.03.20-08.17.21:793][  0]LogConfig: Setting CVar [[r.Streaming.MaxNumTexturesToStreamPerFrame:0]]
[2021.03.20-08.17.21:793][  0]LogConfig: Setting CVar [[r.Streaming.Boost:1]]
[2021.03.20-08.17.21:793][  0]LogConfig: Setting CVar [[r.MaxAnisotropy:8]]
[2021.03.20-08.17.21:793][  0]LogConfig: Setting CVar [[r.VT.MaxAnisotropy:8]]
[2021.03.20-08.17.21:793][  0]LogConfig: Setting CVar [[r.Streaming.LimitPoolSizeToVRAM:0]]
[2021.03.20-08.17.21:793][  0]LogConfig: Setting CVar [[r.Streaming.PoolSize:1000]]
[2021.03.20-08.17.21:793][  0]LogConfig: Setting CVar [[r.Streaming.MaxEffectiveScreenSize:0]]
[2021.03.20-08.17.21:793][  0]LogConfig: Applying CVar settings from Section [EffectsQuality@3] File [D:/CIU230/Previous Repo/DeathStrikes/DeathStrikes/Saved/Config/Windows/Scalability.ini]
[2021.03.20-08.17.21:793][  0]LogConfig: Setting CVar [[r.TranslucencyLightingVolumeDim:64]]
[2021.03.20-08.17.21:793][  0]LogConfig: Setting CVar [[r.RefractionQuality:2]]
[2021.03.20-08.17.21:793][  0]LogConfig: Setting CVar [[r.SSR.Quality:3]]
[2021.03.20-08.17.21:793][  0]LogConfig: Setting CVar [[r.SSR.HalfResSceneColor:0]]
[2021.03.20-08.17.21:793][  0]LogConfig: Setting CVar [[r.SceneColorFormat:4]]
[2021.03.20-08.17.21:793][  0]LogConfig: Setting CVar [[r.DetailMode:2]]
[2021.03.20-08.17.21:793][  0]LogConfig: Setting CVar [[r.TranslucencyVolumeBlur:1]]
[2021.03.20-08.17.21:793][  0]LogConfig: Setting CVar [[r.MaterialQualityLevel:1 ; High quality]]
[2021.03.20-08.17.21:793][  0]LogConfig: Setting CVar [[r.SSS.Scale:1]]
[2021.03.20-08.17.21:793][  0]LogConfig: Setting CVar [[r.SSS.SampleSet:2]]
[2021.03.20-08.17.21:793][  0]LogConfig: Setting CVar [[r.SSS.Quality:1]]
[2021.03.20-08.17.21:793][  0]LogConfig: Setting CVar [[r.SSS.HalfRes:0]]
[2021.03.20-08.17.21:793][  0]LogConfig: Setting CVar [[r.SSGI.Quality:3]]
[2021.03.20-08.17.21:793][  0]LogConfig: Setting CVar [[r.EmitterSpawnRateScale:1.0]]
[2021.03.20-08.17.21:793][  0]LogConfig: Setting CVar [[r.ParticleLightQuality:2]]
[2021.03.20-08.17.21:793][  0]LogConfig: Setting CVar [[r.SkyAtmosphere.AerialPerspectiveLUT.FastApplyOnOpaque:1 ; Always have FastSkyLUT 1 in this case to avoid wrong sky]]
[2021.03.20-08.17.21:793][  0]LogConfig: Setting CVar [[r.SkyAtmosphere.AerialPerspectiveLUT.SampleCountPerSlice:1]]
[2021.03.20-08.17.21:793][  0]LogConfig: Setting CVar [[r.SkyAtmosphere.AerialPerspectiveLUT.DepthResolution:16.0]]
[2021.03.20-08.17.21:793][  0]LogConfig: Setting CVar [[r.SkyAtmosphere.FastSkyLUT:1]]
[2021.03.20-08.17.21:793][  0]LogConfig: Setting CVar [[r.SkyAtmosphere.FastSkyLUT.SampleCountMin:4.0]]
[2021.03.20-08.17.21:793][  0]LogConfig: Setting CVar [[r.SkyAtmosphere.FastSkyLUT.SampleCountMax:32.0]]
[2021.03.20-08.17.21:793][  0]LogConfig: Setting CVar [[r.SkyAtmosphere.SampleCountMin:4.0]]
[2021.03.20-08.17.21:793][  0]LogConfig: Setting CVar [[r.SkyAtmosphere.SampleCountMax:32.0]]
[2021.03.20-08.17.21:793][  0]LogConfig: Setting CVar [[r.SkyAtmosphere.TransmittanceLUT.UseSmallFormat:0]]
[2021.03.20-08.17.21:793][  0]LogConfig: Setting CVar [[r.SkyAtmosphere.TransmittanceLUT.SampleCount:10.0]]
[2021.03.20-08.17.21:793][  0]LogConfig: Setting CVar [[r.SkyAtmosphere.MultiScatteringLUT.SampleCount:15.0]]
[2021.03.20-08.17.21:793][  0]LogConfig: Applying CVar settings from Section [FoliageQuality@3] File [D:/CIU230/Previous Repo/DeathStrikes/DeathStrikes/Saved/Config/Windows/Scalability.ini]
[2021.03.20-08.17.21:793][  0]LogConfig: Setting CVar [[foliage.DensityScale:1.0]]
[2021.03.20-08.17.21:793][  0]LogConfig: Setting CVar [[grass.DensityScale:1.0]]
[2021.03.20-08.17.21:793][  0]LogConfig: Applying CVar settings from Section [ShadingQuality@3] File [D:/CIU230/Previous Repo/DeathStrikes/DeathStrikes/Saved/Config/Windows/Scalability.ini]
[2021.03.20-08.17.21:793][  0]LogConfig: Setting CVar [[r.HairStrands.SkyLighting.SampleCount:16]]
[2021.03.20-08.17.21:793][  0]LogConfig: Setting CVar [[r.HairStrands.SkyLighting.JitterIntegration:0]]
[2021.03.20-08.17.21:793][  0]LogConfig: Setting CVar [[r.HairStrands.SkyAO.SampleCount:16]]
[2021.03.20-08.17.21:793][  0]LogConfig: Setting CVar [[r.HairStrands.DeepShadow.SuperSampling:0]]
[2021.03.20-08.17.21:793][  0]LogConfig: Setting CVar [[r.HairStrands.VisibilityPPLL:0]]
[2021.03.20-08.17.21:793][  0]LogConfig: Setting CVar [[r.HairStrands.RasterizationScale:0.5]]
[2021.03.20-08.17.21:793][  0]LogConfig: Setting CVar [[r.HairStrands.VelocityRasterizationScale:1]]
[2021.03.20-08.17.21:793][  0]LogInit: Selected Device Profile: [Windows]
[2021.03.20-08.17.21:793][  0]LogInit: Applying CVar settings loaded from the selected device profile: [Windows]
[2021.03.20-08.17.21:793][  0]LogHAL: Display: Platform has ~ 16 GB [17113284608 / 17179869184 / 16], which maps to Larger [LargestMinGB=32, LargerMinGB=12, DefaultMinGB=8, SmallerMinGB=6, SmallestMinGB=0)
[2021.03.20-08.17.21:793][  0]LogInit: Going up to parent DeviceProfile []
[2021.03.20-08.17.21:793][  0]LogConfig: Applying CVar settings from Section [ViewDistanceQuality@1] File [D:/CIU230/Previous Repo/DeathStrikes/DeathStrikes/Saved/Config/Windows/Scalability.ini]
[2021.03.20-08.17.21:793][  0]LogConfig: Setting CVar [[r.SkeletalMeshLODBias:1]]
[2021.03.20-08.17.21:793][  0]LogConfig: Setting CVar [[r.ViewDistanceScale:0.6]]
[2021.03.20-08.17.21:793][  0]LogConfig: Applying CVar settings from Section [AntiAliasingQuality@1] File [D:/CIU230/Previous Repo/DeathStrikes/DeathStrikes/Saved/Config/Windows/Scalability.ini]
[2021.03.20-08.17.21:793][  0]LogConfig: Setting CVar [[r.PostProcessAAQuality:2]]
[2021.03.20-08.17.21:793][  0]LogConfig: Applying CVar settings from Section [ShadowQuality@1] File [D:/CIU230/Previous Repo/DeathStrikes/DeathStrikes/Saved/Config/Windows/Scalability.ini]
[2021.03.20-08.17.21:793][  0]LogConfig: Setting CVar [[r.LightFunctionQuality:1]]
[2021.03.20-08.17.21:793][  0]LogConfig: Setting CVar [[r.ShadowQuality:3]]
[2021.03.20-08.17.21:793][  0]LogConfig: Setting CVar [[r.Shadow.CSM.MaxCascades:1]]
[2021.03.20-08.17.21:793][  0]LogConfig: Setting CVar [[r.Shadow.MaxResolution:1024]]
[2021.03.20-08.17.21:793][  0]LogConfig: Setting CVar [[r.Shadow.MaxCSMResolution:1024]]
[2021.03.20-08.17.21:793][  0]LogConfig: Setting CVar [[r.Shadow.RadiusThreshold:0.05]]
[2021.03.20-08.17.21:793][  0]LogConfig: Setting CVar [[r.Shadow.DistanceScale:0.7]]
[2021.03.20-08.17.21:793][  0]LogConfig: Setting CVar [[r.Shadow.CSM.TransitionScale:0.25]]
[2021.03.20-08.17.21:793][  0]LogConfig: Setting CVar [[r.Shadow.PreShadowResolutionFactor:0.5]]
[2021.03.20-08.17.21:793][  0]LogConfig: Setting CVar [[r.DistanceFieldShadowing:0]]
[2021.03.20-08.17.21:793][  0]LogConfig: Setting CVar [[r.DistanceFieldAO:0]]
[2021.03.20-08.17.21:794][  0]LogConfig: Setting CVar [[r.VolumetricFog:0]]
[2021.03.20-08.17.21:794][  0]LogConfig: Setting CVar [[r.LightMaxDrawDistanceScale:.5]]
[2021.03.20-08.17.21:794][  0]LogConfig: Setting CVar [[r.CapsuleShadows:1]]
[2021.03.20-08.17.21:794][  0]LogConfig: Applying CVar settings from Section [PostProcessQuality@1] File [D:/CIU230/Previous Repo/DeathStrikes/DeathStrikes/Saved/Config/Windows/Scalability.ini]
[2021.03.20-08.17.21:794][  0]LogConfig: Setting CVar [[r.MotionBlurQuality:3]]
[2021.03.20-08.17.21:794][  0]LogConfig: Setting CVar [[r.AmbientOcclusionMipLevelFactor:1.0]]
[2021.03.20-08.17.21:794][  0]LogConfig: Setting CVar [[r.AmbientOcclusionMaxQuality:60]]
[2021.03.20-08.17.21:794][  0]LogConfig: Setting CVar [[r.AmbientOcclusionLevels:-1]]
[2021.03.20-08.17.21:794][  0]LogConfig: Setting CVar [[r.AmbientOcclusionRadiusScale:1.5]]
[2021.03.20-08.17.21:794][  0]LogConfig: Setting CVar [[r.DepthOfFieldQuality:1]]
[2021.03.20-08.17.21:794][  0]LogConfig: Setting CVar [[r.RenderTargetPoolMin:350]]
[2021.03.20-08.17.21:794][  0]LogConfig: Setting CVar [[r.LensFlareQuality:0]]
[2021.03.20-08.17.21:794][  0]LogConfig: Setting CVar [[r.SceneColorFringeQuality:0]]
[2021.03.20-08.17.21:794][  0]LogConfig: Setting CVar [[r.EyeAdaptationQuality:0]]
[2021.03.20-08.17.21:794][  0]LogConfig: Setting CVar [[r.BloomQuality:4]]
[2021.03.20-08.17.21:794][  0]LogConfig: Setting CVar [[r.FastBlurThreshold:2]]
[2021.03.20-08.17.21:794][  0]LogConfig: Setting CVar [[r.Upscale.Quality:2]]
[2021.03.20-08.17.21:794][  0]LogConfig: Setting CVar [[r.Tonemapper.GrainQuantization:0]]
[2021.03.20-08.17.21:794][  0]LogConfig: Setting CVar [[r.LightShaftQuality:0]]
[2021.03.20-08.17.21:794][  0]LogConfig: Setting CVar [[r.Filter.SizeScale:0.7]]
[2021.03.20-08.17.21:794][  0]LogConfig: Setting CVar [[r.Tonemapper.Quality:2]]
[2021.03.20-08.17.21:794][  0]LogConfig: Setting CVar [[r.DOF.Gather.AccumulatorQuality:0        ; lower gathering accumulator quality]]
[2021.03.20-08.17.21:794][  0]LogConfig: Setting CVar [[r.DOF.Gather.PostfilterMethod:2          ; Max3x3 postfilering method]]
[2021.03.20-08.17.21:794][  0]LogConfig: Setting CVar [[r.DOF.Gather.EnableBokehSettings:0       ; no bokeh simulation when gathering]]
[2021.03.20-08.17.21:794][  0]LogConfig: Setting CVar [[r.DOF.Gather.RingCount:3                 ; low number of samples when gathering]]
[2021.03.20-08.17.21:794][  0]LogConfig: Setting CVar [[r.DOF.Scatter.ForegroundCompositing:0    ; no foreground scattering]]
[2021.03.20-08.17.21:794][  0]LogConfig: Setting CVar [[r.DOF.Scatter.BackgroundCompositing:0    ; no foreground scattering]]
[2021.03.20-08.17.21:794][  0]LogConfig: Setting CVar [[r.DOF.Recombine.Quality:0                ; no slight out of focus]]
[2021.03.20-08.17.21:794][  0]LogConfig: Setting CVar [[r.DOF.TemporalAAQuality:0                ; faster temporal accumulation]]
[2021.03.20-08.17.21:794][  0]LogConfig: Setting CVar [[r.DOF.Kernel.MaxForegroundRadius:0.006   ; required because low gathering and no scattering and not looking great at 1080p]]
[2021.03.20-08.17.21:794][  0]LogConfig: Setting CVar [[r.DOF.Kernel.MaxBackgroundRadius:0.006   ; required because low gathering and no scattering and not looking great at 1080p]]
[2021.03.20-08.17.21:794][  0]LogConfig: Applying CVar settings from Section [TextureQuality@1] File [D:/CIU230/Previous Repo/DeathStrikes/DeathStrikes/Saved/Config/Windows/Scalability.ini]
[2021.03.20-08.17.21:794][  0]LogConfig: Setting CVar [[r.Streaming.MipBias:1]]
[2021.03.20-08.17.21:794][  0]LogConfig: Setting CVar [[r.Streaming.AmortizeCPUToGPUCopy:0]]
[2021.03.20-08.17.21:794][  0]LogConfig: Setting CVar [[r.Streaming.MaxNumTexturesToStreamPerFrame:0]]
[2021.03.20-08.17.21:794][  0]LogConfig: Setting CVar [[r.Streaming.Boost:1]]
[2021.03.20-08.17.21:794][  0]LogConfig: Setting CVar [[r.MaxAnisotropy:2]]
[2021.03.20-08.17.21:794][  0]LogConfig: Setting CVar [[r.VT.MaxAnisotropy:4]]
[2021.03.20-08.17.21:794][  0]LogConfig: Setting CVar [[r.Streaming.LimitPoolSizeToVRAM:1]]
[2021.03.20-08.17.21:794][  0]LogConfig: Setting CVar [[r.Streaming.PoolSize:600]]
[2021.03.20-08.17.21:794][  0]LogConfig: Setting CVar [[r.Streaming.MaxEffectiveScreenSize:0]]
[2021.03.20-08.17.21:794][  0]LogConfig: Applying CVar settings from Section [EffectsQuality@1] File [D:/CIU230/Previous Repo/DeathStrikes/DeathStrikes/Saved/Config/Windows/Scalability.ini]
[2021.03.20-08.17.21:794][  0]LogConfig: Setting CVar [[r.TranslucencyLightingVolumeDim:32]]
[2021.03.20-08.17.21:794][  0]LogConfig: Setting CVar [[r.RefractionQuality:0]]
[2021.03.20-08.17.21:794][  0]LogConfig: Setting CVar [[r.SSR.Quality:0]]
[2021.03.20-08.17.21:794][  0]LogConfig: Setting CVar [[r.SSR.HalfResSceneColor:1]]
[2021.03.20-08.17.21:794][  0]LogConfig: Setting CVar [[r.SceneColorFormat:3]]
[2021.03.20-08.17.21:794][  0]LogConfig: Setting CVar [[r.DetailMode:1]]
[2021.03.20-08.17.21:794][  0]LogConfig: Setting CVar [[r.TranslucencyVolumeBlur:0]]
[2021.03.20-08.17.21:794][  0]LogConfig: Setting CVar [[r.MaterialQualityLevel:2 ; Medium quality]]
[2021.03.20-08.17.21:794][  0]LogConfig: Setting CVar [[r.SSS.Scale:0.75]]
[2021.03.20-08.17.21:794][  0]LogConfig: Setting CVar [[r.SSS.SampleSet:0]]
[2021.03.20-08.17.21:794][  0]LogConfig: Setting CVar [[r.SSS.Quality:0]]
[2021.03.20-08.17.21:794][  0]LogConfig: Setting CVar [[r.SSS.HalfRes:1]]
[2021.03.20-08.17.21:794][  0]LogConfig: Setting CVar [[r.SSGI.Quality:1]]
[2021.03.20-08.17.21:794][  0]LogConfig: Setting CVar [[r.EmitterSpawnRateScale:0.25]]
[2021.03.20-08.17.21:794][  0]LogConfig: Setting CVar [[r.ParticleLightQuality:0]]
[2021.03.20-08.17.21:794][  0]LogConfig: Setting CVar [[r.SkyAtmosphere.AerialPerspectiveLUT.FastApplyOnOpaque:1 ; Always have FastSkyLUT 1 in this case to avoid wrong sky]]
[2021.03.20-08.17.21:794][  0]LogConfig: Setting CVar [[r.SkyAtmosphere.AerialPerspectiveLUT.SampleCountPerSlice:1]]
[2021.03.20-08.17.21:794][  0]LogConfig: Setting CVar [[r.SkyAtmosphere.AerialPerspectiveLUT.DepthResolution:16.0]]
[2021.03.20-08.17.21:794][  0]LogConfig: Setting CVar [[r.SkyAtmosphere.FastSkyLUT:1]]
[2021.03.20-08.17.21:794][  0]LogConfig: Setting CVar [[r.SkyAtmosphere.FastSkyLUT.SampleCountMin:4.0]]
[2021.03.20-08.17.21:794][  0]LogConfig: Setting CVar [[r.SkyAtmosphere.FastSkyLUT.SampleCountMax:32.0]]
[2021.03.20-08.17.21:794][  0]LogConfig: Setting CVar [[r.SkyAtmosphere.SampleCountMin:4.0]]
[2021.03.20-08.17.21:794][  0]LogConfig: Setting CVar [[r.SkyAtmosphere.SampleCountMax:32.0]]
[2021.03.20-08.17.21:794][  0]LogConfig: Setting CVar [[r.SkyAtmosphere.TransmittanceLUT.UseSmallFormat:0]]
[2021.03.20-08.17.21:794][  0]LogConfig: Setting CVar [[r.SkyAtmosphere.TransmittanceLUT.SampleCount:10.0]]
[2021.03.20-08.17.21:794][  0]LogConfig: Setting CVar [[r.SkyAtmosphere.MultiScatteringLUT.SampleCount:15.0]]
[2021.03.20-08.17.21:794][  0]LogConfig: Applying CVar settings from Section [FoliageQuality@1] File [D:/CIU230/Previous Repo/DeathStrikes/DeathStrikes/Saved/Config/Windows/Scalability.ini]
[2021.03.20-08.17.21:794][  0]LogConfig: Setting CVar [[foliage.DensityScale:0.4]]
[2021.03.20-08.17.21:794][  0]LogConfig: Setting CVar [[grass.DensityScale:0.4]]
[2021.03.20-08.17.21:794][  0]LogConfig: Applying CVar settings from Section [ShadingQuality@1] File [D:/CIU230/Previous Repo/DeathStrikes/DeathStrikes/Saved/Config/Windows/Scalability.ini]
[2021.03.20-08.17.21:794][  0]LogConfig: Setting CVar [[r.HairStrands.SkyLighting.SampleCount:16]]
[2021.03.20-08.17.21:794][  0]LogConfig: Setting CVar [[r.HairStrands.SkyLighting.JitterIntegration:0]]
[2021.03.20-08.17.21:794][  0]LogConfig: Setting CVar [[r.HairStrands.SkyAO.SampleCount:16]]
[2021.03.20-08.17.21:794][  0]LogConfig: Setting CVar [[r.HairStrands.DeepShadow.SuperSampling:0]]
[2021.03.20-08.17.21:794][  0]LogConfig: Setting CVar [[r.HairStrands.VisibilityPPLL:0]]
[2021.03.20-08.17.21:794][  0]LogConfig: Setting CVar [[r.HairStrands.RasterizationScale:0.5]]
[2021.03.20-08.17.21:794][  0]LogConfig: Setting CVar [[r.HairStrands.VelocityRasterizationScale:1]]
[2021.03.20-08.17.21:794][  0]LogConfig: Applying CVar settings from Section [Startup] File [../../../Engine/Config/ConsoleVariables.ini]
[2021.03.20-08.17.21:795][  0]LogConfig: Setting CVar [[net.UseAdaptiveNetUpdateFrequency:0]]
[2021.03.20-08.17.21:795][  0]LogConfig: Setting CVar [[p.chaos.AllowCreatePhysxBodies:1]]
[2021.03.20-08.17.21:795][  0]LogConfig: Setting CVar [[fx.SkipVectorVMBackendOptimizations:1]]
[2021.03.20-08.17.21:795][  0]LogConfig: Applying CVar settings from Section [ConsoleVariables] File [D:/CIU230/Previous Repo/DeathStrikes/DeathStrikes/Saved/Config/Windows/Engine.ini]
[2021.03.20-08.17.21:795][  0]LogInit: Computer: DESKTOP-PTMO0O7
[2021.03.20-08.17.21:795][  0]LogInit: User: marco
[2021.03.20-08.17.21:795][  0]LogInit: CPU Page size=4096, Cores=4
[2021.03.20-08.17.21:795][  0]LogInit: High frequency timer resolution =10.000000 MHz
[2021.03.20-08.17.21:795][  0]LogMemory: Memory total: Physical=15.9GB (16GB approx)
[2021.03.20-08.17.21:795][  0]LogMemory: Platform Memory Stats for Windows
[2021.03.20-08.17.21:795][  0]LogMemory: Process Physical Memory: 119.04 MB used, 119.05 MB peak
[2021.03.20-08.17.21:795][  0]LogMemory: Process Virtual Memory: 108.48 MB used, 108.48 MB peak
[2021.03.20-08.17.21:795][  0]LogMemory: Physical Memory: 7093.82 MB used,  9226.68 MB free, 16320.50 MB total
[2021.03.20-08.17.21:795][  0]LogMemory: Virtual Memory: 5157.74 MB used,  134212568.00 MB free, 134217728.00 MB total
[2021.03.20-08.17.21:803][  0]LogWindows: WindowsPlatformFeatures enabled
[2021.03.20-08.17.21:872][  0]LogInit: Physics initialised using underlying interface: PhysX
[2021.03.20-08.17.21:874][  0]LogInit: Using OS detected language (en-US).
[2021.03.20-08.17.21:874][  0]LogInit: Using OS detected locale (en-AU).
[2021.03.20-08.17.21:876][  0]LogTextLocalizationManager: No specific localization for 'en-US' exists, so the 'en' localization will be used.
[2021.03.20-08.17.22:052][  0]LogInit: Setting process to per monitor DPI aware
[2021.03.20-08.17.22:094][  0]LogSlate: New Slate User Created.  User Index 0, Is Virtual User: 0
[2021.03.20-08.17.22:094][  0]LogSlate: Slate User Registered.  User Index 0, Is Virtual User: 0
[2021.03.20-08.17.22:313][  0]LogHMD: Failed to initialize OpenVR with code 110
[2021.03.20-08.17.22:313][  0]LogD3D11RHI: D3D11 min allowed feature level: 11_0
[2021.03.20-08.17.22:313][  0]LogD3D11RHI: D3D11 max allowed feature level: 11_0
[2021.03.20-08.17.22:313][  0]LogD3D11RHI: D3D11 adapters:
[2021.03.20-08.17.22:442][  0]LogD3D11RHI:    0. 'NVIDIA GeForce GTX 1060 6GB' (Feature Level 11_0)
[2021.03.20-08.17.22:442][  0]LogD3D11RHI:       6052/0/8160 MB DedicatedVideo/DedicatedSystem/SharedSystem, Outputs:1, VendorId:0x10de
[2021.03.20-08.17.22:446][  0]LogD3D11RHI:    1. 'Microsoft Basic Render Driver' (Feature Level 11_0)
[2021.03.20-08.17.22:446][  0]LogD3D11RHI:       0/0/8160 MB DedicatedVideo/DedicatedSystem/SharedSystem, Outputs:0, VendorId:0x1414
[2021.03.20-08.17.22:446][  0]LogD3D11RHI: Chosen D3D11 Adapter: 0
[2021.03.20-08.17.22:453][  0]LogD3D11RHI: Creating new Direct3DDevice
[2021.03.20-08.17.22:454][  0]LogD3D11RHI:     GPU DeviceId: 0x1c03 (for the marketing name, search the web for "GPU Device Id")
[2021.03.20-08.17.22:454][  0]LogWindows: EnumDisplayDevices:
[2021.03.20-08.17.22:454][  0]LogWindows:    0. 'NVIDIA GeForce GTX 1060 6GB' (P:1 D:1)
[2021.03.20-08.17.22:454][  0]LogWindows:    1. 'NVIDIA GeForce GTX 1060 6GB' (P:0 D:0)
[2021.03.20-08.17.22:454][  0]LogWindows:    2. 'NVIDIA GeForce GTX 1060 6GB' (P:0 D:0)
[2021.03.20-08.17.22:454][  0]LogWindows:    3. 'NVIDIA GeForce GTX 1060 6GB' (P:0 D:0)
[2021.03.20-08.17.22:455][  0]LogWindows: DebugString: FoundDriverCount:4 
[2021.03.20-08.17.22:455][  0]LogD3D11RHI:     Adapter Name: NVIDIA GeForce GTX 1060 6GB
[2021.03.20-08.17.22:455][  0]LogD3D11RHI:   Driver Version: 461.72 (internal:27.21.14.6172, unified:461.72)
[2021.03.20-08.17.22:455][  0]LogD3D11RHI:      Driver Date: 2-23-2021
[2021.03.20-08.17.22:455][  0]LogRHI: Texture pool is 4236 MB (70% of 6052 MB)
[2021.03.20-08.17.22:548][  0]LogD3D11RHI: RHI has support for 64 bit atomics
[2021.03.20-08.17.22:548][  0]LogD3D11RHI: Async texture creation enabled
[2021.03.20-08.17.22:548][  0]LogD3D11RHI: Array index from any shader is supported
[2021.03.20-08.17.22:579][  0]LogD3D11RHI: GPU Timing Frequency: 1000.000000 (Debug: 2 1)
[2021.03.20-08.17.23:016][  0]LogTargetPlatformManager: Display: Loaded TargetPlatform 'AllDesktop'
[2021.03.20-08.17.23:038][  0]LogTargetPlatformManager: Display: Loaded TargetPlatform 'Android'
[2021.03.20-08.17.23:038][  0]LogTargetPlatformManager: Display: Loaded TargetPlatform 'Android_ASTC'
[2021.03.20-08.17.23:038][  0]LogTargetPlatformManager: Display: Loaded TargetPlatform 'Android_DXT'
[2021.03.20-08.17.23:038][  0]LogTargetPlatformManager: Display: Loaded TargetPlatform 'Android_ETC2'
[2021.03.20-08.17.23:038][  0]LogTargetPlatformManager: Display: Loaded TargetPlatform 'AndroidClient'
[2021.03.20-08.17.23:038][  0]LogTargetPlatformManager: Display: Loaded TargetPlatform 'Android_ASTCClient'
[2021.03.20-08.17.23:038][  0]LogTargetPlatformManager: Display: Loaded TargetPlatform 'Android_DXTClient'
[2021.03.20-08.17.23:038][  0]LogTargetPlatformManager: Display: Loaded TargetPlatform 'Android_ETC2Client'
[2021.03.20-08.17.23:038][  0]LogTargetPlatformManager: Display: Loaded TargetPlatform 'Android_Multi'
[2021.03.20-08.17.23:038][  0]LogTargetPlatformManager: Display: Loaded TargetPlatform 'Android_MultiClient'
[2021.03.20-08.17.23:061][  0]LogTargetPlatformManager: Display: Loaded TargetPlatform 'IOSClient'
[2021.03.20-08.17.23:062][  0]LogTargetPlatformManager: Display: Loaded TargetPlatform 'IOS'
[2021.03.20-08.17.23:071][  0]LogTargetPlatformManager: Display: Loaded TargetPlatform 'Linux'
[2021.03.20-08.17.23:080][  0]LogTargetPlatformManager: Display: Loaded TargetPlatform 'LinuxNoEditor'
[2021.03.20-08.17.23:091][  0]LogTargetPlatformManager: Display: Loaded TargetPlatform 'LinuxClient'
[2021.03.20-08.17.23:100][  0]LogTargetPlatformManager: Display: Loaded TargetPlatform 'LinuxServer'
[2021.03.20-08.17.23:109][  0]LogTargetPlatformManager: Display: Loaded TargetPlatform 'LinuxAArch64NoEditor'
[2021.03.20-08.17.23:117][  0]LogTargetPlatformManager: Display: Loaded TargetPlatform 'LinuxAArch64Client'
[2021.03.20-08.17.23:127][  0]LogTargetPlatformManager: Display: Loaded TargetPlatform 'LinuxAArch64Server'
[2021.03.20-08.17.23:157][  0]LogTargetPlatformManager: Display: Loaded TargetPlatform 'Lumin'
[2021.03.20-08.17.23:157][  0]LogTargetPlatformManager: Display: Loaded TargetPlatform 'LuminClient'
[2021.03.20-08.17.23:181][  0]LogTargetPlatformManager: Display: Loaded TargetPlatform 'TVOSClient'
[2021.03.20-08.17.23:181][  0]LogTargetPlatformManager: Display: Loaded TargetPlatform 'TVOS'
[2021.03.20-08.17.23:193][  0]LogTargetPlatformManager: Display: Loaded TargetPlatform 'WindowsNoEditor'
[2021.03.20-08.17.23:204][  0]LogTargetPlatformManager: Display: Loaded TargetPlatform 'Windows'
[2021.03.20-08.17.23:218][  0]LogTargetPlatformManager: Display: Loaded TargetPlatform 'WindowsClient'
[2021.03.20-08.17.23:227][  0]LogTargetPlatformManager: Display: Loaded TargetPlatform 'WindowsServer'
[2021.03.20-08.17.23:227][  0]LogTargetPlatformManager: Display: Building Assets For Windows
[2021.03.20-08.17.23:237][  0]LogAudioDebug: Display: Lib vorbis DLL was dynamically loaded.
[2021.03.20-08.17.23:304][  0]LogShaderCompilers: Guid format shader working directory is -19 characters bigger than the processId version (../../../../../../CIU230/Previous Repo/DeathStrikes/DeathStrikes/Intermediate/Shaders/WorkingDirectory/16152/).
[2021.03.20-08.17.23:304][  0]LogShaderCompilers: Cleaned the shader compiler working directory 'C:/Users/marco/AppData/Local/Temp/UnrealShaderWorkingDir/1DA03C7544D4EC7B17A842AFD2DAEA0B/'.
[2021.03.20-08.17.23:305][  0]LogXGEController: Cleaning working directory: C:/Users/marco/AppData/Local/Temp/UnrealXGEWorkingDir/
[2021.03.20-08.17.23:305][  0]LogXGEController: Cannot use XGE Controller as Incredibuild is not installed on this machine.
[2021.03.20-08.17.23:305][  0]LogShaderCompilers: Cannot use XGE Shader Compiler as Incredibuild is not installed on this machine.
[2021.03.20-08.17.23:305][  0]LogShaderCompilers: Display: Using Local Shader Compiler.
[2021.03.20-08.17.24:107][  0]LogDerivedDataCache: Display: Max Cache Size: 512 MB
[2021.03.20-08.17.24:163][  0]LogDerivedDataCache: Loaded boot cache 0.06s 76MB C:/Users/marco/AppData/Local/UnrealEngine/4.25/DerivedDataCache/Boot.ddc.
[2021.03.20-08.17.24:163][  0]LogDerivedDataCache: Display: Loaded Boot cache: C:/Users/marco/AppData/Local/UnrealEngine/4.25/DerivedDataCache/Boot.ddc
[2021.03.20-08.17.24:163][  0]LogDerivedDataCache: FDerivedDataBackendGraph:  Pak pak cache file ../../../../../../CIU230/Previous Repo/DeathStrikes/DeathStrikes/DerivedDataCache/DDC.ddp not found, will not use a pak cache.
[2021.03.20-08.17.24:163][  0]LogDerivedDataCache: Unable to find inner node Pak for hierarchical cache Hierarchy.
[2021.03.20-08.17.24:163][  0]LogDerivedDataCache: FDerivedDataBackendGraph:  CompressedPak pak cache file ../../../../../../CIU230/Previous Repo/DeathStrikes/DeathStrikes/DerivedDataCache/Compressed.ddp not found, will not use a pak cache.
[2021.03.20-08.17.24:163][  0]LogDerivedDataCache: Unable to find inner node CompressedPak for hierarchical cache Hierarchy.
[2021.03.20-08.17.24:173][  0]LogDerivedDataCache: Display: Pak cache opened for reading ../../../Engine/DerivedDataCache/Compressed.ddp.
[2021.03.20-08.17.24:173][  0]LogDerivedDataCache: FDerivedDataBackendGraph:  EnterprisePak pak cache file ../../../Enterprise/DerivedDataCache/Compressed.ddp not found, will not use a pak cache.
[2021.03.20-08.17.24:173][  0]LogDerivedDataCache: Unable to find inner node EnterprisePak for hierarchical cache Hierarchy.
[2021.03.20-08.17.24:174][  0]LogDerivedDataCache: Using Local data cache path C:/Users/marco/AppData/Local/UnrealEngine/Common/DerivedDataCache: Writable
[2021.03.20-08.17.24:174][  0]LogDerivedDataCache: Shared data cache path not found in *engine.ini, will not use an Shared cache.
[2021.03.20-08.17.24:174][  0]LogDerivedDataCache: Unable to find inner node Shared for hierarchical cache Hierarchy.
[2021.03.20-08.17.24:226][  0]LogSlate: Using FreeType 2.10.0
[2021.03.20-08.17.24:227][  0]LogSlate: SlateFontServices - WITH_FREETYPE: 1, WITH_HARFBUZZ: 1
[2021.03.20-08.17.24:258][  0]LogAssetRegistry: FAssetRegistry took 0.0027 seconds to start up
[2021.03.20-08.17.24:541][  0]LogInit: Selected Device Profile: [Windows]
[2021.03.20-08.17.24:671][  0]LogMeshReduction: Using QuadricMeshReduction for automatic static mesh reduction
[2021.03.20-08.17.24:671][  0]LogMeshReduction: Using SimplygonMeshReduction for automatic skeletal mesh reduction
[2021.03.20-08.17.24:671][  0]LogMeshReduction: Using ProxyLODMeshReduction for automatic mesh merging
[2021.03.20-08.17.24:671][  0]LogMeshReduction: No distributed automatic mesh merging module available
[2021.03.20-08.17.24:671][  0]LogMeshMerging: No distributed automatic mesh merging module available
[2021.03.20-08.17.24:687][  0]LogNetVersion: DeathStrikes 1.0.0, NetCL: 13144385, EngineNetVer: 14, GameNetVer: 0 (Checksum: 3077566668)
[2021.03.20-08.17.25:158][  0]LogAISub: UAISubsystem::UAISubsystem AISubsystem (000001683F5F2AC0), frame # 0
[2021.03.20-08.17.25:158][  0]LogAISub: UAISubsystem::UAISubsystem AIPerceptionSystem (000001683F59C680), frame # 0
[2021.03.20-08.17.25:159][  0]LogAISub: UAISubsystem::UAISubsystem EnvQueryManager (000001683F5CE000), frame # 0
[2021.03.20-08.17.25:272][  0]LogPackageLocalizationCache: Processed 19 localized package path(s) for 1 prioritized culture(s) in 0.107267 seconds
[2021.03.20-08.17.25:277][  0]LogUObjectArray: 15917 objects as part of root set at end of initial load.
[2021.03.20-08.17.25:277][  0]LogUObjectAllocator: 3965568 out of 0 bytes used by permanent object pool.
[2021.03.20-08.17.25:277][  0]LogUObjectArray: CloseDisregardForGC: 0/0 objects in disregard for GC pool
[2021.03.20-08.17.25:662][  0]LogTcpMessaging: Initializing TcpMessaging bridge
[2021.03.20-08.17.25:668][  0]LogUdpMessaging: Initializing bridge on interface 0.0.0.0:0 to multicast group 230.0.0.1:6666.
[2021.03.20-08.17.25:756][  0]SourceControl: Source control is disabled
[2021.03.20-08.17.25:756][  0]SourceControl: Source control is disabled
[2021.03.20-08.17.25:761][  0]SourceControl: Source control is disabled
[2021.03.20-08.17.25:764][  0]SourceControl: Source control is disabled
[2021.03.20-08.17.25:773][  0]SourceControl: Source control is disabled
[2021.03.20-08.17.26:062][  0]LogAndroidPermission: UAndroidPermissionCallbackProxy::GetInstance
[2021.03.20-08.17.26:083][  0]LogAudioCaptureCore: Display: No Audio Capture implementations found. Audio input will be silent.
[2021.03.20-08.17.26:084][  0]LogAudioCaptureCore: Display: No Audio Capture implementations found. Audio input will be silent.
[2021.03.20-08.17.26:138][  0]LogOcInput: OculusInput pre-init called
[2021.03.20-08.17.26:148][  0]LogWindows: Failed to load 'OVRPlugin.dll' (GetLastError=126)
[2021.03.20-08.17.26:148][  0]LogWindows: File 'OVRPlugin.dll' does not exist
[2021.03.20-08.17.26:212][  0]LogEngine: Initializing Engine...
[2021.03.20-08.17.26:213][  0]LogHMD: Failed to initialize OpenVR with code 110
[2021.03.20-08.17.26:213][  0]LogMagicLeap: Warning: VR disabled because ZI is not enabled.  To enable, in the editor, Edit -> Project Settings -> Plugins -> Magic Leap Plugin -> Enable Zero Iteration
[2021.03.20-08.17.26:214][  0]LogStats: UGameplayTagsManager::InitializeManager -  0.000 s
[2021.03.20-08.17.26:336][  0]LogInit: Initializing FReadOnlyCVARCache
[2021.03.20-08.17.26:344][  0]LogAIModule: Creating AISystem for world Untitled
[2021.03.20-08.17.26:344][  0]LogAISub: UAISubsystem::UAISubsystem EnvQueryManager (0000016843863C00), frame # 0
[2021.03.20-08.17.26:345][  0]LogAISub: UAISubsystem::UAISubsystem AIPerceptionSystem (00000168438DB240), frame # 0
[2021.03.20-08.17.26:370][  0]LogAudioMixer: Display: Audio Mixer Platform Settings:
[2021.03.20-08.17.26:370][  0]LogAudioMixer: Display: 	Sample Rate:						  48000
[2021.03.20-08.17.26:370][  0]LogAudioMixer: Display: 	Callback Buffer Frame Size Requested: 1024
[2021.03.20-08.17.26:370][  0]LogAudioMixer: Display: 	Callback Buffer Frame Size To Use:	  1024
[2021.03.20-08.17.26:370][  0]LogAudioMixer: Display: 	Number of buffers to queue:			  2
[2021.03.20-08.17.26:370][  0]LogAudioMixer: Display: 	Max Channels (voices):				  32
[2021.03.20-08.17.26:370][  0]LogAudioMixer: Display: 	Number of Async Source Workers:		  0
[2021.03.20-08.17.26:370][  0]LogAudio: Display: AudioDevice MaxSources: 32
[2021.03.20-08.17.26:370][  0]LogAudio: Display: Using built-in audio occlusion.
[2021.03.20-08.17.26:370][  0]LogAudioMixer: Display: Initializing audio mixer.
[2021.03.20-08.17.26:387][  0]LogAudioMixer: Display: 0: FrontLeft
[2021.03.20-08.17.26:387][  0]LogAudioMixer: Display: 1: FrontRight
[2021.03.20-08.17.26:443][  0]LogAudioMixer: Display: Using Audio Device Speakers (Realtek High Definition Audio)
[2021.03.20-08.17.26:449][  0]LogAudioMixer: Display: Initializing Sound Submixes...
[2021.03.20-08.17.26:451][  0]LogAudioMixer: Display: Creating Master Submix 'MasterSubmixDefault'
[2021.03.20-08.17.26:451][  0]LogAudioMixer: Display: Creating Master Submix 'MasterReverbSubmixDefault'
[2021.03.20-08.17.26:453][  0]LogAudioMixer: Display: Creating Master Submix 'MasterEQSubmixDefault'
[2021.03.20-08.17.26:454][  0]LogInit: FAudioDevice initialized.
[2021.03.20-08.17.26:454][  0]LogNetVersion: Set ProjectVersion to 1.0.0.0. Version Checksum will be recalculated on next use.
[2021.03.20-08.17.26:616][  0]LogDerivedDataCache: Saved boot cache 0.16s 76MB C:/Users/marco/AppData/Local/UnrealEngine/4.25/DerivedDataCache/Boot.ddc.
[2021.03.20-08.17.26:622][  0]LogInit: Texture streaming: Enabled
[2021.03.20-08.17.26:641][  0]LogEngineSessionManager: EngineSessionManager initialized
[2021.03.20-08.17.26:641][  0]LogEditorSessionSummary: Verbose: Initializing EditorSessionSummaryWriter for editor session tracking
[2021.03.20-08.17.26:645][  0]LogEditorSessionSummary: EditorSessionSummaryWriter initialized
[2021.03.20-08.17.26:721][  0]LogInit: Transaction tracking system initialized
[2021.03.20-08.17.26:745][  0]BlueprintLog: New page: Editor Load
[2021.03.20-08.17.26:818][  0]LocalizationService: Localization service is disabled
[2021.03.20-08.17.27:136][  0]LogCook: Display: Max memory allowance for cook 16384mb min free memory 0mb
[2021.03.20-08.17.27:137][  0]LogCook: Display: Mobile HDR setting 1
[2021.03.20-08.17.27:279][  0]LogFileCache: Scanning file cache for directory 'D:/CIU230/Previous Repo/DeathStrikes/DeathStrikes/Content/' took 0.05s
[2021.03.20-08.17.27:502][  0]SourceControl: Source control is disabled
[2021.03.20-08.17.27:502][  0]LogUnrealEdMisc: Loading editor; pre map load, took 7.949
[2021.03.20-08.17.27:502][  0]Cmd: MAP LOAD FILE="../../../../../../CIU230/Previous Repo/DeathStrikes/DeathStrikes/Content/ThirdPersonBP/Maps/ThirdPersonExampleMap.umap" TEMPLATE=0 SHOWPROGRESS=1 FEATURELEVEL=3
[2021.03.20-08.17.27:503][  0]LogEditorServer: Warning: Can't find file '../../../../../../CIU230/Previous Repo/DeathStrikes/DeathStrikes/Content/ThirdPersonBP/Maps/ThirdPersonExampleMap.umap'
[2021.03.20-08.17.27:503][  0]Cmd: MAP CHECKDEP NOCLEARLOG
[2021.03.20-08.17.27:503][  0]MapCheck: Map check complete: 0 Error(s), 0 Warning(s), took 0.096ms to complete.
[2021.03.20-08.17.27:503][  0]LogFileHelpers: Loading map 'ThirdPersonExampleMap' took 0.000
[2021.03.20-08.17.27:504][  0]LogUnrealEdMisc: Total Editor Startup Time, took 7.951
[2021.03.20-08.17.27:624][  0]LogSlate: Updating window title bar state: overlay mode, drag disabled, window buttons hidden, title bar hidden
[2021.03.20-08.17.27:631][  0]LogSlate: Updating window title bar state: overlay mode, drag disabled, window buttons hidden, title bar hidden
[2021.03.20-08.17.27:637][  0]LogSlate: Updating window title bar state: overlay mode, drag disabled, window buttons hidden, title bar hidden
[2021.03.20-08.17.27:643][  0]LogSlate: Updating window title bar state: overlay mode, drag disabled, window buttons hidden, title bar hidden
[2021.03.20-08.17.27:650][  0]LogCollectionManager: Loaded 0 collections in 0.000824 seconds
[2021.03.20-08.17.27:669][  0]LogFileCache: Scanning file cache for directory 'D:/CIU230/Previous Repo/DeathStrikes/DeathStrikes/Saved/Collections/' took 0.00s
[2021.03.20-08.17.27:669][  0]LogFileCache: Scanning file cache for directory 'D:/CIU230/Previous Repo/DeathStrikes/DeathStrikes/Content/Developers/marco/Collections/' took 0.00s
[2021.03.20-08.17.27:669][  0]LogFileCache: Scanning file cache for directory 'D:/CIU230/Previous Repo/DeathStrikes/DeathStrikes/Content/Collections/' took 0.00s
[2021.03.20-08.17.27:669][  0]LogContentBrowser: Native class hierarchy populated in 0.0115 seconds. Added 3427 classes and 821 folders.
[2021.03.20-08.17.27:671][  0]LogContentBrowser: Native class hierarchy updated for 'WidgetCarousel' in 0.0003 seconds. Added 0 classes and 0 folders.
[2021.03.20-08.17.27:756][  0]LogContentBrowser: Native class hierarchy updated for 'AddContentDialog' in 0.0003 seconds. Added 0 classes and 0 folders.
[2021.03.20-08.17.27:780][  0]LogSlate: Took 0.000228 seconds to synchronously load lazily loaded font '../../../Engine/Content/Slate/Fonts/Roboto-Regular.ttf' (155K)
[2021.03.20-08.17.27:785][  0]LogSlate: Took 0.000305 seconds to synchronously load lazily loaded font '../../../Engine/Content/Slate/Fonts/Roboto-Bold.ttf' (160K)
[2021.03.20-08.17.27:787][  0]LogSlate: Took 0.000234 seconds to synchronously load lazily loaded font '../../../Engine/Content/Editor/Slate/Fonts/FontAwesome.ttf' (139K)
[2021.03.20-08.17.27:842][  0]LogRenderer: Reallocating scene render targets to support 1136x564 Format 9 NumSamples 1 (Frame:1).
[2021.03.20-08.17.27:931][  0]LogContentBrowser: Native class hierarchy updated for 'HierarchicalLODOutliner' in 0.0075 seconds. Added 0 classes and 0 folders.
[2021.03.20-08.17.27:931][  0]LogLoad: (Engine Initialization) Total time: 8.38 seconds
[2021.03.20-08.17.27:931][  0]LogLoad: (Engine Initialization) Total Blueprint compile time: 0.00 seconds
[2021.03.20-08.17.27:995][  0]LogContentStreaming: Texture pool size now 600 MB
[2021.03.20-08.17.28:037][  0]LogSlate: Took 0.000219 seconds to synchronously load lazily loaded font '../../../Engine/Content/Slate/Fonts/Roboto-Light.ttf' (167K)
[2021.03.20-08.17.28:059][  1]LogFileCache: Retrieving MD5 hashes for directory 'D:/CIU230/Previous Repo/DeathStrikes/DeathStrikes/Content/' took 0.11s
[2021.03.20-08.17.28:153][  7]LogAssetRegistry: Asset discovery search completed in 3.8955 seconds
[2021.03.20-08.17.28:157][  7]LogCollectionManager: Fixed up redirectors for 0 collections in 0.000002 seconds (updated 0 objects)
[2021.03.20-08.17.29:485][ 11]LogSlate: Took 0.000203 seconds to synchronously load lazily loaded font '../../../Engine/Content/Slate/Fonts/Roboto-Light.ttf' (167K)
[2021.03.20-08.17.41:605][639]LogLinker: Warning: While loading '../../../../../../CIU230/Previous Repo/DeathStrikes/DeathStrikes/Content/ParagonGreystone/NotifyStates/Damage.uasset' failed to load '/Game/UI/EnemyHealthBar': Can't find file.
[2021.03.20-08.17.41:605][639]LogLinker: Warning: While loading '../../../../../../CIU230/Previous Repo/DeathStrikes/DeathStrikes/Content/ParagonGreystone/NotifyStates/Damage.uasset' failed to load '/Game/UI/EnemyHealthBar': Can't find file.
[2021.03.20-08.17.41:605][639]LogLinker: Warning: While loading '../../../../../../CIU230/Previous Repo/DeathStrikes/DeathStrikes/Content/ParagonGreystone/NotifyStates/Damage.uasset' failed to load '/Game/UI/EnemyHealthBar': Can't find file.
[2021.03.20-08.17.41:605][639]LogLinker: Warning: While loading '../../../../../../CIU230/Previous Repo/DeathStrikes/DeathStrikes/Content/ParagonGreystone/NotifyStates/Damage.uasset' failed to load '/Game/UI/EnemyHealthBar': Can't find file.
[2021.03.20-08.17.41:609][639]LogLinker: Warning: While loading '../../../../../../CIU230/Previous Repo/DeathStrikes/DeathStrikes/Content/ParagonGreystone/Characters/Heroes/Greystone/Animations/Attack_PrimaryA_Montage.uasset' failed to load '/Game/UI/EnemyHealthBar': Can't find file.
[2021.03.20-08.17.41:610][639]LogLinker: Warning: While loading '../../../../../../CIU230/Previous Repo/DeathStrikes/DeathStrikes/Content/ParagonGreystone/Characters/Heroes/Greystone/Animations/Attack_PrimaryA_Montage.uasset' failed to load '/Game/UI/EnemyHealthBar': Can't find file.
[2021.03.20-08.17.41:610][639]LogLinker: Warning: While loading '../../../../../../CIU230/Previous Repo/DeathStrikes/DeathStrikes/Content/ParagonGreystone/Characters/Heroes/Greystone/Animations/Attack_PrimaryA_Montage.uasset' failed to load '/Game/UI/EnemyHealthBar': Can't find file.
[2021.03.20-08.17.41:610][639]LogLinker: Warning: While loading '../../../../../../CIU230/Previous Repo/DeathStrikes/DeathStrikes/Content/ParagonGreystone/Characters/Heroes/Greystone/Animations/Attack_PrimaryA_Montage.uasset' failed to load '/Game/UI/EnemyHealthBar': Can't find file.
[2021.03.20-08.17.41:610][639]LogLinker: Warning: While loading '../../../../../../CIU230/Previous Repo/DeathStrikes/DeathStrikes/Content/ParagonGreystone/Characters/Heroes/Greystone/Animations/Attack_PrimaryA_Montage.uasset' failed to load '/Game/UI/EnemyHealthBar': Can't find file.
[2021.03.20-08.17.41:610][639]LogLinker: Warning: While loading '../../../../../../CIU230/Previous Repo/DeathStrikes/DeathStrikes/Content/ParagonGreystone/Characters/Heroes/Greystone/Animations/Attack_PrimaryA_Montage.uasset' failed to load '/Game/UI/EnemyHealthBar': Can't find file.
[2021.03.20-08.17.42:955][639]LogLinker: Warning: While loading '../../../../../../CIU230/Previous Repo/DeathStrikes/DeathStrikes/Content/ParagonCountess/Characters/Heroes/Countess/Animations/LevelStart_Montage.uasset' failed to load '/Game/ParagonShinbi/Characters/Heroes/Mudang/Animations/LevelStart': Can't find file.
[2021.03.20-08.17.42:955][639]LogLinker: Warning: While loading '../../../../../../CIU230/Previous Repo/DeathStrikes/DeathStrikes/Content/ParagonCountess/Characters/Heroes/Countess/Animations/LevelStart_Montage.uasset' failed to load '/Game/ParagonShinbi/Characters/Heroes/Mudang/Animations/LevelStart': Can't find file.
[2021.03.20-08.17.42:956][639]LogLinker: Warning: While loading '../../../../../../CIU230/Previous Repo/DeathStrikes/DeathStrikes/Content/ParagonCountess/Characters/Heroes/Countess/Animations/LevelStart_Montage.uasset' failed to load '/Game/ParagonShinbi/Characters/Heroes/Mudang/Animations/LevelStart': Can't find file.
[2021.03.20-08.17.42:956][639]LogLinker: Warning: While loading '../../../../../../CIU230/Previous Repo/DeathStrikes/DeathStrikes/Content/ParagonCountess/Characters/Heroes/Countess/Animations/LevelStart_Montage.uasset' failed to load '/Game/ParagonShinbi/Characters/Heroes/Mudang/Animations/LevelStart': Can't find file.
[2021.03.20-08.17.42:956][639]LogLinker: Warning: While loading '../../../../../../CIU230/Previous Repo/DeathStrikes/DeathStrikes/Content/ParagonCountess/Characters/Heroes/Countess/Animations/LevelStart_Montage.uasset' failed to load '/Game/ParagonShinbi/FX/Particles/Emotes/FX/P_Mudang_LevelStart_Heart': Can't find file.
[2021.03.20-08.17.42:956][639]LogLinker: Warning: While loading '../../../../../../CIU230/Previous Repo/DeathStrikes/DeathStrikes/Content/ParagonCountess/Characters/Heroes/Countess/Animations/LevelStart_Montage.uasset' failed to load '/Game/ParagonShinbi/FX/Particles/Emotes/FX/P_Mudang_LevelStart_Heart': Can't find file.
[2021.03.20-08.17.42:956][639]LogLinker: Warning: While loading '../../../../../../CIU230/Previous Repo/DeathStrikes/DeathStrikes/Content/ParagonCountess/Characters/Heroes/Countess/Animations/LevelStart_Montage.uasset' failed to load '/Game/ParagonShinbi/FX/Particles/Emotes/FX/P_Mudang_LevelStart_Heart': Can't find file.
[2021.03.20-08.17.42:956][639]LogLinker: Warning: While loading '../../../../../../CIU230/Previous Repo/DeathStrikes/DeathStrikes/Content/ParagonCountess/Characters/Heroes/Countess/Animations/LevelStart_Montage.uasset' failed to load '/Game/ParagonShinbi/FX/Particles/Emotes/FX/P_Mudang_LevelStart_Heart': Can't find file.
[2021.03.20-08.17.44:656][639]LogLinker: Warning: While loading '../../../../../../CIU230/Previous Repo/DeathStrikes/DeathStrikes/Content/ThirdPersonBP/Maps/GameLevel.umap' failed to load '/Game/ThirdPersonBP/Maps/GameLevel_BuiltData': Can't find file.
[2021.03.20-08.17.44:656][639]LogLinker: Warning: While loading '../../../../../../CIU230/Previous Repo/DeathStrikes/DeathStrikes/Content/ThirdPersonBP/Maps/GameLevel.umap' failed to load '/Game/ThirdPersonBP/Maps/GameLevel_BuiltData': Can't find file.
[2021.03.20-08.17.44:696][639]LogLinker: Warning: While loading '../../../../../../CIU230/Previous Repo/DeathStrikes/DeathStrikes/Content/ThirdPersonBP/Maps/GameLevel.umap' failed to load '/Game/ThirdPersonBP/Maps/GameLevel_BuiltData': Can't find file.
[2021.03.20-08.17.44:696][639]LogLinker: Warning: While loading '../../../../../../CIU230/Previous Repo/DeathStrikes/DeathStrikes/Content/ThirdPersonBP/Maps/GameLevel.umap' failed to load '/Game/ThirdPersonBP/Maps/GameLevel_BuiltData': Can't find file.
[2021.03.20-08.17.44:697][639]LogLinker: Warning: Failed to load '/Game/ThirdPersonBP/Maps/GameLevel_BuiltData': Can't find file.
[2021.03.20-08.17.44:697][639]LogLinker: Warning: Failed to load '/Game/ThirdPersonBP/Maps/GameLevel_BuiltData': Can't find file.
[2021.03.20-08.17.44:697][639]LogLinker: Warning: Failed to load '/Game/ThirdPersonBP/Maps/GameLevel_BuiltData': Can't find file.
[2021.03.20-08.17.44:697][639]LogLinker: Warning: Failed to load '/Game/ThirdPersonBP/Maps/GameLevel_BuiltData': Can't find file.
[2021.03.20-08.17.47:155][639]LogTexture: Display: Building textures: T_EyeIrisBaseColor_Example_2 (AutoDXT, 512X512)
[2021.03.20-08.17.47:155][639]LogTexture: Display: Building textures: T_Eye_Wet_Normal (BC5, 1024X1024)
[2021.03.20-08.17.47:155][639]LogTexture: Display: Building textures: T_EYE_NORMALS (BC5, 512X512)
[2021.03.20-08.17.47:155][639]LogTexture: Display: Building textures: T_Sphere_EYE_NORMALS (BC5, 1024X1024)
[2021.03.20-08.17.47:155][639]LogTexture: Display: Building textures: T_EyeScleraBaseColor_Example_2 (AutoDXT, 2048X2048)
[2021.03.20-08.17.47:155][639]LogTexture: Display: Building textures: T_FemaleHairSet01_Opacity (G8, 2048X2048)
[2021.03.20-08.17.47:155][639]LogTexture: Display: Building textures: T_EyeMidPlaneDisplacement_Example (RGBA16F, 1024X1024)
[2021.03.20-08.17.47:155][639]LogTexture: Display: Building textures: T_FemaleHairSet01_ID (G8, 2048X2048)
[2021.03.20-08.17.47:155][639]LogTexture: Display: Building textures: T_Count_hair_mask_demo (AutoDXT, 2048X2048)
[2021.03.20-08.17.47:155][639]LogTexture: Display: Building textures: T_CountessHair_Flow (BGRA8, 1024X1024)
[2021.03.20-08.17.47:155][639]LogTexture: Display: Building textures: T_FemaleHairSet01_Depth (G8, 2048X2048)
[2021.03.20-08.17.47:155][639]LogTexture: Display: Building textures: T_FemaleHairSet01_Roots (G8, 2048X2048)
[2021.03.20-08.17.47:155][639]LogTexture: Display: Building textures: T_HairClump02_Roots (G8, 2048X2048)
[2021.03.20-08.17.47:155][639]LogTexture: Display: Building textures: T_Count_Hair_DyeMask (BGRA8, 4096X4096)
[2021.03.20-08.17.47:157][639]LogLinker: Warning: While loading '../../../../../../CIU230/Previous Repo/DeathStrikes/DeathStrikes/Content/ThirdPersonBP/Maps/GameLevel.umap' failed to load '/Game/ThirdPersonBP/Maps/GameLevel_BuiltData': Can't find file.
[2021.03.20-08.17.47:238][639]LogTexture: Display: Building textures: T_HairClump02_ID (G8, 2048X2048)
[2021.03.20-08.17.47:238][639]LogTexture: Display: Building textures: T_HairClump02_DyeMask (AutoDXT, 2048X2048)
[2021.03.20-08.17.47:238][639]LoadErrors: Failed to load /Game/ThirdPersonBP/Maps/GameLevel_BuiltData.GameLevel_BuiltData Referenced by PersistentLevel
[2021.03.20-08.17.47:239][639]LogLinker: Warning: While loading '../../../../../../CIU230/Previous Repo/DeathStrikes/DeathStrikes/Content/ThirdPersonBP/Maps/GameLevel.umap' failed to load '/Game/ThirdPersonBP/Maps/GameLevel_BuiltData': Can't find file.
[2021.03.20-08.17.51:490][639]LogTexture: Display: Building textures: T_Caustics_2 (DXT1, 512X512)
[2021.03.20-08.17.51:490][639]LogTexture: Display: Building textures: T_gradient_stasis (AutoDXT, 256X256)
[2021.03.20-08.17.51:490][639]LogTexture: Display: Building textures: T_HairClump02_Depth (G8, 2048X2048)
[2021.03.20-08.17.51:490][639]LogTexture: Display: Building textures: T_HairClump02_Alpha (G8, 2048X2048)
[2021.03.20-08.17.51:490][639]LogTexture: Display: Building textures: T_TeethAndTongue_N (BC5, 1024X1024)
[2021.03.20-08.17.51:490][639]LogTexture: Display: Building textures: T_TeethAndTongue_D2 (AutoDXT, 1024X1024)
[2021.03.20-08.17.51:490][639]LogTexture: Display: Building textures: T_Master_Mouth_1_RGB (AutoDXT, 2048X2048)
[2021.03.20-08.17.51:490][639]LogTexture: Display: Building textures: T_Master_Mouth_1_N (BC5, 2048X2048)
[2021.03.20-08.17.51:490][639]LogTexture: Display: Building textures: T_Master_Mouth_1_COLOR (AutoDXT, 2048X2048)
[2021.03.20-08.17.51:490][639]LogTexture: Display: Building textures: T_Countess_Upper_body_normals_DEMO (BC5, 4096X4096)
[2021.03.20-08.17.51:490][639]LogTexture: Display: Building textures: T_Countess_Upper_body_Mask (AutoDXT, 4096X4096)
[2021.03.20-08.17.51:508][639]LogLinker: Warning: While loading '../../../../../../CIU230/Previous Repo/DeathStrikes/DeathStrikes/Content/ParagonCountess/Characters/Heroes/Countess/Animations/LevelStart_Montage.uasset' failed to load '/Game/ParagonShinbi/Characters/Heroes/Mudang/Animations/LevelStart': Can't find file.
[2021.03.20-08.17.51:508][639]LoadErrors: Failed to load /Game/ParagonShinbi/Characters/Heroes/Mudang/Animations/LevelStart.LevelStart Referenced by LevelStart_Montage
[2021.03.20-08.17.51:508][639]LogLinker: Warning: While loading '../../../../../../CIU230/Previous Repo/DeathStrikes/DeathStrikes/Content/ParagonCountess/Characters/Heroes/Countess/Animations/LevelStart_Montage.uasset' failed to load '/Game/ParagonShinbi/Characters/Heroes/Mudang/Animations/LevelStart': Can't find file.
[2021.03.20-08.17.51:509][639]LogLinker: Warning: While loading '../../../../../../CIU230/Previous Repo/DeathStrikes/DeathStrikes/Content/ParagonCountess/Characters/Heroes/Countess/Animations/LevelStart_Montage.uasset' failed to load '/Game/ParagonShinbi/Characters/Heroes/Mudang/Animations/LevelStart': Can't find file.
[2021.03.20-08.17.51:509][639]LogLinker: Warning: While loading '../../../../../../CIU230/Previous Repo/DeathStrikes/DeathStrikes/Content/ParagonCountess/Characters/Heroes/Countess/Animations/LevelStart_Montage.uasset' failed to load '/Game/ParagonShinbi/Characters/Heroes/Mudang/Animations/LevelStart': Can't find file.
[2021.03.20-08.17.51:509][639]LogLinker: Warning: While loading '../../../../../../CIU230/Previous Repo/DeathStrikes/DeathStrikes/Content/ParagonCountess/Characters/Heroes/Countess/Animations/LevelStart_Montage.uasset' failed to load '/Game/ParagonShinbi/FX/Particles/Emotes/FX/P_Mudang_LevelStart_Heart': Can't find file.
[2021.03.20-08.17.51:509][639]LoadErrors: Failed to load /Game/ParagonShinbi/FX/Particles/Emotes/FX/P_Mudang_LevelStart_Heart.P_Mudang_LevelStart_Heart Referenced by AnimNotify_PlayParticleEffect_0
[2021.03.20-08.17.51:510][639]LogLinker: Warning: While loading '../../../../../../CIU230/Previous Repo/DeathStrikes/DeathStrikes/Content/ParagonCountess/Characters/Heroes/Countess/Animations/LevelStart_Montage.uasset' failed to load '/Game/ParagonShinbi/FX/Particles/Emotes/FX/P_Mudang_LevelStart_Heart': Can't find file.
[2021.03.20-08.17.52:424][639]LogTexture: Display: Building textures: T_Countess_Upper_body_RGB (AutoDXT, 4096X4096)
[2021.03.20-08.17.52:854][639]LogAnimationCompression: Building Anim DDC data for AnimSequence /Game/ParagonGreystone/Characters/Heroes/Greystone/Animations/AimOffsets/Idle_AO_LD.Idle_AO_LD
[2021.03.20-08.18.03:365][639]LogAnimationCompression: Building Anim DDC data for AnimSequence /Game/ParagonGreystone/Characters/Heroes/Greystone/Animations/AimOffsets/Idle_AO_LC.Idle_AO_LC
[2021.03.20-08.18.03:365][639]LogTexture: Display: Building textures: EpicQuadPanorama_CC (RGBA16F, 7372X3686)
[2021.03.20-08.18.03:365][639]LogTexture: Display: Building textures: T_Countess_Sword_Holster_RGB (AutoDXT, 4096X4096)
[2021.03.20-08.18.03:365][639]LogTexture: Display: Building textures: T_Countess_Sword_holster_normals_DEMO (BC5, 4096X4096)
[2021.03.20-08.18.03:365][639]LogTexture: Display: Building textures: T_Countess_Sword_EmissiveMask_RGB (AutoDXT, 1024X1024)
[2021.03.20-08.18.03:365][639]LogTexture: Display: Building textures: T_Countess_Sword_Holster_Mask (AutoDXT, 4096X4096)
[2021.03.20-08.18.03:365][639]LogTexture: Display: Building textures: T_NoiseCracks_E (AutoDXT, 1024X1024)
[2021.03.20-08.18.03:365][639]LogTexture: Display: Building textures: T_Explosion_WarpMask (AutoDXT, 256X256)
[2021.03.20-08.18.03:365][639]LogTexture: Display: Building textures: T_Countess_Eye_D (AutoDXT, 2048X2048)
[2021.03.20-08.18.03:365][639]LogTexture: Display: Building textures: T_Blank_N (BC5, 128X128)
[2021.03.20-08.18.03:365][639]LogTexture: Display: Building textures: T_Countess_Head_shoulders_Mask (AutoDXT, 4096X4096)
[2021.03.20-08.18.03:365][639]LogTexture: Display: Building textures: T_Countess_Head_shoulders_normals_DEMO (BC5, 4096X4096)
[2021.03.20-08.18.03:480][639]LogTexture: Display: Building textures: T_Swirly_Noise_highContrast (AutoDXT, 1024X1024)
[2021.03.20-08.18.03:480][639]LogTexture: Display: Building textures: T_TestML_Mask (AutoDXT, 512X512)
[2021.03.20-08.18.03:855][639]LogTexture: Display: Building textures: T_AtmosphericCloudNoise03 (BGRA8, 2048X2048)
[2021.03.20-08.18.04:346][639]LogTexture: Display: Building textures: T_ML_FineRubber_N (BC5, 2048X2048)
[2021.03.20-08.18.04:346][639]LogTexture: Display: Building textures: T_AtmosphericCloudNoise01_N (BC5, 2048X2048)
[2021.03.20-08.18.04:956][639]LogTexture: Display: Building textures: T_Pore_Specular (AutoDXT, 1024X1024)
[2021.03.20-08.18.04:956][639]LogTexture: Display: Building textures: T_Countess_Head_shoulders_Color_00 (AutoDXT, 4096X4096)
[2021.03.20-08.18.05:302][639]LogTexture: Display: Building textures: T_Pore_Normals2 (BC5, 1024X1024)
[2021.03.20-08.18.05:302][639]LogTexture: Display: Building textures: T_AtmosphericCloudNoise01 (AutoDXT, 2048X2048)
[2021.03.20-08.18.11:182][639]LogTexture: Display: Building textures: T_Countess_Lower_body_RGB (AutoDXT, 4096X4096)
[2021.03.20-08.18.11:182][639]LogTexture: Display: Building textures: T_Countess_Lower_body_normals_DEMO (BC5, 4096X4096)
[2021.03.20-08.18.11:182][639]LogTexture: Display: Building textures: T_Countess_Lower_body_Mask (AutoDXT, 4096X4096)
[2021.03.20-08.18.11:182][639]LogTexture: Display: Building textures: T_ML_PlasticPattern05_N (BC5, 2048X2048)
[2021.03.20-08.18.11:182][639]LogTexture: Display: Building textures: T_ML_LatexTech_ClearCoat_Roughness (AutoDXT, 1024X1024)
[2021.03.20-08.18.11:182][639]LogTexture: Display: Building textures: T_ML_LatexTech (AutoDXT, 1024X1024)
[2021.03.20-08.18.11:182][639]LogTexture: Display: Building textures: T_PaintScratches (AutoDXT, 2048X2048)
[2021.03.20-08.18.11:182][639]LogTexture: Display: Building textures: T_ML_FineLeather01_N (BC5, 2048X2048)
[2021.03.20-08.18.11:501][639]LogTexture: Display: Building textures: T_Blue_Metal02 (AutoDXT, 2048X2048)
[2021.03.20-08.18.21:447][639]LogTexture: Display: Building textures: T_EyeOcclusion2 (G8, 512X512)
[2021.03.20-08.18.21:457][639]LogTexture: Display: Building textures: T_Black_Linear (AutoDXT, 32X32)
[2021.03.20-08.18.21:457][639]LogTexture: Display: Building textures: T_Countess_Lace_N (BC5, 512X512)
[2021.03.20-08.18.21:457][639]LogTexture: Display: Building textures: T_Countess_Lace_Alpha (AutoDXT, 512X512)
[2021.03.20-08.18.21:457][639]LogTexture: Display: Building textures: T_HeavyFabric02_N (BC5, 2048X2048)
[2021.03.20-08.18.21:457][639]LogTexture: Display: Building textures: T_GoldFabric01_N (BC5, 2048X2048)
[2021.03.20-08.18.21:457][639]LogTexture: Display: Building textures: T_Universal_Eyelashes_D (AutoDXT, 2048X2048)
[2021.03.20-08.18.21:457][639]LogTexture: Display: Building textures: T_Universal_Eyelashes_A (AutoDXT, 2048X2048)
[2021.03.20-08.18.21:457][639]LogTexture: Display: Building textures: Eye_Tearduct__normals2 (BC5, 2048X2048)
[2021.03.20-08.18.21:457][639]LogTexture: Display: Building textures: T_Greystone_Dragonlord_furColor (AutoDXT, 1024X1024)
[2021.03.20-08.18.21:457][639]LogTexture: Display: Building textures: T_Greystone_Emiss (AutoDXT, 4096X4096)
[2021.03.20-08.18.21:457][639]LogTexture: Display: Building textures: T_GradientLaser_M (AutoDXT, 1024X32)
[2021.03.20-08.18.21:457][639]LogTexture: Display: Building textures: T_Flat_normal (BC5, 256X256)
[2021.03.20-08.18.21:457][639]LogTexture: Display: Building textures: T_Greystone_Metal_Tiling_D (AutoDXT, 2048X2048)
[2021.03.20-08.18.21:457][639]LogTexture: Display: Building textures: T_Greystone_Dragonlord_Head_Torso_Color (AutoDXT, 4096X4096)
[2021.03.20-08.18.21:457][639]LogTexture: Display: Building textures: T_Dark_Metal_D_2 (AutoDXT, 2048X2048)
[2021.03.20-08.18.21:457][639]LogTexture: Display: Building textures: T_copper03 (AutoDXT, 512X512)
[2021.03.20-08.18.21:462][639]LogMaterial: Display: Missing cached shader map for material M_EyeRefractive_Glowing, compiling. 
[2021.03.20-08.18.21:804][639]LogTexture: Display: Building textures: T_Brushed_Copper_N (BC5, 2048X2048)
[2021.03.20-08.18.21:836][639]LogShaderCompilers: Display: Worker (1/5): shaders left to compile 163
[2021.03.20-08.18.21:836][639]LogShaderCompilers: Display: Worker (2/5): shaders left to compile 153
[2021.03.20-08.18.21:836][639]LogShaderCompilers: Display: Worker (3/5): shaders left to compile 143
[2021.03.20-08.18.21:836][639]LogShaderCompilers: Display: Worker (4/5): shaders left to compile 133
[2021.03.20-08.18.21:836][639]LogMaterial: Display: Missing cached shader map for material M_HairSheet_Master2, compiling. 
[2021.03.20-08.18.21:961][639]LogMaterial: Display: Missing cached shader map for material M_HairSheet_Master2, compiling. 
[2021.03.20-08.18.22:235][639]LogMaterial: Display: Missing cached shader map for material M_HairSheet_Master2, compiling. 
[2021.03.20-08.18.22:366][639]LogMaterial: Display: Missing cached shader map for material M_Mouth_Master, compiling. 
[2021.03.20-08.18.28:684][639]LogTexture: Display: Building textures: T_ImpactDust_01 (AutoDXT, 2048X2048)
[2021.03.20-08.18.28:684][639]LogTexture: Display: Building textures: T_FluidSmoke_04_Depth (AutoDXT, 2048X2048)
[2021.03.20-08.18.28:684][639]LogTexture: Display: Building textures: T_FluidSmoke_03_N (BC5, 2048X2048)
[2021.03.20-08.18.28:684][639]LogTexture: Display: Building textures: T_FluidSmoke_03_D (AutoDXT, 2048X2048)
[2021.03.20-08.18.28:684][639]LogTexture: Display: Building textures: T_Plasma_Wisps (AutoDXT, 4096X4096)
[2021.03.20-08.18.30:075][639]LogTexture: Display: Building textures: T_Spores_Tile (AutoDXT, 2048X2048)
[2021.03.20-08.18.30:075][639]LogTexture: Display: Building textures: T_Rock_Imposter_12x12_N (BC5, 2048X2048)
[2021.03.20-08.18.30:075][639]LogTexture: Display: Building textures: T_Rock_Imposter_12x12_D (AutoDXT, 2048X2048)
[2021.03.20-08.18.30:075][639]LogTexture: Display: Building textures: T_ML_FineLeather01 (AutoDXT, 2048X2048)
[2021.03.20-08.18.42:195][639]LogTexture: Display: Building textures: ThumbnailTexture (DXT1, 512X512)
[2021.03.20-08.18.42:195][639]LogTexture: Display: Building textures: T_Plasma_Wisps (AutoDXT, 4096X4096)
[2021.03.20-08.18.42:195][639]LogTexture: Display: Building textures: T_Turbulence_AdditiveWarp_Linear (BGRA8, 1024X1024)
[2021.03.20-08.18.42:195][639]LogTexture: Display: Building textures: T_Swirly_Noise (AutoDXT, 1024X1024)
[2021.03.20-08.18.42:195][639]LogTexture: Display: Building textures: T_SmokeBall_03_Perlin (AutoDXT, 1024X1024)
[2021.03.20-08.18.42:195][639]LogTexture: Display: Building textures: T_Inky_Smoke_Tile (AutoDXT, 1024X1024)
[2021.03.20-08.18.42:195][639]LogTexture: Display: Building textures: T_blue_sharp (AutoDXT, 512X512)
[2021.03.20-08.18.42:196][639]LogTexture: Display: Building textures: ThumbnailTexture (DXT1, 512X512)
[2021.03.20-08.18.42:196][639]LogTexture: Display: Building textures: T_EyeScleraBaseColor_Example_3 (AutoDXT, 2048X2048)
[2021.03.20-08.18.42:196][639]LogTexture: Display: Building textures: T_EyeIrisBaseColor_Example_5 (AutoDXT, 512X512)
[2021.03.20-08.18.42:196][639]LogTexture: Display: Building textures: T_DecalMask_Radial03 (G8, 512X512)
[2021.03.20-08.18.42:196][639]LogTexture: Warning: The data retrieved from the derived data cache for the texture Texture2D /Game/ParagonGreystone/Characters/Global/Eyes/Textures/T_Greystone_Corona_D.T_Greystone_Corona_D was invalid. The texture will be rebuild.
[2021.03.20-08.18.42:196][639]LogTexture: Display: Building textures: T_Greystone_Corona_D (AutoDXT, 2048X2048)
[2021.03.20-08.18.42:196][639]LogTexture: Display: Building textures: T_FemaleHairSet02_Roots (AutoDXT, 2048X2048)
[2021.03.20-08.18.42:196][639]LogTexture: Display: Building textures: T_FemaleHairSet02_Opacity (AutoDXT, 2048X2048)
[2021.03.20-08.18.42:196][639]LogTexture: Display: Building textures: T_FemaleHairSet02_ID (AutoDXT, 2048X2048)
[2021.03.20-08.18.42:196][639]LogTexture: Display: Building textures: T_FemaleHairSet02_Depth (AutoDXT, 2048X2048)
[2021.03.20-08.18.42:201][639]LogMaterial: Display: Missing cached shader map for material M_Countess_Torso, compiling. 
[2021.03.20-08.18.42:281][639]LogMaterial: Display: Missing cached shader map for material M_Countess_Sword_Holster, compiling. 
[2021.03.20-08.18.42:369][639]LogMaterial: Display: Missing cached shader map for material M_Countess_Skin3, compiling. 
[2021.03.20-08.18.42:992][639]LogTexture: Display: Building textures: T_Greystone_Rabbit_HairColor (AutoDXT, 1024X1024)
[2021.03.20-08.18.43:000][639]LogMaterial: Display: Missing cached shader map for material mat_basic, compiling. 
[2021.03.20-08.18.45:180][639]LogTexture: Display: Building textures: T_AnimalHairSet01_Root (G8, 2048X2048)
[2021.03.20-08.18.45:180][639]LogTexture: Display: Building textures: T_AnimalHairSet01_Opacity (G8, 2048X2048)
[2021.03.20-08.18.45:180][639]LogTexture: Display: Building textures: T_AnimalHairSet01_Depth (G8, 2048X2048)
[2021.03.20-08.18.45:180][639]LogTexture: Display: Building textures: T_AnimalHairSet01_ID (G8, 2048X2048)
[2021.03.20-08.18.45:180][639]LogTexture: Display: Building textures: T_Universal_Eyelashes_D (AutoDXT, 2048X2048)
[2021.03.20-08.18.45:180][639]LogTexture: Display: Building textures: T_Greystone_Head_Torso_Mask02 (AutoDXT, 4096X4096)
[2021.03.20-08.18.45:180][639]LogTexture: Display: Building textures: T_Greystone_Head_Torso_Mask01 (AutoDXT, 4096X4096)
[2021.03.20-08.18.45:180][639]LogTexture: Display: Building textures: T_Greystone_ShoulderArms_normals (BC5, 4096X4096)
[2021.03.20-08.18.50:143][639]LogTexture: Display: Building textures: T_Greystone_SwordShieldFurHair_RGB (AutoDXT, 4096X4096)
[2021.03.20-08.18.50:143][639]LogTexture: Display: Building textures: T_Greystone_SwordShieldFurHair_normals (BC5, 4096X4096)
[2021.03.20-08.18.50:143][639]LogTexture: Display: Building textures: T_Greystone_Shield_Mask01 (AutoDXT, 4096X4096)
[2021.03.20-08.18.50:143][639]LogTexture: Display: Building textures: T_Greystone_M_shield_EMask (AutoDXT, 4096X4096)
[2021.03.20-08.18.50:363][639]LogTexture: Display: Building textures: T_Greystone_ShoulderArms_Mask01 (AutoDXT, 4096X4096)
[2021.03.20-08.18.52:931][639]LogTexture: Display: Building textures: T_Rock_StoneMask (AutoDXT, 4096X4096)
[2021.03.20-08.18.52:932][639]LogTexture: Display: Building textures: T_Greystone_HairEffects_MASK (AutoDXT, 4096X4096)
[2021.03.20-08.18.52:932][639]LogTexture: Display: Building textures: T_Greystone_M_legs_EMask (AutoDXT, 4096X4096)
[2021.03.20-08.18.53:300][639]LogTexture: Display: Building textures: T_ML_Gold_Metal01 (AutoDXT, 2048X2048)
[2021.03.20-08.19.05:501][639]LogTexture: Display: Building textures: T_Greystone_Legs_Mask02 (AutoDXT, 4096X4096)
[2021.03.20-08.19.05:501][639]LogTexture: Display: Building textures: T_Greystone_Legs_Mask01 (AutoDXT, 4096X4096)
[2021.03.20-08.19.05:501][639]LogTexture: Display: Building textures: T_Greystone_Legs_Cloth_RGB (AutoDXT, 4096X4096)
[2021.03.20-08.19.05:501][639]LogTexture: Display: Building textures: T_Greystone_Legs_Cloth_normals (BC5, 4096X4096)
[2021.03.20-08.19.05:501][639]LogTexture: Display: Building textures: T_Rubber_2_N (BC5, 2048X2048)
[2021.03.20-08.19.05:501][639]LogTexture: Display: Building textures: T_UnpleasentGrime_D (AutoDXT, 2048X2048)
[2021.03.20-08.19.05:501][639]LogTexture: Display: Building textures: T_HeavyFabric02 (AutoDXT, 2048X2048)
[2021.03.20-08.19.05:501][639]LogTexture: Display: Building textures: T_Greystone_M_Flesh_head_EMask (AutoDXT, 4096X4096)
[2021.03.20-08.19.05:648][639]LogTexture: Display: Building textures: T_Greystone_ShoulderArms_Mask02 (AutoDXT, 4096X4096)
[2021.03.20-08.19.09:018][639]LogTexture: Display: Building textures: T_Greystone_ShoulderArms_RGB (AutoDXT, 4096X4096)
[2021.03.20-08.19.48:051][639]LogTexture: Display: Building textures: T_Greystone_Head_Torso_normals (BC5, 4096X4096)
[2021.03.20-08.19.48:051][639]LogTexture: Display: Building textures: T_Greystone_M_Flesh_Arms_EMask (AutoDXT, 4096X4096)
[2021.03.20-08.19.48:051][639]LogTexture: Display: Building textures: T_Greystone_Head_Torso_Spec (AutoDXT, 4096X4096)
[2021.03.20-08.19.48:051][639]LogTexture: Display: Building textures: T_Greystone_Head_Torso_Color (AutoDXT, 4096X4096)
[2021.03.20-08.19.48:052][639]LogTexture: Display: Building textures: T_Greystone_arms_EMask (AutoDXT, 4096X4096)
[2021.03.20-08.19.48:052][639]LogTexture: Display: Building textures: T_Vert_Gradient_Soft (AutoDXT, 32X1024)
[2021.03.20-08.19.48:052][639]LogTexture: Display: Building textures: T_Greystone_Head_Torso_RGB (AutoDXT, 4096X4096)
[2021.03.20-08.19.48:052][639]LogShaderCompilers: Display: Worker (4/5): shaders left to compile 1291
[2021.03.20-08.19.48:052][639]LogTexture: Display: Building textures: T_Greystone_Fbx_Default_Material_7_EMask (AutoDXT, 4096X4096)
[2021.03.20-08.19.48:052][639]LogShaderCompilers: Display: Worker (1/5): shaders left to compile 1281
[2021.03.20-08.19.48:052][639]LogTexture: Display: Building textures: T_CloudSmoke_WispInk_Chromashift_Tile (AutoDXT, 1024X1024)
[2021.03.20-08.19.48:052][639]LogTexture: Display: Building textures: T_TilingRock_A_D (AutoDXT, 2048X2048)
[2021.03.20-08.19.48:052][639]LogTexture: Display: Building textures: T_HadriansWall_RockFaceTiling_N (BC5, 2048X2048)
[2021.03.20-08.19.48:052][639]LogTexture: Display: Building textures: T_Plasma_Greystone_Seamless (AutoDXT, 1024X1024)
[2021.03.20-08.19.48:052][639]LogTexture: Display: Building textures: T_Greystone_M_Torso_EMask (AutoDXT, 4096X4096)
[2021.03.20-08.19.48:052][639]LogTexture: Display: Building textures: T_Gray_Flat_Black (AutoDXT, 2048X2048)
[2021.03.20-08.19.48:052][639]LogTexture: Display: Building textures: T_leather_02 (AutoDXT, 4096X4096)
[2021.03.20-08.19.48:052][639]LogTexture: Display: Building textures: T_Dark_Leather_N (BC5, 2048X2048)
[2021.03.20-08.19.48:052][639]LogShaderCompilers: Display: Worker (2/5): shaders left to compile 1271
[2021.03.20-08.19.48:052][639]LogShaderCompilers: Display: Worker (3/5): shaders left to compile 1261
[2021.03.20-08.19.48:939][639]LogTexture: Display: Building textures: T_Dark_Leather2_desat (AutoDXT, 2048X2048)
[2021.03.20-08.19.54:006][639]LogShaderCompilers: Display: Worker (4/5): shaders left to compile 1251
[2021.03.20-08.19.54:545][639]LogTexture: Display: Building textures: T_Synthetic_Leather01_D (AutoDXT, 2048X2048)
[2021.03.20-08.19.56:832][639]LogShaderCompilers: Display: Worker (1/5): shaders left to compile 1241
[2021.03.20-08.19.56:832][639]LogShaderCompilers: Display: Worker (2/5): shaders left to compile 1231
[2021.03.20-08.19.56:849][639]LogMaterial: Display: Missing cached shader map for material M_Greystone_arms, compiling. 
[2021.03.20-08.19.56:925][639]LogMaterial: Display: Missing cached shader map for material M_Eye_Occlusion, compiling. 
[2021.03.20-08.19.57:033][639]LogAnimationCompression: Building Anim DDC data for AnimSequence /Game/ParagonCountess/Characters/Heroes/Countess/Animations/Primary_Attack_B_Normal.Primary_Attack_B_Normal
[2021.03.20-08.19.57:033][639]LogAnimationCompression: Building Anim DDC data for AnimSequence /Game/ParagonCountess/Characters/Heroes/Countess/Animations/Primary_Attack_A_Normal.Primary_Attack_A_Normal
[2021.03.20-08.19.57:033][639]LogAnimationCompression: Building Anim DDC data for AnimSequence /Game/ParagonGreystone/Characters/Heroes/Greystone/Animations/Jog_Fwd_Start.Jog_Fwd_Start
[2021.03.20-08.19.57:033][639]LogAnimationCompression: Building Anim DDC data for AnimSequence /Game/ParagonCountess/Characters/Heroes/Countess/Animations/Primary_Attack_Normal.Primary_Attack_Normal
[2021.03.20-08.19.57:033][639]LogAnimationCompression: Building Anim DDC data for AnimSequence /Game/ParagonCountess/Characters/Heroes/Countess/Animations/Hitreact_Left.Hitreact_Left
[2021.03.20-08.19.57:034][639]LogAnimationCompression: Building Anim DDC data for AnimSequence /Game/ParagonGreystone/Characters/Heroes/Greystone/Animations/AimOffsets/Idle_AO_CD.Idle_AO_CD
[2021.03.20-08.19.57:094][639]LogSkeletalMesh: Building Skeletal Mesh Greystone...
[2021.03.20-08.19.57:592][639]LogShaderCompilers: Display: Worker (3/5): shaders left to compile 1434
[2021.03.20-08.19.57:592][639]LogAnimationCompression: Building Anim DDC data for AnimSequence /Game/ParagonGreystone/Characters/Heroes/Greystone/Animations/AimOffsets/Idle_AO_CU.Idle_AO_CU
[2021.03.20-08.19.57:592][639]LogSkeletalMesh: Built Skeletal Mesh [0.51s] /Game/ParagonGreystone/Characters/Heroes/Greystone/Meshes/Greystone.Greystone
[2021.03.20-08.19.57:908][639]LogMaterial: Display: Missing cached shader map for material M_Countess_Legs, compiling. 
[2021.03.20-08.19.57:991][639]LogMaterial: Display: Missing cached shader map for material M_Countess_Lace, compiling. 
[2021.03.20-08.19.58:061][639]LogMaterial: Display: Missing cached shader map for material M_Countess_Eyelashes_demo, compiling. 
[2021.03.20-08.19.58:172][639]LogMaterial: Display: Missing cached shader map for material M_TearLine, compiling. 
[2021.03.20-08.19.58:399][639]LogMaterial: Display: Missing cached shader map for material M_TearDuct_2, compiling. 
[2021.03.20-08.19.58:606][639]LogSkeletalMesh: Building Skeletal Mesh SM_Countess...
[2021.03.20-08.19.58:998][639]LogShaderCompilers: Display: Worker (4/5): shaders left to compile 2302
[2021.03.20-08.19.58:998][639]LogSkeletalMesh: Built Skeletal Mesh [0.39s] /Game/ParagonCountess/Characters/Heroes/Countess/Meshes/SM_Countess.SM_Countess
[2021.03.20-08.19.59:022][639]LogMaterial: Display: Missing cached shader map for material M_HairSheet_Master2, compiling. 
[2021.03.20-08.19.59:163][639]LogMaterial: Display: Missing cached shader map for material M_HairSheet_Master2, compiling. 
[2021.03.20-08.19.59:308][639]LogMaterial: Display: Missing cached shader map for material M_Greystone_Dragonlord_Torso, compiling. 
[2021.03.20-08.19.59:397][639]LogMaterial: Display: Missing cached shader map for material M_Greystone_Dragonlord_shield, compiling. 
[2021.03.20-08.19.59:487][639]LogMaterial: Display: Missing cached shader map for material M_Greystone_Dragonlord_legs, compiling. 
[2021.03.20-08.19.59:571][639]LogMaterial: Display: Missing cached shader map for material M_Greystone_Dragonlord_Flesh_head, compiling. 
[2021.03.20-08.19.59:658][639]LogMaterial: Display: Missing cached shader map for material M_Greystone_Dragonlord_arms, compiling. 
[2021.03.20-08.19.59:748][639]LogAnimationCompression: Building Anim DDC data for AnimSequence /Game/ParagonGreystone/Characters/Heroes/Greystone/Animations/AimOffsets/Idle_AO_LU.Idle_AO_LU
[2021.03.20-08.19.59:748][639]LogAnimationCompression: Building Anim DDC data for AnimSequence /Game/ParagonGreystone/Characters/Heroes/Greystone/Animations/AimOffsets/Idle_AO_RC.Idle_AO_RC
[2021.03.20-08.19.59:748][639]LogAnimationCompression: Building Anim DDC data for AnimSequence /Game/ParagonCountess/Characters/Heroes/Countess/Animations/Jog_Fwd_CircleLeft.Jog_Fwd_CircleLeft
[2021.03.20-08.19.59:748][639]LogAnimationCompression: Building Anim DDC data for AnimSequence /Game/ParagonGreystone/Characters/Heroes/Greystone/Animations/AimOffsets/Idle_AO_RD.Idle_AO_RD
[2021.03.20-08.19.59:748][639]LogAnimationCompression: Building Anim DDC data for AnimSequence /Game/ParagonGreystone/Characters/Heroes/Greystone/Animations/AimOffsets/Idle_AO_RU.Idle_AO_RU
[2021.03.20-08.19.59:748][639]LogAnimationCompression: Building Anim DDC data for AnimSequence /Game/ParagonGreystone/Characters/Heroes/Greystone/Animations/AimOffsets/Idle_AO_CC.Idle_AO_CC
[2021.03.20-08.19.59:749][639]LogSkeletalMesh: Building Skeletal Mesh Greystone_Dragonlord...
[2021.03.20-08.20.00:119][639]LogAnimationCompression: Building Anim DDC data for AnimSequence /Game/ParagonGreystone/Characters/Heroes/Greystone/Animations/Jog_Downhill_Fwd.Jog_Downhill_Fwd
[2021.03.20-08.20.00:119][639]LogAnimationCompression: Building Anim DDC data for AnimSequence /Game/ParagonGreystone/Characters/Heroes/Greystone/Animations/Jog_Fwd.Jog_Fwd
[2021.03.20-08.20.00:119][639]LogAnimationCompression: Building Anim DDC data for AnimSequence /Game/ParagonGreystone/Characters/Heroes/Greystone/Animations/Jog_Fwd_Circle_Left.Jog_Fwd_Circle_Left
[2021.03.20-08.20.00:119][639]LogAnimationCompression: Building Anim DDC data for AnimSequence /Game/ParagonGreystone/Characters/Heroes/Greystone/Animations/Jog_Fwd_Circle_Right.Jog_Fwd_Circle_Right
[2021.03.20-08.20.00:119][639]LogAnimationCompression: Building Anim DDC data for AnimSequence /Game/ParagonGreystone/Characters/Heroes/Greystone/Animations/Jog_Uphill_Fwd.Jog_Uphill_Fwd
[2021.03.20-08.20.00:119][639]LogSkeletalMesh: Built Skeletal Mesh [0.37s] /Game/ParagonGreystone/Characters/Heroes/Greystone/Skins/Dragonlord/Meshes/Greystone_Dragonlord.Greystone_Dragonlord
[2021.03.20-08.20.00:301][639]LogAnimationCompression: Building Anim DDC data for AnimSequence /Game/ParagonGreystone/Characters/Heroes/Greystone/Animations/Jog_Fwd_Stop.Jog_Fwd_Stop
[2021.03.20-08.20.00:301][639]LogMaterial: Display: Missing cached shader map for material M_Greystone_Smoke_Cheaper, compiling. 
[2021.03.20-08.20.00:379][639]LogMaterial: Display: Missing cached shader map for material M_Plasma_Keyhole, compiling. 
[2021.03.20-08.20.00:399][639]LogMaterial: Display: Missing cached shader map for material M_ImposterRock_Translucent_MASTER, compiling. 
[2021.03.20-08.20.00:613][639]LogMaterial: Display: Missing cached shader map for material M_Countess_ImpactFlare, compiling. 
[2021.03.20-08.20.00:697][639]LogMaterial: Display: Missing cached shader map for material M_DarkeningCard_Circular, compiling. 
[2021.03.20-08.20.00:715][639]LogMaterial: Display: Missing cached shader map for material M_Turbulent_SmokeSubUV_RandomColorVaration, compiling. 
[2021.03.20-08.20.00:734][639]LogMaterial: Display: Missing cached shader map for material M_Turbulent_SmokeSubUV_RandomColorVaration, compiling. 
[2021.03.20-08.20.00:753][639]LogMaterial: Display: Missing cached shader map for material M_hardSpark_Alpha_GPU_Random, compiling. 
[2021.03.20-08.20.00:874][639]LogMaterial: Display: Missing cached shader map for material M_EyeRefractive, compiling. 
[2021.03.20-08.20.01:023][639]LogMaterial: Display: Missing cached shader map for material M_TearDuct_2, compiling. 
[2021.03.20-08.20.01:155][639]LogMaterial: Display: Missing cached shader map for material M_EyelashMaster, compiling. 
[2021.03.20-08.20.01:278][639]LogShaderCompilers: Display: Worker (1/5): shaders left to compile 4023
[2021.03.20-08.20.01:285][639]LogMaterial: Display: Missing cached shader map for material M_Greystone_Torso, compiling. 
[2021.03.20-08.20.01:367][639]LogMaterial: Display: Missing cached shader map for material M_Greystone_shield, compiling. 
[2021.03.20-08.20.01:456][639]LogMaterial: Display: Missing cached shader map for material M_Greystone_RockHair, compiling. 
[2021.03.20-08.20.01:879][639]LogTexture: Display: Building textures: T_Rubber_2 (AutoDXT, 2048X2048)
[2021.03.20-08.20.04:195][639]LogShaderCompilers: Display: Worker (2/5): shaders left to compile 4495
[2021.03.20-08.20.04:216][639]LogMaterial: Display: Missing cached shader map for material M_Greystone_legs, compiling. 
[2021.03.20-08.20.04:541][639]LogMaterial: Display: Missing cached shader map for material M_Greystone_Flesh_head, compiling. 
[2021.03.20-08.20.04:667][639]LogMaterial: Display: Missing cached shader map for material M_Greystone_Flesh_Arms, compiling. 
